[ 2019-09-23T14:34:41+08:00 ] 127.0.0.1 /HouseR/Home/rent
INFO: [ app_init ] --START--
INFO: Run Behavior\BuildLiteBehavior [ RunTime:0.000012s ]
INFO: [ app_init ] --END-- [ RunTime:0.269042s ]
INFO: [ app_begin ] --START--
INFO: Run Behavior\ReadHtmlCacheBehavior [ RunTime:0.260501s ]
INFO: [ app_begin ] --END-- [ RunTime:0.260545s ]
SQL: SHOW COLUMNS FROM `house` [ RunTime:0.0641s ]
SQL: SELECT COUNT(*) AS tp_count FROM `house` INNER JOIN image INNER JOIN city INNER JOIN city c ON image.`house_id`=house.`id` AND image.`top`=1 AND city.`id`=house.`city` AND c.`id`=house.`location`  WHERE `city` = 3 AND `status` = 1 LIMIT 1   [ RunTime:0.4072s ]
SQL: SELECT house.*,image.path,city.cityname,c.cityname AS locationName FROM `house` INNER JOIN image INNER JOIN city INNER JOIN city c ON image.`house_id`=house.`id` AND image.`top`=1 AND city.`id`=house.`city` AND c.`id`=house.`location`  WHERE `city` = 3 AND `status` = 1 ORDER BY `add_time` DESC LIMIT 0,2   [ RunTime:0.0013s ]
SQL: SHOW COLUMNS FROM `city` [ RunTime:0.0308s ]
SQL: SELECT * FROM `city` WHERE ( pid=3 )  [ RunTime:0.0003s ]
SQL: SELECT * FROM `city` WHERE ( type=2 )  [ RunTime:0.0002s ]
INFO: [ view_parse ] --START--
INFO: [ template_filter ] --START--
INFO: Run Behavior\ContentReplaceBehavior [ RunTime:0.213672s ]
INFO: [ template_filter ] --END-- [ RunTime:0.213713s ]
NOTIC: [2] Illegal string offset 'title' D:\xampp\htdocs\HouseR\Application\Runtime\Cache\Home\b29b1e167bb03e3f834dcac5acf96283.php 第 155 行.
NOTIC: [2] Illegal string offset 'data' D:\xampp\htdocs\HouseR\Application\Runtime\Cache\Home\b29b1e167bb03e3f834dcac5acf96283.php 第 157 行.
NOTIC: [2] Illegal string offset 'livingrooms' D:\xampp\htdocs\HouseR\Application\Runtime\Cache\Home\b29b1e167bb03e3f834dcac5acf96283.php 第 157 行.
NOTIC: [2] Illegal string offset 'rooms' D:\xampp\htdocs\HouseR\Application\Runtime\Cache\Home\b29b1e167bb03e3f834dcac5acf96283.php 第 157 行.
NOTIC: [2] Illegal string offset 'address' D:\xampp\htdocs\HouseR\Application\Runtime\Cache\Home\b29b1e167bb03e3f834dcac5acf96283.php 第 158 行.
INFO: Run Behavior\ParseTemplateBehavior [ RunTime:1.982001s ]
INFO: [ view_parse ] --END-- [ RunTime:1.982116s ]
INFO: [ view_filter ] --START--
INFO: Run Behavior\WriteHtmlCacheBehavior [ RunTime:0.093870s ]
INFO: [ view_filter ] --END-- [ RunTime:0.093924s ]
INFO: [ app_end ] --START--
INFO: Run Behavior\ShowPageTraceBehavior [ RunTime:0.062866s ]
INFO: [ app_end ] --END-- [ RunTime:0.062931s ]

[ 2019-09-23T14:34:57+08:00 ] 127.0.0.1 /HouseR/Home/rent/get_message
INFO: [ app_init ] --START--
INFO: Run Behavior\BuildLiteBehavior [ RunTime:0.000020s ]
INFO: [ app_init ] --END-- [ RunTime:0.000956s ]
INFO: [ app_begin ] --START--
INFO: Run Behavior\ReadHtmlCacheBehavior [ RunTime:0.002470s ]
INFO: [ app_begin ] --END-- [ RunTime:0.002529s ]
SQL: SHOW COLUMNS FROM `message` [ RunTime:0.3434s ]
ERR: 1064:You have an error in your SQL syntax; check the manual that corresponds to your MariaDB server version for the right syntax to use near 'AND isRead=0 ) LIMIT 1' at line 1
 [ SQL语句 ] : SELECT COUNT(*) AS tp_count FROM `message` WHERE ( r_id= AND isRead=0 ) LIMIT 1  
ERR: 1064:You have an error in your SQL syntax; check the manual that corresponds to your MariaDB server version for the right syntax to use near 'AND isRead=0 ) LIMIT 1' at line 1
 [ SQL语句 ] : SELECT COUNT(*) AS tp_count FROM `message` WHERE ( r_id= AND isRead=0 ) LIMIT 1  

[ 2019-09-23T14:34:57+08:00 ] 127.0.0.1 /HouseR/Home/index
INFO: [ app_init ] --START--
INFO: Run Behavior\BuildLiteBehavior [ RunTime:0.000017s ]
INFO: [ app_init ] --END-- [ RunTime:0.001697s ]
INFO: [ app_begin ] --START--
INFO: Run Behavior\ReadHtmlCacheBehavior [ RunTime:0.002435s ]
INFO: [ app_begin ] --END-- [ RunTime:0.002501s ]
INFO: [ view_parse ] --START--
INFO: [ template_filter ] --START--
INFO: Run Behavior\ContentReplaceBehavior [ RunTime:0.000040s ]
INFO: [ template_filter ] --END-- [ RunTime:0.000137s ]
INFO: Run Behavior\ParseTemplateBehavior [ RunTime:0.279259s ]
INFO: [ view_parse ] --END-- [ RunTime:0.279326s ]
INFO: [ view_filter ] --START--
INFO: Run Behavior\WriteHtmlCacheBehavior [ RunTime:0.001551s ]
INFO: [ view_filter ] --END-- [ RunTime:0.001761s ]
INFO: [ app_end ] --START--
INFO: Run Behavior\ShowPageTraceBehavior [ RunTime:0.002126s ]
INFO: [ app_end ] --END-- [ RunTime:0.002307s ]

[ 2019-09-23T14:35:03+08:00 ] 127.0.0.1 /HouseR/Home/rent/index
INFO: [ app_init ] --START--
INFO: Run Behavior\BuildLiteBehavior [ RunTime:0.000020s ]
INFO: [ app_init ] --END-- [ RunTime:0.001122s ]
INFO: [ app_begin ] --START--
INFO: Run Behavior\ReadHtmlCacheBehavior [ RunTime:0.002540s ]
INFO: [ app_begin ] --END-- [ RunTime:0.002600s ]
SQL: SHOW COLUMNS FROM `house` [ RunTime:0.1050s ]
SQL: SELECT COUNT(*) AS tp_count FROM `house` INNER JOIN image INNER JOIN city INNER JOIN city c ON image.`house_id`=house.`id` AND image.`top`=1 AND city.`id`=house.`city` AND c.`id`=house.`location`  WHERE `city` = 3 AND `status` = 1 LIMIT 1   [ RunTime:0.0014s ]
SQL: SELECT house.*,image.path,city.cityname,c.cityname AS locationName FROM `house` INNER JOIN image INNER JOIN city INNER JOIN city c ON image.`house_id`=house.`id` AND image.`top`=1 AND city.`id`=house.`city` AND c.`id`=house.`location`  WHERE `city` = 3 AND `status` = 1 ORDER BY `add_time` DESC LIMIT 0,2   [ RunTime:0.0016s ]
SQL: SHOW COLUMNS FROM `city` [ RunTime:0.0817s ]
SQL: SELECT * FROM `city` WHERE ( pid=3 )  [ RunTime:0.0003s ]
SQL: SELECT * FROM `city` WHERE ( type=2 )  [ RunTime:0.0003s ]
INFO: [ view_parse ] --START--
INFO: [ template_filter ] --START--
INFO: Run Behavior\ContentReplaceBehavior [ RunTime:0.000280s ]
INFO: [ template_filter ] --END-- [ RunTime:0.000342s ]
NOTIC: [2] Illegal string offset 'title' D:\xampp\htdocs\HouseR\Application\Runtime\Cache\Home\b29b1e167bb03e3f834dcac5acf96283.php 第 155 行.
NOTIC: [2] Illegal string offset 'data' D:\xampp\htdocs\HouseR\Application\Runtime\Cache\Home\b29b1e167bb03e3f834dcac5acf96283.php 第 157 行.
NOTIC: [2] Illegal string offset 'livingrooms' D:\xampp\htdocs\HouseR\Application\Runtime\Cache\Home\b29b1e167bb03e3f834dcac5acf96283.php 第 157 行.
NOTIC: [2] Illegal string offset 'rooms' D:\xampp\htdocs\HouseR\Application\Runtime\Cache\Home\b29b1e167bb03e3f834dcac5acf96283.php 第 157 行.
NOTIC: [2] Illegal string offset 'address' D:\xampp\htdocs\HouseR\Application\Runtime\Cache\Home\b29b1e167bb03e3f834dcac5acf96283.php 第 158 行.
INFO: Run Behavior\ParseTemplateBehavior [ RunTime:0.131242s ]
INFO: [ view_parse ] --END-- [ RunTime:0.131304s ]
INFO: [ view_filter ] --START--
INFO: Run Behavior\WriteHtmlCacheBehavior [ RunTime:0.002478s ]
INFO: [ view_filter ] --END-- [ RunTime:0.002531s ]
INFO: [ app_end ] --START--
INFO: Run Behavior\ShowPageTraceBehavior [ RunTime:0.002558s ]
INFO: [ app_end ] --END-- [ RunTime:0.002622s ]

[ 2019-09-23T14:35:04+08:00 ] 127.0.0.1 /HouseR/Home/rent/index
INFO: [ app_init ] --START--
INFO: Run Behavior\BuildLiteBehavior [ RunTime:0.000011s ]
INFO: [ app_init ] --END-- [ RunTime:0.001070s ]
INFO: [ app_begin ] --START--
INFO: Run Behavior\ReadHtmlCacheBehavior [ RunTime:0.001966s ]
INFO: [ app_begin ] --END-- [ RunTime:0.002037s ]
SQL: SHOW COLUMNS FROM `house` [ RunTime:0.5132s ]
SQL: SELECT COUNT(*) AS tp_count FROM `house` INNER JOIN image INNER JOIN city INNER JOIN city c ON image.`house_id`=house.`id` AND image.`top`=1 AND city.`id`=house.`city` AND c.`id`=house.`location`  WHERE `city` = 3 AND `status` = 1 LIMIT 1   [ RunTime:0.0006s ]
SQL: SELECT house.*,image.path,city.cityname,c.cityname AS locationName FROM `house` INNER JOIN image INNER JOIN city INNER JOIN city c ON image.`house_id`=house.`id` AND image.`top`=1 AND city.`id`=house.`city` AND c.`id`=house.`location`  WHERE `city` = 3 AND `status` = 1 ORDER BY `add_time` DESC LIMIT 0,2   [ RunTime:0.0012s ]
SQL: SHOW COLUMNS FROM `city` [ RunTime:0.0792s ]
SQL: SELECT * FROM `city` WHERE ( pid=3 )  [ RunTime:0.0004s ]
SQL: SELECT * FROM `city` WHERE ( type=2 )  [ RunTime:0.0003s ]
INFO: [ view_parse ] --START--
INFO: [ template_filter ] --START--
INFO: Run Behavior\ContentReplaceBehavior [ RunTime:0.000451s ]
INFO: [ template_filter ] --END-- [ RunTime:0.000527s ]
NOTIC: [2] Illegal string offset 'title' D:\xampp\htdocs\HouseR\Application\Runtime\Cache\Home\b29b1e167bb03e3f834dcac5acf96283.php 第 155 行.
NOTIC: [2] Illegal string offset 'data' D:\xampp\htdocs\HouseR\Application\Runtime\Cache\Home\b29b1e167bb03e3f834dcac5acf96283.php 第 157 行.
NOTIC: [2] Illegal string offset 'livingrooms' D:\xampp\htdocs\HouseR\Application\Runtime\Cache\Home\b29b1e167bb03e3f834dcac5acf96283.php 第 157 行.
NOTIC: [2] Illegal string offset 'rooms' D:\xampp\htdocs\HouseR\Application\Runtime\Cache\Home\b29b1e167bb03e3f834dcac5acf96283.php 第 157 行.
NOTIC: [2] Illegal string offset 'address' D:\xampp\htdocs\HouseR\Application\Runtime\Cache\Home\b29b1e167bb03e3f834dcac5acf96283.php 第 158 行.
INFO: Run Behavior\ParseTemplateBehavior [ RunTime:0.181757s ]
INFO: [ view_parse ] --END-- [ RunTime:0.181802s ]
INFO: [ view_filter ] --START--
INFO: Run Behavior\WriteHtmlCacheBehavior [ RunTime:0.001725s ]
INFO: [ view_filter ] --END-- [ RunTime:0.001767s ]
INFO: [ app_end ] --START--
INFO: Run Behavior\ShowPageTraceBehavior [ RunTime:0.024241s ]
INFO: [ app_end ] --END-- [ RunTime:0.024352s ]

[ 2019-09-23T14:35:05+08:00 ] 127.0.0.1 /HouseR/Home/rent/get_message
INFO: [ app_init ] --START--
INFO: Run Behavior\BuildLiteBehavior [ RunTime:0.000013s ]
INFO: [ app_init ] --END-- [ RunTime:0.000832s ]
INFO: [ app_begin ] --START--
INFO: Run Behavior\ReadHtmlCacheBehavior [ RunTime:0.002183s ]
INFO: [ app_begin ] --END-- [ RunTime:0.002245s ]
SQL: SHOW COLUMNS FROM `message` [ RunTime:0.1164s ]
ERR: 1064:You have an error in your SQL syntax; check the manual that corresponds to your MariaDB server version for the right syntax to use near 'AND isRead=0 ) LIMIT 1' at line 1
 [ SQL语句 ] : SELECT COUNT(*) AS tp_count FROM `message` WHERE ( r_id= AND isRead=0 ) LIMIT 1  
ERR: 1064:You have an error in your SQL syntax; check the manual that corresponds to your MariaDB server version for the right syntax to use near 'AND isRead=0 ) LIMIT 1' at line 1
 [ SQL语句 ] : SELECT COUNT(*) AS tp_count FROM `message` WHERE ( r_id= AND isRead=0 ) LIMIT 1  

[ 2019-09-23T14:35:10+08:00 ] 127.0.0.1 /HouseR/index.php/Home/Rent/index/city/3/p/1/condition/p1
INFO: [ app_init ] --START--
INFO: Run Behavior\BuildLiteBehavior [ RunTime:0.000013s ]
INFO: [ app_init ] --END-- [ RunTime:0.000879s ]
INFO: [ app_begin ] --START--
INFO: Run Behavior\ReadHtmlCacheBehavior [ RunTime:0.000919s ]
INFO: [ app_begin ] --END-- [ RunTime:0.000949s ]
SQL: SHOW COLUMNS FROM `house` [ RunTime:0.0565s ]
SQL: SELECT COUNT(*) AS tp_count FROM `house` INNER JOIN image INNER JOIN city INNER JOIN city c ON image.`house_id`=house.`id` AND image.`top`=1 AND city.`id`=house.`city` AND c.`id`=house.`location`  WHERE `city` = '3' AND ( `price` <= 500  ) AND `status` = 1 LIMIT 1   [ RunTime:0.0008s ]
SQL: SELECT house.*,image.path,city.cityname,c.cityname AS locationName FROM `house` INNER JOIN image INNER JOIN city INNER JOIN city c ON image.`house_id`=house.`id` AND image.`top`=1 AND city.`id`=house.`city` AND c.`id`=house.`location`  WHERE `city` = '3' AND ( `price` <= 500  ) AND `status` = 1 ORDER BY `add_time` DESC LIMIT 0,2   [ RunTime:0.0022s ]
SQL: SHOW COLUMNS FROM `city` [ RunTime:0.0222s ]
SQL: SELECT * FROM `city` WHERE ( pid=3 )  [ RunTime:0.0003s ]
SQL: SELECT * FROM `city` WHERE ( type=2 )  [ RunTime:0.0006s ]
INFO: [ view_parse ] --START--
INFO: [ template_filter ] --START--
INFO: Run Behavior\ContentReplaceBehavior [ RunTime:0.000336s ]
INFO: [ template_filter ] --END-- [ RunTime:0.000400s ]
NOTIC: [2] Illegal string offset 'title' D:\xampp\htdocs\HouseR\Application\Runtime\Cache\Home\b29b1e167bb03e3f834dcac5acf96283.php 第 155 行.
NOTIC: [2] Illegal string offset 'data' D:\xampp\htdocs\HouseR\Application\Runtime\Cache\Home\b29b1e167bb03e3f834dcac5acf96283.php 第 157 行.
NOTIC: [2] Illegal string offset 'livingrooms' D:\xampp\htdocs\HouseR\Application\Runtime\Cache\Home\b29b1e167bb03e3f834dcac5acf96283.php 第 157 行.
NOTIC: [2] Illegal string offset 'rooms' D:\xampp\htdocs\HouseR\Application\Runtime\Cache\Home\b29b1e167bb03e3f834dcac5acf96283.php 第 157 行.
NOTIC: [2] Illegal string offset 'address' D:\xampp\htdocs\HouseR\Application\Runtime\Cache\Home\b29b1e167bb03e3f834dcac5acf96283.php 第 158 行.
INFO: Run Behavior\ParseTemplateBehavior [ RunTime:0.113369s ]
INFO: [ view_parse ] --END-- [ RunTime:0.113431s ]
INFO: [ view_filter ] --START--
INFO: Run Behavior\WriteHtmlCacheBehavior [ RunTime:0.001219s ]
INFO: [ view_filter ] --END-- [ RunTime:0.001512s ]
INFO: [ app_end ] --START--
INFO: Run Behavior\ShowPageTraceBehavior [ RunTime:0.001837s ]
INFO: [ app_end ] --END-- [ RunTime:0.001913s ]

[ 2019-09-23T14:35:11+08:00 ] 127.0.0.1 /HouseR/Home/rent/get_message
INFO: [ app_init ] --START--
INFO: Run Behavior\BuildLiteBehavior [ RunTime:0.000010s ]
INFO: [ app_init ] --END-- [ RunTime:0.000679s ]
INFO: [ app_begin ] --START--
INFO: Run Behavior\ReadHtmlCacheBehavior [ RunTime:0.002609s ]
INFO: [ app_begin ] --END-- [ RunTime:0.002663s ]
SQL: SHOW COLUMNS FROM `message` [ RunTime:0.0827s ]
ERR: 1064:You have an error in your SQL syntax; check the manual that corresponds to your MariaDB server version for the right syntax to use near 'AND isRead=0 ) LIMIT 1' at line 1
 [ SQL语句 ] : SELECT COUNT(*) AS tp_count FROM `message` WHERE ( r_id= AND isRead=0 ) LIMIT 1  
ERR: 1064:You have an error in your SQL syntax; check the manual that corresponds to your MariaDB server version for the right syntax to use near 'AND isRead=0 ) LIMIT 1' at line 1
 [ SQL语句 ] : SELECT COUNT(*) AS tp_count FROM `message` WHERE ( r_id= AND isRead=0 ) LIMIT 1  

[ 2019-09-23T14:35:12+08:00 ] 127.0.0.1 /HouseR/index.php/Home/Rent/index/city/3/p/1/condition/p1-p2
INFO: [ app_init ] --START--
INFO: Run Behavior\BuildLiteBehavior [ RunTime:0.000014s ]
INFO: [ app_init ] --END-- [ RunTime:0.001019s ]
INFO: [ app_begin ] --START--
INFO: Run Behavior\ReadHtmlCacheBehavior [ RunTime:0.001288s ]
INFO: [ app_begin ] --END-- [ RunTime:0.001324s ]
SQL: SHOW COLUMNS FROM `house` [ RunTime:0.0304s ]
NOTIC: [2] strtolower() expects parameter 1 to be string, array given D:\xampp\htdocs\HouseR\ThinkPHP\Library\Think\Db\Driver.class.php 第 664 行.
SQL: SELECT COUNT(*) AS tp_count FROM `house` INNER JOIN image INNER JOIN city INNER JOIN city c ON image.`house_id`=house.`id` AND image.`top`=1 AND city.`id`=house.`city` AND c.`id`=house.`location`  WHERE `city` = '3' AND ( `price` <= 500 OR ( `price` > 500 AND `price` <= 1000  ) ) AND `status` = 1 LIMIT 1   [ RunTime:0.0997s ]
NOTIC: [2] strtolower() expects parameter 1 to be string, array given D:\xampp\htdocs\HouseR\ThinkPHP\Library\Think\Db\Driver.class.php 第 664 行.
SQL: SELECT house.*,image.path,city.cityname,c.cityname AS locationName FROM `house` INNER JOIN image INNER JOIN city INNER JOIN city c ON image.`house_id`=house.`id` AND image.`top`=1 AND city.`id`=house.`city` AND c.`id`=house.`location`  WHERE `city` = '3' AND ( `price` <= 500 OR ( `price` > 500 AND `price` <= 1000  ) ) AND `status` = 1 ORDER BY `add_time` DESC LIMIT 0,2   [ RunTime:0.0151s ]
SQL: SHOW COLUMNS FROM `city` [ RunTime:0.0235s ]
SQL: SELECT * FROM `city` WHERE ( pid=3 )  [ RunTime:0.0006s ]
SQL: SELECT * FROM `city` WHERE ( type=2 )  [ RunTime:0.0004s ]
INFO: [ view_parse ] --START--
INFO: [ template_filter ] --START--
INFO: Run Behavior\ContentReplaceBehavior [ RunTime:0.000201s ]
INFO: [ template_filter ] --END-- [ RunTime:0.000247s ]
NOTIC: [2] Illegal string offset 'title' D:\xampp\htdocs\HouseR\Application\Runtime\Cache\Home\b29b1e167bb03e3f834dcac5acf96283.php 第 155 行.
NOTIC: [2] Illegal string offset 'data' D:\xampp\htdocs\HouseR\Application\Runtime\Cache\Home\b29b1e167bb03e3f834dcac5acf96283.php 第 157 行.
NOTIC: [2] Illegal string offset 'livingrooms' D:\xampp\htdocs\HouseR\Application\Runtime\Cache\Home\b29b1e167bb03e3f834dcac5acf96283.php 第 157 行.
NOTIC: [2] Illegal string offset 'rooms' D:\xampp\htdocs\HouseR\Application\Runtime\Cache\Home\b29b1e167bb03e3f834dcac5acf96283.php 第 157 行.
NOTIC: [2] Illegal string offset 'address' D:\xampp\htdocs\HouseR\Application\Runtime\Cache\Home\b29b1e167bb03e3f834dcac5acf96283.php 第 158 行.
INFO: Run Behavior\ParseTemplateBehavior [ RunTime:0.144892s ]
INFO: [ view_parse ] --END-- [ RunTime:0.144968s ]
INFO: [ view_filter ] --START--
INFO: Run Behavior\WriteHtmlCacheBehavior [ RunTime:0.001571s ]
INFO: [ view_filter ] --END-- [ RunTime:0.001634s ]
INFO: [ app_end ] --START--
INFO: Run Behavior\ShowPageTraceBehavior [ RunTime:0.001851s ]
INFO: [ app_end ] --END-- [ RunTime:0.001911s ]

[ 2019-09-23T14:35:12+08:00 ] 127.0.0.1 /HouseR/Home/rent/get_message
INFO: [ app_init ] --START--
INFO: Run Behavior\BuildLiteBehavior [ RunTime:0.000013s ]
INFO: [ app_init ] --END-- [ RunTime:0.003328s ]
INFO: [ app_begin ] --START--
INFO: Run Behavior\ReadHtmlCacheBehavior [ RunTime:0.003009s ]
INFO: [ app_begin ] --END-- [ RunTime:0.003235s ]
SQL: SHOW COLUMNS FROM `message` [ RunTime:0.0383s ]
ERR: 1064:You have an error in your SQL syntax; check the manual that corresponds to your MariaDB server version for the right syntax to use near 'AND isRead=0 ) LIMIT 1' at line 1
 [ SQL语句 ] : SELECT COUNT(*) AS tp_count FROM `message` WHERE ( r_id= AND isRead=0 ) LIMIT 1  
ERR: 1064:You have an error in your SQL syntax; check the manual that corresponds to your MariaDB server version for the right syntax to use near 'AND isRead=0 ) LIMIT 1' at line 1
 [ SQL语句 ] : SELECT COUNT(*) AS tp_count FROM `message` WHERE ( r_id= AND isRead=0 ) LIMIT 1  

[ 2019-09-23T14:35:14+08:00 ] 127.0.0.1 /HouseR/index.php/Home/Rent/index/city/3/p/1/condition/p1-p2-p3
INFO: [ app_init ] --START--
INFO: Run Behavior\BuildLiteBehavior [ RunTime:0.000014s ]
INFO: [ app_init ] --END-- [ RunTime:0.001267s ]
INFO: [ app_begin ] --START--
INFO: Run Behavior\ReadHtmlCacheBehavior [ RunTime:0.003182s ]
INFO: [ app_begin ] --END-- [ RunTime:0.003245s ]
SQL: SHOW COLUMNS FROM `house` [ RunTime:0.0577s ]
NOTIC: [2] strtolower() expects parameter 1 to be string, array given D:\xampp\htdocs\HouseR\ThinkPHP\Library\Think\Db\Driver.class.php 第 664 行.
NOTIC: [2] strtolower() expects parameter 1 to be string, array given D:\xampp\htdocs\HouseR\ThinkPHP\Library\Think\Db\Driver.class.php 第 664 行.
SQL: SELECT COUNT(*) AS tp_count FROM `house` INNER JOIN image INNER JOIN city INNER JOIN city c ON image.`house_id`=house.`id` AND image.`top`=1 AND city.`id`=house.`city` AND c.`id`=house.`location`  WHERE `city` = '3' AND ( `price` <= 500 OR ( `price` > 500 AND `price` <= 1000  ) OR ( `price` > 1000 AND `price` <= 1500  ) ) AND `status` = 1 LIMIT 1   [ RunTime:0.0010s ]
NOTIC: [2] strtolower() expects parameter 1 to be string, array given D:\xampp\htdocs\HouseR\ThinkPHP\Library\Think\Db\Driver.class.php 第 664 行.
NOTIC: [2] strtolower() expects parameter 1 to be string, array given D:\xampp\htdocs\HouseR\ThinkPHP\Library\Think\Db\Driver.class.php 第 664 行.
SQL: SELECT house.*,image.path,city.cityname,c.cityname AS locationName FROM `house` INNER JOIN image INNER JOIN city INNER JOIN city c ON image.`house_id`=house.`id` AND image.`top`=1 AND city.`id`=house.`city` AND c.`id`=house.`location`  WHERE `city` = '3' AND ( `price` <= 500 OR ( `price` > 500 AND `price` <= 1000  ) OR ( `price` > 1000 AND `price` <= 1500  ) ) AND `status` = 1 ORDER BY `add_time` DESC LIMIT 0,2   [ RunTime:0.0013s ]
SQL: SHOW COLUMNS FROM `city` [ RunTime:0.0379s ]
SQL: SELECT * FROM `city` WHERE ( pid=3 )  [ RunTime:0.0004s ]
SQL: SELECT * FROM `city` WHERE ( type=2 )  [ RunTime:0.0003s ]
INFO: [ view_parse ] --START--
INFO: [ template_filter ] --START--
INFO: Run Behavior\ContentReplaceBehavior [ RunTime:0.000506s ]
INFO: [ template_filter ] --END-- [ RunTime:0.000564s ]
NOTIC: [2] Illegal string offset 'title' D:\xampp\htdocs\HouseR\Application\Runtime\Cache\Home\b29b1e167bb03e3f834dcac5acf96283.php 第 155 行.
NOTIC: [2] Illegal string offset 'data' D:\xampp\htdocs\HouseR\Application\Runtime\Cache\Home\b29b1e167bb03e3f834dcac5acf96283.php 第 157 行.
NOTIC: [2] Illegal string offset 'livingrooms' D:\xampp\htdocs\HouseR\Application\Runtime\Cache\Home\b29b1e167bb03e3f834dcac5acf96283.php 第 157 行.
NOTIC: [2] Illegal string offset 'rooms' D:\xampp\htdocs\HouseR\Application\Runtime\Cache\Home\b29b1e167bb03e3f834dcac5acf96283.php 第 157 行.
NOTIC: [2] Illegal string offset 'address' D:\xampp\htdocs\HouseR\Application\Runtime\Cache\Home\b29b1e167bb03e3f834dcac5acf96283.php 第 158 行.
INFO: Run Behavior\ParseTemplateBehavior [ RunTime:0.111418s ]
INFO: [ view_parse ] --END-- [ RunTime:0.111504s ]
INFO: [ view_filter ] --START--
INFO: Run Behavior\WriteHtmlCacheBehavior [ RunTime:0.001497s ]
INFO: [ view_filter ] --END-- [ RunTime:0.001558s ]
INFO: [ app_end ] --START--
INFO: Run Behavior\ShowPageTraceBehavior [ RunTime:0.001977s ]
INFO: [ app_end ] --END-- [ RunTime:0.002054s ]

[ 2019-09-23T14:35:14+08:00 ] 127.0.0.1 /HouseR/index.php/Home/Rent/index/city/3/p/1/condition/p1-p2
INFO: [ app_init ] --START--
INFO: Run Behavior\BuildLiteBehavior [ RunTime:0.000013s ]
INFO: [ app_init ] --END-- [ RunTime:0.000855s ]
INFO: [ app_begin ] --START--
INFO: Run Behavior\ReadHtmlCacheBehavior [ RunTime:0.001817s ]
INFO: [ app_begin ] --END-- [ RunTime:0.001915s ]
SQL: SHOW COLUMNS FROM `house` [ RunTime:0.0140s ]
NOTIC: [2] strtolower() expects parameter 1 to be string, array given D:\xampp\htdocs\HouseR\ThinkPHP\Library\Think\Db\Driver.class.php 第 664 行.
SQL: SELECT COUNT(*) AS tp_count FROM `house` INNER JOIN image INNER JOIN city INNER JOIN city c ON image.`house_id`=house.`id` AND image.`top`=1 AND city.`id`=house.`city` AND c.`id`=house.`location`  WHERE `city` = '3' AND ( `price` <= 500 OR ( `price` > 500 AND `price` <= 1000  ) ) AND `status` = 1 LIMIT 1   [ RunTime:0.0005s ]
NOTIC: [2] strtolower() expects parameter 1 to be string, array given D:\xampp\htdocs\HouseR\ThinkPHP\Library\Think\Db\Driver.class.php 第 664 行.
SQL: SELECT house.*,image.path,city.cityname,c.cityname AS locationName FROM `house` INNER JOIN image INNER JOIN city INNER JOIN city c ON image.`house_id`=house.`id` AND image.`top`=1 AND city.`id`=house.`city` AND c.`id`=house.`location`  WHERE `city` = '3' AND ( `price` <= 500 OR ( `price` > 500 AND `price` <= 1000  ) ) AND `status` = 1 ORDER BY `add_time` DESC LIMIT 0,2   [ RunTime:0.0011s ]
SQL: SHOW COLUMNS FROM `city` [ RunTime:0.0124s ]
SQL: SELECT * FROM `city` WHERE ( pid=3 )  [ RunTime:0.0005s ]
SQL: SELECT * FROM `city` WHERE ( type=2 )  [ RunTime:0.0004s ]
INFO: [ view_parse ] --START--
INFO: [ template_filter ] --START--
INFO: Run Behavior\ContentReplaceBehavior [ RunTime:0.000376s ]
INFO: [ template_filter ] --END-- [ RunTime:0.000420s ]
NOTIC: [2] Illegal string offset 'title' D:\xampp\htdocs\HouseR\Application\Runtime\Cache\Home\b29b1e167bb03e3f834dcac5acf96283.php 第 155 行.
NOTIC: [2] Illegal string offset 'data' D:\xampp\htdocs\HouseR\Application\Runtime\Cache\Home\b29b1e167bb03e3f834dcac5acf96283.php 第 157 行.
NOTIC: [2] Illegal string offset 'livingrooms' D:\xampp\htdocs\HouseR\Application\Runtime\Cache\Home\b29b1e167bb03e3f834dcac5acf96283.php 第 157 行.
NOTIC: [2] Illegal string offset 'rooms' D:\xampp\htdocs\HouseR\Application\Runtime\Cache\Home\b29b1e167bb03e3f834dcac5acf96283.php 第 157 行.
NOTIC: [2] Illegal string offset 'address' D:\xampp\htdocs\HouseR\Application\Runtime\Cache\Home\b29b1e167bb03e3f834dcac5acf96283.php 第 158 行.
INFO: Run Behavior\ParseTemplateBehavior [ RunTime:0.104392s ]
INFO: [ view_parse ] --END-- [ RunTime:0.104449s ]
INFO: [ view_filter ] --START--
INFO: Run Behavior\WriteHtmlCacheBehavior [ RunTime:0.001146s ]
INFO: [ view_filter ] --END-- [ RunTime:0.001211s ]
INFO: [ app_end ] --START--
INFO: Run Behavior\ShowPageTraceBehavior [ RunTime:0.001711s ]
INFO: [ app_end ] --END-- [ RunTime:0.001765s ]

[ 2019-09-23T14:35:14+08:00 ] 127.0.0.1 /HouseR/Home/rent/get_message
INFO: [ app_init ] --START--
INFO: Run Behavior\BuildLiteBehavior [ RunTime:0.000013s ]
INFO: [ app_init ] --END-- [ RunTime:0.000968s ]
INFO: [ app_begin ] --START--
INFO: Run Behavior\ReadHtmlCacheBehavior [ RunTime:0.001900s ]
INFO: [ app_begin ] --END-- [ RunTime:0.001958s ]
SQL: SHOW COLUMNS FROM `message` [ RunTime:0.0273s ]
ERR: 1064:You have an error in your SQL syntax; check the manual that corresponds to your MariaDB server version for the right syntax to use near 'AND isRead=0 ) LIMIT 1' at line 1
 [ SQL语句 ] : SELECT COUNT(*) AS tp_count FROM `message` WHERE ( r_id= AND isRead=0 ) LIMIT 1  
ERR: 1064:You have an error in your SQL syntax; check the manual that corresponds to your MariaDB server version for the right syntax to use near 'AND isRead=0 ) LIMIT 1' at line 1
 [ SQL语句 ] : SELECT COUNT(*) AS tp_count FROM `message` WHERE ( r_id= AND isRead=0 ) LIMIT 1  

[ 2019-09-23T14:35:17+08:00 ] 127.0.0.1 /HouseR/index.php/Home/Rent/index/city/3/p/1/condition/p1-p2-p3
INFO: [ app_init ] --START--
INFO: Run Behavior\BuildLiteBehavior [ RunTime:0.000010s ]
INFO: [ app_init ] --END-- [ RunTime:0.000648s ]
INFO: [ app_begin ] --START--
INFO: Run Behavior\ReadHtmlCacheBehavior [ RunTime:0.003641s ]
INFO: [ app_begin ] --END-- [ RunTime:0.003695s ]
SQL: SHOW COLUMNS FROM `house` [ RunTime:0.0240s ]
NOTIC: [2] strtolower() expects parameter 1 to be string, array given D:\xampp\htdocs\HouseR\ThinkPHP\Library\Think\Db\Driver.class.php 第 664 行.
NOTIC: [2] strtolower() expects parameter 1 to be string, array given D:\xampp\htdocs\HouseR\ThinkPHP\Library\Think\Db\Driver.class.php 第 664 行.
SQL: SELECT COUNT(*) AS tp_count FROM `house` INNER JOIN image INNER JOIN city INNER JOIN city c ON image.`house_id`=house.`id` AND image.`top`=1 AND city.`id`=house.`city` AND c.`id`=house.`location`  WHERE `city` = '3' AND ( `price` <= 500 OR ( `price` > 500 AND `price` <= 1000  ) OR ( `price` > 1000 AND `price` <= 1500  ) ) AND `status` = 1 LIMIT 1   [ RunTime:0.0009s ]
NOTIC: [2] strtolower() expects parameter 1 to be string, array given D:\xampp\htdocs\HouseR\ThinkPHP\Library\Think\Db\Driver.class.php 第 664 行.
NOTIC: [2] strtolower() expects parameter 1 to be string, array given D:\xampp\htdocs\HouseR\ThinkPHP\Library\Think\Db\Driver.class.php 第 664 行.
SQL: SELECT house.*,image.path,city.cityname,c.cityname AS locationName FROM `house` INNER JOIN image INNER JOIN city INNER JOIN city c ON image.`house_id`=house.`id` AND image.`top`=1 AND city.`id`=house.`city` AND c.`id`=house.`location`  WHERE `city` = '3' AND ( `price` <= 500 OR ( `price` > 500 AND `price` <= 1000  ) OR ( `price` > 1000 AND `price` <= 1500  ) ) AND `status` = 1 ORDER BY `add_time` DESC LIMIT 0,2   [ RunTime:0.0012s ]
SQL: SHOW COLUMNS FROM `city` [ RunTime:0.0235s ]
SQL: SELECT * FROM `city` WHERE ( pid=3 )  [ RunTime:0.0004s ]
SQL: SELECT * FROM `city` WHERE ( type=2 )  [ RunTime:0.0003s ]
INFO: [ view_parse ] --START--
INFO: [ template_filter ] --START--
INFO: Run Behavior\ContentReplaceBehavior [ RunTime:0.000455s ]
INFO: [ template_filter ] --END-- [ RunTime:0.000527s ]
NOTIC: [2] Illegal string offset 'title' D:\xampp\htdocs\HouseR\Application\Runtime\Cache\Home\b29b1e167bb03e3f834dcac5acf96283.php 第 155 行.
NOTIC: [2] Illegal string offset 'data' D:\xampp\htdocs\HouseR\Application\Runtime\Cache\Home\b29b1e167bb03e3f834dcac5acf96283.php 第 157 行.
NOTIC: [2] Illegal string offset 'livingrooms' D:\xampp\htdocs\HouseR\Application\Runtime\Cache\Home\b29b1e167bb03e3f834dcac5acf96283.php 第 157 行.
NOTIC: [2] Illegal string offset 'rooms' D:\xampp\htdocs\HouseR\Application\Runtime\Cache\Home\b29b1e167bb03e3f834dcac5acf96283.php 第 157 行.
NOTIC: [2] Illegal string offset 'address' D:\xampp\htdocs\HouseR\Application\Runtime\Cache\Home\b29b1e167bb03e3f834dcac5acf96283.php 第 158 行.
INFO: Run Behavior\ParseTemplateBehavior [ RunTime:0.078398s ]
INFO: [ view_parse ] --END-- [ RunTime:0.078439s ]
INFO: [ view_filter ] --START--
INFO: Run Behavior\WriteHtmlCacheBehavior [ RunTime:0.001254s ]
INFO: [ view_filter ] --END-- [ RunTime:0.001288s ]
INFO: [ app_end ] --START--
INFO: Run Behavior\ShowPageTraceBehavior [ RunTime:0.002639s ]
INFO: [ app_end ] --END-- [ RunTime:0.002723s ]

[ 2019-09-23T14:35:17+08:00 ] 127.0.0.1 /HouseR/Home/rent/get_message
INFO: [ app_init ] --START--
INFO: Run Behavior\BuildLiteBehavior [ RunTime:0.000015s ]
INFO: [ app_init ] --END-- [ RunTime:0.000997s ]
INFO: [ app_begin ] --START--
INFO: Run Behavior\ReadHtmlCacheBehavior [ RunTime:0.001682s ]
INFO: [ app_begin ] --END-- [ RunTime:0.001740s ]
SQL: SHOW COLUMNS FROM `message` [ RunTime:0.0220s ]
ERR: 1064:You have an error in your SQL syntax; check the manual that corresponds to your MariaDB server version for the right syntax to use near 'AND isRead=0 ) LIMIT 1' at line 1
 [ SQL语句 ] : SELECT COUNT(*) AS tp_count FROM `message` WHERE ( r_id= AND isRead=0 ) LIMIT 1  
ERR: 1064:You have an error in your SQL syntax; check the manual that corresponds to your MariaDB server version for the right syntax to use near 'AND isRead=0 ) LIMIT 1' at line 1
 [ SQL语句 ] : SELECT COUNT(*) AS tp_count FROM `message` WHERE ( r_id= AND isRead=0 ) LIMIT 1  

[ 2019-09-23T14:35:48+08:00 ] 127.0.0.1 /HouseR/index.php/Home/Rent/index/city/3/p/1/condition/p1-p2-p3-a4
INFO: [ app_init ] --START--
INFO: Run Behavior\BuildLiteBehavior [ RunTime:0.000012s ]
INFO: [ app_init ] --END-- [ RunTime:0.000995s ]
INFO: [ app_begin ] --START--
INFO: Run Behavior\ReadHtmlCacheBehavior [ RunTime:0.002927s ]
INFO: [ app_begin ] --END-- [ RunTime:0.002991s ]
SQL: SHOW COLUMNS FROM `house` [ RunTime:0.1159s ]
NOTIC: [2] strtolower() expects parameter 1 to be string, array given D:\xampp\htdocs\HouseR\ThinkPHP\Library\Think\Db\Driver.class.php 第 664 行.
NOTIC: [2] strtolower() expects parameter 1 to be string, array given D:\xampp\htdocs\HouseR\ThinkPHP\Library\Think\Db\Driver.class.php 第 664 行.
NOTIC: [2] strtoupper() expects parameter 1 to be string, array given D:\xampp\htdocs\HouseR\ThinkPHP\Library\Think\Db\Driver.class.php 第 656 行.
NOTIC: [2] strtolower() expects parameter 1 to be string, array given D:\xampp\htdocs\HouseR\ThinkPHP\Library\Think\Db\Driver.class.php 第 664 行.
SQL: SELECT COUNT(*) AS tp_count FROM `house` INNER JOIN image INNER JOIN city INNER JOIN city c ON image.`house_id`=house.`id` AND image.`top`=1 AND city.`id`=house.`city` AND c.`id`=house.`location`  WHERE `city` = '3' AND ( `price` <= 500 OR ( `price` > 500 AND `price` <= 1000  ) OR ( `price` > 1000 AND `price` <= 1500  ) ) AND ( ( `area` > 100 AND `area` <= 130  )  ) AND `status` = 1 LIMIT 1   [ RunTime:0.0010s ]
NOTIC: [2] strtolower() expects parameter 1 to be string, array given D:\xampp\htdocs\HouseR\ThinkPHP\Library\Think\Db\Driver.class.php 第 664 行.
NOTIC: [2] strtolower() expects parameter 1 to be string, array given D:\xampp\htdocs\HouseR\ThinkPHP\Library\Think\Db\Driver.class.php 第 664 行.
NOTIC: [2] strtoupper() expects parameter 1 to be string, array given D:\xampp\htdocs\HouseR\ThinkPHP\Library\Think\Db\Driver.class.php 第 656 行.
NOTIC: [2] strtolower() expects parameter 1 to be string, array given D:\xampp\htdocs\HouseR\ThinkPHP\Library\Think\Db\Driver.class.php 第 664 行.
SQL: SELECT house.*,image.path,city.cityname,c.cityname AS locationName FROM `house` INNER JOIN image INNER JOIN city INNER JOIN city c ON image.`house_id`=house.`id` AND image.`top`=1 AND city.`id`=house.`city` AND c.`id`=house.`location`  WHERE `city` = '3' AND ( `price` <= 500 OR ( `price` > 500 AND `price` <= 1000  ) OR ( `price` > 1000 AND `price` <= 1500  ) ) AND ( ( `area` > 100 AND `area` <= 130  )  ) AND `status` = 1 ORDER BY `add_time` DESC LIMIT 0,2   [ RunTime:0.0013s ]
SQL: SHOW COLUMNS FROM `city` [ RunTime:0.0361s ]
SQL: SELECT * FROM `city` WHERE ( pid=3 )  [ RunTime:0.0006s ]
SQL: SELECT * FROM `city` WHERE ( type=2 )  [ RunTime:0.0006s ]
INFO: [ view_parse ] --START--
INFO: [ template_filter ] --START--
INFO: Run Behavior\ContentReplaceBehavior [ RunTime:0.000157s ]
INFO: [ template_filter ] --END-- [ RunTime:0.000256s ]
NOTIC: [2] Illegal string offset 'title' D:\xampp\htdocs\HouseR\Application\Runtime\Cache\Home\b29b1e167bb03e3f834dcac5acf96283.php 第 155 行.
NOTIC: [2] Illegal string offset 'data' D:\xampp\htdocs\HouseR\Application\Runtime\Cache\Home\b29b1e167bb03e3f834dcac5acf96283.php 第 157 行.
NOTIC: [2] Illegal string offset 'livingrooms' D:\xampp\htdocs\HouseR\Application\Runtime\Cache\Home\b29b1e167bb03e3f834dcac5acf96283.php 第 157 行.
NOTIC: [2] Illegal string offset 'rooms' D:\xampp\htdocs\HouseR\Application\Runtime\Cache\Home\b29b1e167bb03e3f834dcac5acf96283.php 第 157 行.
NOTIC: [2] Illegal string offset 'address' D:\xampp\htdocs\HouseR\Application\Runtime\Cache\Home\b29b1e167bb03e3f834dcac5acf96283.php 第 158 行.
INFO: Run Behavior\ParseTemplateBehavior [ RunTime:0.095275s ]
INFO: [ view_parse ] --END-- [ RunTime:0.095329s ]
INFO: [ view_filter ] --START--
INFO: Run Behavior\WriteHtmlCacheBehavior [ RunTime:0.001046s ]
INFO: [ view_filter ] --END-- [ RunTime:0.001097s ]
INFO: [ app_end ] --START--
INFO: Run Behavior\ShowPageTraceBehavior [ RunTime:0.001441s ]
INFO: [ app_end ] --END-- [ RunTime:0.001494s ]

[ 2019-09-23T14:35:49+08:00 ] 127.0.0.1 /HouseR/Home/rent/get_message
INFO: [ app_init ] --START--
INFO: Run Behavior\BuildLiteBehavior [ RunTime:0.000015s ]
INFO: [ app_init ] --END-- [ RunTime:0.001228s ]
INFO: [ app_begin ] --START--
INFO: Run Behavior\ReadHtmlCacheBehavior [ RunTime:0.001434s ]
INFO: [ app_begin ] --END-- [ RunTime:0.001495s ]
SQL: SHOW COLUMNS FROM `message` [ RunTime:0.0799s ]
ERR: 1064:You have an error in your SQL syntax; check the manual that corresponds to your MariaDB server version for the right syntax to use near 'AND isRead=0 ) LIMIT 1' at line 1
 [ SQL语句 ] : SELECT COUNT(*) AS tp_count FROM `message` WHERE ( r_id= AND isRead=0 ) LIMIT 1  
ERR: 1064:You have an error in your SQL syntax; check the manual that corresponds to your MariaDB server version for the right syntax to use near 'AND isRead=0 ) LIMIT 1' at line 1
 [ SQL语句 ] : SELECT COUNT(*) AS tp_count FROM `message` WHERE ( r_id= AND isRead=0 ) LIMIT 1  

[ 2019-09-23T14:35:50+08:00 ] 127.0.0.1 /HouseR/index.php/Home/Rent/index/city/3/p/1/condition/p1-p2-p3
INFO: [ app_init ] --START--
INFO: Run Behavior\BuildLiteBehavior [ RunTime:0.000014s ]
INFO: [ app_init ] --END-- [ RunTime:0.000941s ]
INFO: [ app_begin ] --START--
INFO: Run Behavior\ReadHtmlCacheBehavior [ RunTime:0.003093s ]
INFO: [ app_begin ] --END-- [ RunTime:0.003181s ]
SQL: SHOW COLUMNS FROM `house` [ RunTime:0.0665s ]
NOTIC: [2] strtolower() expects parameter 1 to be string, array given D:\xampp\htdocs\HouseR\ThinkPHP\Library\Think\Db\Driver.class.php 第 664 行.
NOTIC: [2] strtolower() expects parameter 1 to be string, array given D:\xampp\htdocs\HouseR\ThinkPHP\Library\Think\Db\Driver.class.php 第 664 行.
SQL: SELECT COUNT(*) AS tp_count FROM `house` INNER JOIN image INNER JOIN city INNER JOIN city c ON image.`house_id`=house.`id` AND image.`top`=1 AND city.`id`=house.`city` AND c.`id`=house.`location`  WHERE `city` = '3' AND ( `price` <= 500 OR ( `price` > 500 AND `price` <= 1000  ) OR ( `price` > 1000 AND `price` <= 1500  ) ) AND `status` = 1 LIMIT 1   [ RunTime:0.0009s ]
NOTIC: [2] strtolower() expects parameter 1 to be string, array given D:\xampp\htdocs\HouseR\ThinkPHP\Library\Think\Db\Driver.class.php 第 664 行.
NOTIC: [2] strtolower() expects parameter 1 to be string, array given D:\xampp\htdocs\HouseR\ThinkPHP\Library\Think\Db\Driver.class.php 第 664 行.
SQL: SELECT house.*,image.path,city.cityname,c.cityname AS locationName FROM `house` INNER JOIN image INNER JOIN city INNER JOIN city c ON image.`house_id`=house.`id` AND image.`top`=1 AND city.`id`=house.`city` AND c.`id`=house.`location`  WHERE `city` = '3' AND ( `price` <= 500 OR ( `price` > 500 AND `price` <= 1000  ) OR ( `price` > 1000 AND `price` <= 1500  ) ) AND `status` = 1 ORDER BY `add_time` DESC LIMIT 0,2   [ RunTime:0.0015s ]
SQL: SHOW COLUMNS FROM `city` [ RunTime:0.0267s ]
SQL: SELECT * FROM `city` WHERE ( pid=3 )  [ RunTime:0.0003s ]
SQL: SELECT * FROM `city` WHERE ( type=2 )  [ RunTime:0.0005s ]
INFO: [ view_parse ] --START--
INFO: [ template_filter ] --START--
INFO: Run Behavior\ContentReplaceBehavior [ RunTime:0.000239s ]
INFO: [ template_filter ] --END-- [ RunTime:0.000296s ]
NOTIC: [2] Illegal string offset 'title' D:\xampp\htdocs\HouseR\Application\Runtime\Cache\Home\b29b1e167bb03e3f834dcac5acf96283.php 第 155 行.
NOTIC: [2] Illegal string offset 'data' D:\xampp\htdocs\HouseR\Application\Runtime\Cache\Home\b29b1e167bb03e3f834dcac5acf96283.php 第 157 行.
NOTIC: [2] Illegal string offset 'livingrooms' D:\xampp\htdocs\HouseR\Application\Runtime\Cache\Home\b29b1e167bb03e3f834dcac5acf96283.php 第 157 行.
NOTIC: [2] Illegal string offset 'rooms' D:\xampp\htdocs\HouseR\Application\Runtime\Cache\Home\b29b1e167bb03e3f834dcac5acf96283.php 第 157 行.
NOTIC: [2] Illegal string offset 'address' D:\xampp\htdocs\HouseR\Application\Runtime\Cache\Home\b29b1e167bb03e3f834dcac5acf96283.php 第 158 行.
INFO: Run Behavior\ParseTemplateBehavior [ RunTime:0.164866s ]
INFO: [ view_parse ] --END-- [ RunTime:0.164924s ]
INFO: [ view_filter ] --START--
INFO: Run Behavior\WriteHtmlCacheBehavior [ RunTime:0.001228s ]
INFO: [ view_filter ] --END-- [ RunTime:0.001272s ]
INFO: [ app_end ] --START--
INFO: Run Behavior\ShowPageTraceBehavior [ RunTime:0.002225s ]
INFO: [ app_end ] --END-- [ RunTime:0.002308s ]

[ 2019-09-23T14:35:51+08:00 ] 127.0.0.1 /HouseR/Home/rent/get_message
INFO: [ app_init ] --START--
INFO: Run Behavior\BuildLiteBehavior [ RunTime:0.000014s ]
INFO: [ app_init ] --END-- [ RunTime:0.001167s ]
INFO: [ app_begin ] --START--
INFO: Run Behavior\ReadHtmlCacheBehavior [ RunTime:0.002044s ]
INFO: [ app_begin ] --END-- [ RunTime:0.002201s ]
SQL: SHOW COLUMNS FROM `message` [ RunTime:0.1383s ]
ERR: 1064:You have an error in your SQL syntax; check the manual that corresponds to your MariaDB server version for the right syntax to use near 'AND isRead=0 ) LIMIT 1' at line 1
 [ SQL语句 ] : SELECT COUNT(*) AS tp_count FROM `message` WHERE ( r_id= AND isRead=0 ) LIMIT 1  
ERR: 1064:You have an error in your SQL syntax; check the manual that corresponds to your MariaDB server version for the right syntax to use near 'AND isRead=0 ) LIMIT 1' at line 1
 [ SQL语句 ] : SELECT COUNT(*) AS tp_count FROM `message` WHERE ( r_id= AND isRead=0 ) LIMIT 1  

[ 2019-09-23T14:35:55+08:00 ] 127.0.0.1 /HouseR/index.php/Home/Rent/index/city/3/p/1/condition/p1-p2-p3-e4
INFO: [ app_init ] --START--
INFO: Run Behavior\BuildLiteBehavior [ RunTime:0.000014s ]
INFO: [ app_init ] --END-- [ RunTime:0.000888s ]
INFO: [ app_begin ] --START--
INFO: Run Behavior\ReadHtmlCacheBehavior [ RunTime:0.001561s ]
INFO: [ app_begin ] --END-- [ RunTime:0.001631s ]
SQL: SHOW COLUMNS FROM `house` [ RunTime:0.0436s ]
NOTIC: [2] strtolower() expects parameter 1 to be string, array given D:\xampp\htdocs\HouseR\ThinkPHP\Library\Think\Db\Driver.class.php 第 664 行.
NOTIC: [2] strtolower() expects parameter 1 to be string, array given D:\xampp\htdocs\HouseR\ThinkPHP\Library\Think\Db\Driver.class.php 第 664 行.
SQL: SELECT COUNT(*) AS tp_count FROM `house` INNER JOIN image INNER JOIN city INNER JOIN city c ON image.`house_id`=house.`id` AND image.`top`=1 AND city.`id`=house.`city` AND c.`id`=house.`location`  WHERE `city` = '3' AND `kt` = 1 AND ( `price` <= 500 OR ( `price` > 500 AND `price` <= 1000  ) OR ( `price` > 1000 AND `price` <= 1500  ) ) AND `status` = 1 LIMIT 1   [ RunTime:0.0023s ]
NOTIC: [2] strtolower() expects parameter 1 to be string, array given D:\xampp\htdocs\HouseR\ThinkPHP\Library\Think\Db\Driver.class.php 第 664 行.
NOTIC: [2] strtolower() expects parameter 1 to be string, array given D:\xampp\htdocs\HouseR\ThinkPHP\Library\Think\Db\Driver.class.php 第 664 行.
SQL: SELECT house.*,image.path,city.cityname,c.cityname AS locationName FROM `house` INNER JOIN image INNER JOIN city INNER JOIN city c ON image.`house_id`=house.`id` AND image.`top`=1 AND city.`id`=house.`city` AND c.`id`=house.`location`  WHERE `city` = '3' AND `kt` = 1 AND ( `price` <= 500 OR ( `price` > 500 AND `price` <= 1000  ) OR ( `price` > 1000 AND `price` <= 1500  ) ) AND `status` = 1 ORDER BY `add_time` DESC LIMIT 0,2   [ RunTime:0.0016s ]
SQL: SHOW COLUMNS FROM `city` [ RunTime:0.0389s ]
SQL: SELECT * FROM `city` WHERE ( pid=3 )  [ RunTime:0.0010s ]
SQL: SELECT * FROM `city` WHERE ( type=2 )  [ RunTime:0.0012s ]
INFO: [ view_parse ] --START--
INFO: [ template_filter ] --START--
INFO: Run Behavior\ContentReplaceBehavior [ RunTime:0.000311s ]
INFO: [ template_filter ] --END-- [ RunTime:0.000422s ]
NOTIC: [2] Illegal string offset 'title' D:\xampp\htdocs\HouseR\Application\Runtime\Cache\Home\b29b1e167bb03e3f834dcac5acf96283.php 第 155 行.
NOTIC: [2] Illegal string offset 'data' D:\xampp\htdocs\HouseR\Application\Runtime\Cache\Home\b29b1e167bb03e3f834dcac5acf96283.php 第 157 行.
NOTIC: [2] Illegal string offset 'livingrooms' D:\xampp\htdocs\HouseR\Application\Runtime\Cache\Home\b29b1e167bb03e3f834dcac5acf96283.php 第 157 行.
NOTIC: [2] Illegal string offset 'rooms' D:\xampp\htdocs\HouseR\Application\Runtime\Cache\Home\b29b1e167bb03e3f834dcac5acf96283.php 第 157 行.
NOTIC: [2] Illegal string offset 'address' D:\xampp\htdocs\HouseR\Application\Runtime\Cache\Home\b29b1e167bb03e3f834dcac5acf96283.php 第 158 行.
INFO: Run Behavior\ParseTemplateBehavior [ RunTime:0.126792s ]
INFO: [ view_parse ] --END-- [ RunTime:0.126839s ]
INFO: [ view_filter ] --START--
INFO: Run Behavior\WriteHtmlCacheBehavior [ RunTime:0.001348s ]
INFO: [ view_filter ] --END-- [ RunTime:0.001408s ]
INFO: [ app_end ] --START--
INFO: Run Behavior\ShowPageTraceBehavior [ RunTime:0.001967s ]
INFO: [ app_end ] --END-- [ RunTime:0.002146s ]

[ 2019-09-23T14:35:55+08:00 ] 127.0.0.1 /HouseR/Home/rent/get_message
INFO: [ app_init ] --START--
INFO: Run Behavior\BuildLiteBehavior [ RunTime:0.000014s ]
INFO: [ app_init ] --END-- [ RunTime:0.001065s ]
INFO: [ app_begin ] --START--
INFO: Run Behavior\ReadHtmlCacheBehavior [ RunTime:0.006026s ]
INFO: [ app_begin ] --END-- [ RunTime:0.006488s ]
SQL: SHOW COLUMNS FROM `message` [ RunTime:0.0476s ]
ERR: 1064:You have an error in your SQL syntax; check the manual that corresponds to your MariaDB server version for the right syntax to use near 'AND isRead=0 ) LIMIT 1' at line 1
 [ SQL语句 ] : SELECT COUNT(*) AS tp_count FROM `message` WHERE ( r_id= AND isRead=0 ) LIMIT 1  
ERR: 1064:You have an error in your SQL syntax; check the manual that corresponds to your MariaDB server version for the right syntax to use near 'AND isRead=0 ) LIMIT 1' at line 1
 [ SQL语句 ] : SELECT COUNT(*) AS tp_count FROM `message` WHERE ( r_id= AND isRead=0 ) LIMIT 1  

[ 2019-09-23T14:36:01+08:00 ] 127.0.0.1 /HouseR/index.php/Home/Rent/index/city/3/p/1/condition/p1-p2-p3-e4-e14
INFO: [ app_init ] --START--
INFO: Run Behavior\BuildLiteBehavior [ RunTime:0.000015s ]
INFO: [ app_init ] --END-- [ RunTime:0.001096s ]
INFO: [ app_begin ] --START--
INFO: Run Behavior\ReadHtmlCacheBehavior [ RunTime:0.002267s ]
INFO: [ app_begin ] --END-- [ RunTime:0.002357s ]
SQL: SHOW COLUMNS FROM `house` [ RunTime:0.4923s ]
NOTIC: [2] strtolower() expects parameter 1 to be string, array given D:\xampp\htdocs\HouseR\ThinkPHP\Library\Think\Db\Driver.class.php 第 664 行.
NOTIC: [2] strtolower() expects parameter 1 to be string, array given D:\xampp\htdocs\HouseR\ThinkPHP\Library\Think\Db\Driver.class.php 第 664 行.
SQL: SELECT COUNT(*) AS tp_count FROM `house` INNER JOIN image INNER JOIN city INNER JOIN city c ON image.`house_id`=house.`id` AND image.`top`=1 AND city.`id`=house.`city` AND c.`id`=house.`location`  WHERE `city` = '3' AND `kt` = 1 AND `sf` = 1 AND ( `price` <= 500 OR ( `price` > 500 AND `price` <= 1000  ) OR ( `price` > 1000 AND `price` <= 1500  ) ) AND `status` = 1 LIMIT 1   [ RunTime:0.0007s ]
NOTIC: [2] strtolower() expects parameter 1 to be string, array given D:\xampp\htdocs\HouseR\ThinkPHP\Library\Think\Db\Driver.class.php 第 664 行.
NOTIC: [2] strtolower() expects parameter 1 to be string, array given D:\xampp\htdocs\HouseR\ThinkPHP\Library\Think\Db\Driver.class.php 第 664 行.
SQL: SELECT house.*,image.path,city.cityname,c.cityname AS locationName FROM `house` INNER JOIN image INNER JOIN city INNER JOIN city c ON image.`house_id`=house.`id` AND image.`top`=1 AND city.`id`=house.`city` AND c.`id`=house.`location`  WHERE `city` = '3' AND `kt` = 1 AND `sf` = 1 AND ( `price` <= 500 OR ( `price` > 500 AND `price` <= 1000  ) OR ( `price` > 1000 AND `price` <= 1500  ) ) AND `status` = 1 ORDER BY `add_time` DESC LIMIT 0,2   [ RunTime:0.0011s ]
SQL: SHOW COLUMNS FROM `city` [ RunTime:0.0246s ]
SQL: SELECT * FROM `city` WHERE ( pid=3 )  [ RunTime:0.0012s ]
SQL: SELECT * FROM `city` WHERE ( type=2 )  [ RunTime:0.0004s ]
INFO: [ view_parse ] --START--
INFO: [ template_filter ] --START--
INFO: Run Behavior\ContentReplaceBehavior [ RunTime:0.000148s ]
INFO: [ template_filter ] --END-- [ RunTime:0.000183s ]
NOTIC: [2] Illegal string offset 'title' D:\xampp\htdocs\HouseR\Application\Runtime\Cache\Home\b29b1e167bb03e3f834dcac5acf96283.php 第 155 行.
NOTIC: [2] Illegal string offset 'data' D:\xampp\htdocs\HouseR\Application\Runtime\Cache\Home\b29b1e167bb03e3f834dcac5acf96283.php 第 157 行.
NOTIC: [2] Illegal string offset 'livingrooms' D:\xampp\htdocs\HouseR\Application\Runtime\Cache\Home\b29b1e167bb03e3f834dcac5acf96283.php 第 157 行.
NOTIC: [2] Illegal string offset 'rooms' D:\xampp\htdocs\HouseR\Application\Runtime\Cache\Home\b29b1e167bb03e3f834dcac5acf96283.php 第 157 行.
NOTIC: [2] Illegal string offset 'address' D:\xampp\htdocs\HouseR\Application\Runtime\Cache\Home\b29b1e167bb03e3f834dcac5acf96283.php 第 158 行.
INFO: Run Behavior\ParseTemplateBehavior [ RunTime:0.259499s ]
INFO: [ view_parse ] --END-- [ RunTime:0.259530s ]
INFO: [ view_filter ] --START--
INFO: Run Behavior\WriteHtmlCacheBehavior [ RunTime:0.000820s ]
INFO: [ view_filter ] --END-- [ RunTime:0.000859s ]
INFO: [ app_end ] --START--
INFO: Run Behavior\ShowPageTraceBehavior [ RunTime:0.002585s ]
INFO: [ app_end ] --END-- [ RunTime:0.002642s ]

[ 2019-09-23T14:36:02+08:00 ] 127.0.0.1 /HouseR/Home/rent/get_message
INFO: [ app_init ] --START--
INFO: Run Behavior\BuildLiteBehavior [ RunTime:0.000012s ]
INFO: [ app_init ] --END-- [ RunTime:0.000925s ]
INFO: [ app_begin ] --START--
INFO: Run Behavior\ReadHtmlCacheBehavior [ RunTime:0.001631s ]
INFO: [ app_begin ] --END-- [ RunTime:0.001701s ]
SQL: SHOW COLUMNS FROM `message` [ RunTime:0.0427s ]
ERR: 1064:You have an error in your SQL syntax; check the manual that corresponds to your MariaDB server version for the right syntax to use near 'AND isRead=0 ) LIMIT 1' at line 1
 [ SQL语句 ] : SELECT COUNT(*) AS tp_count FROM `message` WHERE ( r_id= AND isRead=0 ) LIMIT 1  
ERR: 1064:You have an error in your SQL syntax; check the manual that corresponds to your MariaDB server version for the right syntax to use near 'AND isRead=0 ) LIMIT 1' at line 1
 [ SQL语句 ] : SELECT COUNT(*) AS tp_count FROM `message` WHERE ( r_id= AND isRead=0 ) LIMIT 1  

