[ 2019-09-21T16:22:33+08:00 ] 127.0.0.1 /HouseR/Home/rent
INFO: [ app_init ] --START--
INFO: Run Behavior\BuildLiteBehavior [ RunTime:0.000015s ]
INFO: [ app_init ] --END-- [ RunTime:0.058539s ]
INFO: [ app_begin ] --START--
INFO: Run Behavior\ReadHtmlCacheBehavior [ RunTime:0.031876s ]
INFO: [ app_begin ] --END-- [ RunTime:0.031913s ]
SQL: SHOW COLUMNS FROM `house` [ RunTime:0.0321s ]
SQL: SELECT COUNT(*) AS tp_count FROM `house` INNER JOIN image INNER JOIN city INNER JOIN city c ON image.`house_id`=house.`id` AND image.`top`=1 AND city.`id`=house.`city` AND c.`id`=house.`location`  WHERE `city` = 3 AND `status` = 1 LIMIT 1   [ RunTime:0.1382s ]
SQL: SELECT house.*,image.path,city.cityname,c.cityname AS locationName FROM `house` INNER JOIN image INNER JOIN city INNER JOIN city c ON image.`house_id`=house.`id` AND image.`top`=1 AND city.`id`=house.`city` AND c.`id`=house.`location`  WHERE `city` = 3 AND `status` = 1 ORDER BY `add_time` DESC LIMIT 0,2   [ RunTime:0.0011s ]
SQL: SHOW COLUMNS FROM `city` [ RunTime:0.0169s ]
SQL: SELECT * FROM `city` WHERE ( pid=3 )  [ RunTime:0.0003s ]
SQL: SELECT * FROM `city` WHERE ( type=2 )  [ RunTime:0.0002s ]
INFO: [ view_parse ] --START--
INFO: [ template_filter ] --START--
INFO: Run Behavior\ContentReplaceBehavior [ RunTime:0.017530s ]
INFO: [ template_filter ] --END-- [ RunTime:0.017567s ]
NOTIC: [2] Illegal string offset 'title' D:\xampp\htdocs\HouseR\Application\Runtime\Cache\Home\b29b1e167bb03e3f834dcac5acf96283.php 第 155 行.
NOTIC: [2] Illegal string offset 'data' D:\xampp\htdocs\HouseR\Application\Runtime\Cache\Home\b29b1e167bb03e3f834dcac5acf96283.php 第 157 行.
NOTIC: [2] Illegal string offset 'livingrooms' D:\xampp\htdocs\HouseR\Application\Runtime\Cache\Home\b29b1e167bb03e3f834dcac5acf96283.php 第 157 行.
NOTIC: [2] Illegal string offset 'rooms' D:\xampp\htdocs\HouseR\Application\Runtime\Cache\Home\b29b1e167bb03e3f834dcac5acf96283.php 第 157 行.
NOTIC: [2] Illegal string offset 'address' D:\xampp\htdocs\HouseR\Application\Runtime\Cache\Home\b29b1e167bb03e3f834dcac5acf96283.php 第 158 行.
INFO: Run Behavior\ParseTemplateBehavior [ RunTime:0.544552s ]
INFO: [ view_parse ] --END-- [ RunTime:0.544585s ]
INFO: [ view_filter ] --START--
INFO: Run Behavior\WriteHtmlCacheBehavior [ RunTime:0.051097s ]
INFO: [ view_filter ] --END-- [ RunTime:0.051126s ]
INFO: [ app_end ] --START--
INFO: Run Behavior\ShowPageTraceBehavior [ RunTime:0.067247s ]
INFO: [ app_end ] --END-- [ RunTime:0.067285s ]

