[ 2019-09-24T13:25:58+08:00 ] 127.0.0.1 /HouseR/Home/rent
INFO: [ app_init ] --START--
INFO: Run Behavior\BuildLiteBehavior [ RunTime:0.000023s ]
INFO: [ app_init ] --END-- [ RunTime:0.241859s ]
INFO: [ app_begin ] --START--
INFO: Run Behavior\ReadHtmlCacheBehavior [ RunTime:0.196112s ]
INFO: [ app_begin ] --END-- [ RunTime:0.196204s ]
SQL: SHOW COLUMNS FROM `house` [ RunTime:0.5150s ]
SQL: SELECT COUNT(*) AS tp_count FROM `house` INNER JOIN image INNER JOIN city INNER JOIN city c ON image.`house_id`=house.`id` AND image.`top`=1 AND city.`id`=house.`city` AND c.`id`=house.`location`  WHERE `city` = 3 AND `status` = 1 LIMIT 1   [ RunTime:0.6562s ]
SQL: SELECT house.*,image.path,city.cityname,c.cityname AS locationName FROM `house` INNER JOIN image INNER JOIN city INNER JOIN city c ON image.`house_id`=house.`id` AND image.`top`=1 AND city.`id`=house.`city` AND c.`id`=house.`location`  WHERE `city` = 3 AND `status` = 1 ORDER BY `add_time` DESC LIMIT 0,2   [ RunTime:0.0452s ]
SQL: SHOW COLUMNS FROM `city` [ RunTime:0.0783s ]
SQL: SELECT * FROM `city` WHERE ( pid=3 )  [ RunTime:0.0020s ]
SQL: SELECT * FROM `city` WHERE ( type=2 )  [ RunTime:0.0004s ]
INFO: [ view_parse ] --START--
INFO: [ template_filter ] --START--
INFO: Run Behavior\ContentReplaceBehavior [ RunTime:0.020185s ]
INFO: [ template_filter ] --END-- [ RunTime:0.020335s ]
NOTIC: [2] Illegal string offset 'title' D:\xampp\htdocs\HouseR\Application\Runtime\Cache\Home\b29b1e167bb03e3f834dcac5acf96283.php 第 155 行.
NOTIC: [2] Illegal string offset 'data' D:\xampp\htdocs\HouseR\Application\Runtime\Cache\Home\b29b1e167bb03e3f834dcac5acf96283.php 第 157 行.
NOTIC: [2] Illegal string offset 'livingrooms' D:\xampp\htdocs\HouseR\Application\Runtime\Cache\Home\b29b1e167bb03e3f834dcac5acf96283.php 第 157 行.
NOTIC: [2] Illegal string offset 'rooms' D:\xampp\htdocs\HouseR\Application\Runtime\Cache\Home\b29b1e167bb03e3f834dcac5acf96283.php 第 157 行.
NOTIC: [2] Illegal string offset 'address' D:\xampp\htdocs\HouseR\Application\Runtime\Cache\Home\b29b1e167bb03e3f834dcac5acf96283.php 第 158 行.
INFO: Run Behavior\ParseTemplateBehavior [ RunTime:0.917710s ]
INFO: [ view_parse ] --END-- [ RunTime:0.917765s ]
INFO: [ view_filter ] --START--
INFO: Run Behavior\WriteHtmlCacheBehavior [ RunTime:0.069005s ]
INFO: [ view_filter ] --END-- [ RunTime:0.069169s ]
INFO: [ app_end ] --START--
INFO: Run Behavior\ShowPageTraceBehavior [ RunTime:0.128960s ]
INFO: [ app_end ] --END-- [ RunTime:0.129048s ]

[ 2019-09-24T13:26:01+08:00 ] 127.0.0.1 /HouseR/Home/rent/get_message
INFO: [ app_init ] --START--
INFO: Run Behavior\BuildLiteBehavior [ RunTime:0.000022s ]
INFO: [ app_init ] --END-- [ RunTime:0.001304s ]
INFO: [ app_begin ] --START--
INFO: Run Behavior\ReadHtmlCacheBehavior [ RunTime:0.002859s ]
INFO: [ app_begin ] --END-- [ RunTime:0.002916s ]
SQL: SHOW COLUMNS FROM `message` [ RunTime:0.6309s ]
ERR: 1064:You have an error in your SQL syntax; check the manual that corresponds to your MariaDB server version for the right syntax to use near 'AND isRead=0 ) LIMIT 1' at line 1
 [ SQL语句 ] : SELECT COUNT(*) AS tp_count FROM `message` WHERE ( r_id= AND isRead=0 ) LIMIT 1  
ERR: 1064:You have an error in your SQL syntax; check the manual that corresponds to your MariaDB server version for the right syntax to use near 'AND isRead=0 ) LIMIT 1' at line 1
 [ SQL语句 ] : SELECT COUNT(*) AS tp_count FROM `message` WHERE ( r_id= AND isRead=0 ) LIMIT 1  

[ 2019-09-24T13:26:04+08:00 ] 127.0.0.1 /HouseR/index.php/Home/Rent/index/city/3/p/4
INFO: [ app_init ] --START--
INFO: Run Behavior\BuildLiteBehavior [ RunTime:0.000034s ]
INFO: [ app_init ] --END-- [ RunTime:0.001327s ]
INFO: [ app_begin ] --START--
INFO: Run Behavior\ReadHtmlCacheBehavior [ RunTime:0.002555s ]
INFO: [ app_begin ] --END-- [ RunTime:0.002659s ]
SQL: SHOW COLUMNS FROM `house` [ RunTime:0.3180s ]
SQL: SELECT COUNT(*) AS tp_count FROM `house` INNER JOIN image INNER JOIN city INNER JOIN city c ON image.`house_id`=house.`id` AND image.`top`=1 AND city.`id`=house.`city` AND c.`id`=house.`location`  WHERE `city` = '3' AND `status` = 1 LIMIT 1   [ RunTime:0.0066s ]
SQL: SELECT house.*,image.path,city.cityname,c.cityname AS locationName FROM `house` INNER JOIN image INNER JOIN city INNER JOIN city c ON image.`house_id`=house.`id` AND image.`top`=1 AND city.`id`=house.`city` AND c.`id`=house.`location`  WHERE `city` = '3' AND `status` = 1 ORDER BY `add_time` DESC LIMIT 6,2   [ RunTime:0.0065s ]
SQL: SHOW COLUMNS FROM `city` [ RunTime:0.0380s ]
SQL: SELECT * FROM `city` WHERE ( pid=3 )  [ RunTime:0.0003s ]
SQL: SELECT * FROM `city` WHERE ( type=2 )  [ RunTime:0.0005s ]
INFO: [ view_parse ] --START--
INFO: [ template_filter ] --START--
INFO: Run Behavior\ContentReplaceBehavior [ RunTime:0.000332s ]
INFO: [ template_filter ] --END-- [ RunTime:0.000410s ]
NOTIC: [2] Illegal string offset 'title' D:\xampp\htdocs\HouseR\Application\Runtime\Cache\Home\b29b1e167bb03e3f834dcac5acf96283.php 第 155 行.
NOTIC: [2] Illegal string offset 'data' D:\xampp\htdocs\HouseR\Application\Runtime\Cache\Home\b29b1e167bb03e3f834dcac5acf96283.php 第 157 行.
NOTIC: [2] Illegal string offset 'livingrooms' D:\xampp\htdocs\HouseR\Application\Runtime\Cache\Home\b29b1e167bb03e3f834dcac5acf96283.php 第 157 行.
NOTIC: [2] Illegal string offset 'rooms' D:\xampp\htdocs\HouseR\Application\Runtime\Cache\Home\b29b1e167bb03e3f834dcac5acf96283.php 第 157 行.
NOTIC: [2] Illegal string offset 'address' D:\xampp\htdocs\HouseR\Application\Runtime\Cache\Home\b29b1e167bb03e3f834dcac5acf96283.php 第 158 行.
INFO: Run Behavior\ParseTemplateBehavior [ RunTime:0.211913s ]
INFO: [ view_parse ] --END-- [ RunTime:0.211965s ]
INFO: [ view_filter ] --START--
INFO: Run Behavior\WriteHtmlCacheBehavior [ RunTime:0.002277s ]
INFO: [ view_filter ] --END-- [ RunTime:0.002322s ]
INFO: [ app_end ] --START--
INFO: Run Behavior\ShowPageTraceBehavior [ RunTime:0.003207s ]
INFO: [ app_end ] --END-- [ RunTime:0.003267s ]

[ 2019-09-24T13:26:05+08:00 ] 127.0.0.1 /HouseR/Home/rent/get_message
INFO: [ app_init ] --START--
INFO: Run Behavior\BuildLiteBehavior [ RunTime:0.000017s ]
INFO: [ app_init ] --END-- [ RunTime:0.002117s ]
INFO: [ app_begin ] --START--
INFO: Run Behavior\ReadHtmlCacheBehavior [ RunTime:0.018073s ]
INFO: [ app_begin ] --END-- [ RunTime:0.018125s ]
SQL: SHOW COLUMNS FROM `message` [ RunTime:0.1072s ]
ERR: 1064:You have an error in your SQL syntax; check the manual that corresponds to your MariaDB server version for the right syntax to use near 'AND isRead=0 ) LIMIT 1' at line 1
 [ SQL语句 ] : SELECT COUNT(*) AS tp_count FROM `message` WHERE ( r_id= AND isRead=0 ) LIMIT 1  
ERR: 1064:You have an error in your SQL syntax; check the manual that corresponds to your MariaDB server version for the right syntax to use near 'AND isRead=0 ) LIMIT 1' at line 1
 [ SQL语句 ] : SELECT COUNT(*) AS tp_count FROM `message` WHERE ( r_id= AND isRead=0 ) LIMIT 1  

[ 2019-09-24T13:26:08+08:00 ] 127.0.0.1 /HouseR/index.php/Home/Rent/index/city/3/p/4/condition/r4
INFO: [ app_init ] --START--
INFO: Run Behavior\BuildLiteBehavior [ RunTime:0.000012s ]
INFO: [ app_init ] --END-- [ RunTime:0.000877s ]
INFO: [ app_begin ] --START--
INFO: Run Behavior\ReadHtmlCacheBehavior [ RunTime:0.001696s ]
INFO: [ app_begin ] --END-- [ RunTime:0.001751s ]
SQL: SHOW COLUMNS FROM `house` [ RunTime:0.0364s ]
SQL: SELECT COUNT(*) AS tp_count FROM `house` INNER JOIN image INNER JOIN city INNER JOIN city c ON image.`house_id`=house.`id` AND image.`top`=1 AND city.`id`=house.`city` AND c.`id`=house.`location`  WHERE `city` = '3' AND ( `rooms` = 4  ) AND `status` = 1 LIMIT 1   [ RunTime:0.0010s ]
SQL: SELECT house.*,image.path,city.cityname,c.cityname AS locationName FROM `house` INNER JOIN image INNER JOIN city INNER JOIN city c ON image.`house_id`=house.`id` AND image.`top`=1 AND city.`id`=house.`city` AND c.`id`=house.`location`  WHERE `city` = '3' AND ( `rooms` = 4  ) AND `status` = 1 ORDER BY `add_time` DESC LIMIT 6,2   [ RunTime:0.0010s ]
SQL: SHOW COLUMNS FROM `city` [ RunTime:0.0238s ]
SQL: SELECT * FROM `city` WHERE ( pid=3 )  [ RunTime:0.0005s ]
SQL: SELECT * FROM `city` WHERE ( type=2 )  [ RunTime:0.0003s ]
INFO: [ view_parse ] --START--
INFO: [ template_filter ] --START--
INFO: Run Behavior\ContentReplaceBehavior [ RunTime:0.000185s ]
INFO: [ template_filter ] --END-- [ RunTime:0.000232s ]
NOTIC: [2] Illegal string offset 'title' D:\xampp\htdocs\HouseR\Application\Runtime\Cache\Home\b29b1e167bb03e3f834dcac5acf96283.php 第 155 行.
NOTIC: [2] Illegal string offset 'data' D:\xampp\htdocs\HouseR\Application\Runtime\Cache\Home\b29b1e167bb03e3f834dcac5acf96283.php 第 157 行.
NOTIC: [2] Illegal string offset 'livingrooms' D:\xampp\htdocs\HouseR\Application\Runtime\Cache\Home\b29b1e167bb03e3f834dcac5acf96283.php 第 157 行.
NOTIC: [2] Illegal string offset 'rooms' D:\xampp\htdocs\HouseR\Application\Runtime\Cache\Home\b29b1e167bb03e3f834dcac5acf96283.php 第 157 行.
NOTIC: [2] Illegal string offset 'address' D:\xampp\htdocs\HouseR\Application\Runtime\Cache\Home\b29b1e167bb03e3f834dcac5acf96283.php 第 158 行.
INFO: Run Behavior\ParseTemplateBehavior [ RunTime:0.139401s ]
INFO: [ view_parse ] --END-- [ RunTime:0.139449s ]
INFO: [ view_filter ] --START--
INFO: Run Behavior\WriteHtmlCacheBehavior [ RunTime:0.002436s ]
INFO: [ view_filter ] --END-- [ RunTime:0.002518s ]
INFO: [ app_end ] --START--
INFO: Run Behavior\ShowPageTraceBehavior [ RunTime:0.002784s ]
INFO: [ app_end ] --END-- [ RunTime:0.003026s ]

[ 2019-09-24T13:26:09+08:00 ] 127.0.0.1 /HouseR/Home/rent/get_message
INFO: [ app_init ] --START--
INFO: Run Behavior\BuildLiteBehavior [ RunTime:0.000041s ]
INFO: [ app_init ] --END-- [ RunTime:0.001199s ]
INFO: [ app_begin ] --START--
INFO: Run Behavior\ReadHtmlCacheBehavior [ RunTime:0.003870s ]
INFO: [ app_begin ] --END-- [ RunTime:0.004395s ]
SQL: SHOW COLUMNS FROM `message` [ RunTime:0.0805s ]
ERR: 1064:You have an error in your SQL syntax; check the manual that corresponds to your MariaDB server version for the right syntax to use near 'AND isRead=0 ) LIMIT 1' at line 1
 [ SQL语句 ] : SELECT COUNT(*) AS tp_count FROM `message` WHERE ( r_id= AND isRead=0 ) LIMIT 1  
ERR: 1064:You have an error in your SQL syntax; check the manual that corresponds to your MariaDB server version for the right syntax to use near 'AND isRead=0 ) LIMIT 1' at line 1
 [ SQL语句 ] : SELECT COUNT(*) AS tp_count FROM `message` WHERE ( r_id= AND isRead=0 ) LIMIT 1  

[ 2019-09-24T13:26:11+08:00 ] 127.0.0.1 /HouseR/index.php/Home/Rent/index/city/3/p/1/condition/r4-p3
INFO: [ app_init ] --START--
INFO: Run Behavior\BuildLiteBehavior [ RunTime:0.000013s ]
INFO: [ app_init ] --END-- [ RunTime:0.001034s ]
INFO: [ app_begin ] --START--
INFO: Run Behavior\ReadHtmlCacheBehavior [ RunTime:0.002252s ]
INFO: [ app_begin ] --END-- [ RunTime:0.002644s ]
SQL: SHOW COLUMNS FROM `house` [ RunTime:0.0441s ]
NOTIC: [2] strtoupper() expects parameter 1 to be string, array given D:\xampp\htdocs\HouseR\ThinkPHP\Library\Think\Db\Driver.class.php 第 656 行.
NOTIC: [2] strtolower() expects parameter 1 to be string, array given D:\xampp\htdocs\HouseR\ThinkPHP\Library\Think\Db\Driver.class.php 第 664 行.
SQL: SELECT COUNT(*) AS tp_count FROM `house` INNER JOIN image INNER JOIN city INNER JOIN city c ON image.`house_id`=house.`id` AND image.`top`=1 AND city.`id`=house.`city` AND c.`id`=house.`location`  WHERE `city` = '3' AND ( ( `price` > 1000 AND `price` <= 1500  )  ) AND ( `rooms` = 4  ) AND `status` = 1 LIMIT 1   [ RunTime:0.0006s ]
NOTIC: [2] strtoupper() expects parameter 1 to be string, array given D:\xampp\htdocs\HouseR\ThinkPHP\Library\Think\Db\Driver.class.php 第 656 行.
NOTIC: [2] strtolower() expects parameter 1 to be string, array given D:\xampp\htdocs\HouseR\ThinkPHP\Library\Think\Db\Driver.class.php 第 664 行.
SQL: SELECT house.*,image.path,city.cityname,c.cityname AS locationName FROM `house` INNER JOIN image INNER JOIN city INNER JOIN city c ON image.`house_id`=house.`id` AND image.`top`=1 AND city.`id`=house.`city` AND c.`id`=house.`location`  WHERE `city` = '3' AND ( ( `price` > 1000 AND `price` <= 1500  )  ) AND ( `rooms` = 4  ) AND `status` = 1 ORDER BY `add_time` DESC LIMIT 0,2   [ RunTime:0.0009s ]
SQL: SHOW COLUMNS FROM `city` [ RunTime:0.0259s ]
SQL: SELECT * FROM `city` WHERE ( pid=3 )  [ RunTime:0.0005s ]
SQL: SELECT * FROM `city` WHERE ( type=2 )  [ RunTime:0.0005s ]
INFO: [ view_parse ] --START--
INFO: [ template_filter ] --START--
INFO: Run Behavior\ContentReplaceBehavior [ RunTime:0.000318s ]
INFO: [ template_filter ] --END-- [ RunTime:0.000371s ]
NOTIC: [2] Illegal string offset 'title' D:\xampp\htdocs\HouseR\Application\Runtime\Cache\Home\b29b1e167bb03e3f834dcac5acf96283.php 第 155 行.
NOTIC: [2] Illegal string offset 'data' D:\xampp\htdocs\HouseR\Application\Runtime\Cache\Home\b29b1e167bb03e3f834dcac5acf96283.php 第 157 行.
NOTIC: [2] Illegal string offset 'livingrooms' D:\xampp\htdocs\HouseR\Application\Runtime\Cache\Home\b29b1e167bb03e3f834dcac5acf96283.php 第 157 行.
NOTIC: [2] Illegal string offset 'rooms' D:\xampp\htdocs\HouseR\Application\Runtime\Cache\Home\b29b1e167bb03e3f834dcac5acf96283.php 第 157 行.
NOTIC: [2] Illegal string offset 'address' D:\xampp\htdocs\HouseR\Application\Runtime\Cache\Home\b29b1e167bb03e3f834dcac5acf96283.php 第 158 行.
INFO: Run Behavior\ParseTemplateBehavior [ RunTime:0.161322s ]
INFO: [ view_parse ] --END-- [ RunTime:0.161385s ]
INFO: [ view_filter ] --START--
INFO: Run Behavior\WriteHtmlCacheBehavior [ RunTime:0.001378s ]
INFO: [ view_filter ] --END-- [ RunTime:0.001416s ]
INFO: [ app_end ] --START--
INFO: Run Behavior\ShowPageTraceBehavior [ RunTime:0.002600s ]
INFO: [ app_end ] --END-- [ RunTime:0.002675s ]

[ 2019-09-24T13:26:11+08:00 ] 127.0.0.1 /HouseR/Home/rent/get_message
INFO: [ app_init ] --START--
INFO: Run Behavior\BuildLiteBehavior [ RunTime:0.000015s ]
INFO: [ app_init ] --END-- [ RunTime:0.001239s ]
INFO: [ app_begin ] --START--
INFO: Run Behavior\ReadHtmlCacheBehavior [ RunTime:0.002117s ]
INFO: [ app_begin ] --END-- [ RunTime:0.002179s ]
SQL: SHOW COLUMNS FROM `message` [ RunTime:0.0919s ]
ERR: 1064:You have an error in your SQL syntax; check the manual that corresponds to your MariaDB server version for the right syntax to use near 'AND isRead=0 ) LIMIT 1' at line 1
 [ SQL语句 ] : SELECT COUNT(*) AS tp_count FROM `message` WHERE ( r_id= AND isRead=0 ) LIMIT 1  
ERR: 1064:You have an error in your SQL syntax; check the manual that corresponds to your MariaDB server version for the right syntax to use near 'AND isRead=0 ) LIMIT 1' at line 1
 [ SQL语句 ] : SELECT COUNT(*) AS tp_count FROM `message` WHERE ( r_id= AND isRead=0 ) LIMIT 1  

[ 2019-09-24T13:26:12+08:00 ] 127.0.0.1 /HouseR/index.php/Home/Rent/index/city/3/p/1/condition/p3
INFO: [ app_init ] --START--
INFO: Run Behavior\BuildLiteBehavior [ RunTime:0.000013s ]
INFO: [ app_init ] --END-- [ RunTime:0.001000s ]
INFO: [ app_begin ] --START--
INFO: Run Behavior\ReadHtmlCacheBehavior [ RunTime:0.001723s ]
INFO: [ app_begin ] --END-- [ RunTime:0.001788s ]
SQL: SHOW COLUMNS FROM `house` [ RunTime:0.0337s ]
NOTIC: [2] strtoupper() expects parameter 1 to be string, array given D:\xampp\htdocs\HouseR\ThinkPHP\Library\Think\Db\Driver.class.php 第 656 行.
NOTIC: [2] strtolower() expects parameter 1 to be string, array given D:\xampp\htdocs\HouseR\ThinkPHP\Library\Think\Db\Driver.class.php 第 664 行.
SQL: SELECT COUNT(*) AS tp_count FROM `house` INNER JOIN image INNER JOIN city INNER JOIN city c ON image.`house_id`=house.`id` AND image.`top`=1 AND city.`id`=house.`city` AND c.`id`=house.`location`  WHERE `city` = '3' AND ( ( `price` > 1000 AND `price` <= 1500  )  ) AND `status` = 1 LIMIT 1   [ RunTime:0.0208s ]
NOTIC: [2] strtoupper() expects parameter 1 to be string, array given D:\xampp\htdocs\HouseR\ThinkPHP\Library\Think\Db\Driver.class.php 第 656 行.
NOTIC: [2] strtolower() expects parameter 1 to be string, array given D:\xampp\htdocs\HouseR\ThinkPHP\Library\Think\Db\Driver.class.php 第 664 行.
SQL: SELECT house.*,image.path,city.cityname,c.cityname AS locationName FROM `house` INNER JOIN image INNER JOIN city INNER JOIN city c ON image.`house_id`=house.`id` AND image.`top`=1 AND city.`id`=house.`city` AND c.`id`=house.`location`  WHERE `city` = '3' AND ( ( `price` > 1000 AND `price` <= 1500  )  ) AND `status` = 1 ORDER BY `add_time` DESC LIMIT 0,2   [ RunTime:0.0015s ]
SQL: SHOW COLUMNS FROM `city` [ RunTime:0.0267s ]
SQL: SELECT * FROM `city` WHERE ( pid=3 )  [ RunTime:0.0003s ]
SQL: SELECT * FROM `city` WHERE ( type=2 )  [ RunTime:0.0002s ]
INFO: [ view_parse ] --START--
INFO: [ template_filter ] --START--
INFO: Run Behavior\ContentReplaceBehavior [ RunTime:0.000347s ]
INFO: [ template_filter ] --END-- [ RunTime:0.000411s ]
NOTIC: [2] Illegal string offset 'title' D:\xampp\htdocs\HouseR\Application\Runtime\Cache\Home\b29b1e167bb03e3f834dcac5acf96283.php 第 155 行.
NOTIC: [2] Illegal string offset 'data' D:\xampp\htdocs\HouseR\Application\Runtime\Cache\Home\b29b1e167bb03e3f834dcac5acf96283.php 第 157 行.
NOTIC: [2] Illegal string offset 'livingrooms' D:\xampp\htdocs\HouseR\Application\Runtime\Cache\Home\b29b1e167bb03e3f834dcac5acf96283.php 第 157 行.
NOTIC: [2] Illegal string offset 'rooms' D:\xampp\htdocs\HouseR\Application\Runtime\Cache\Home\b29b1e167bb03e3f834dcac5acf96283.php 第 157 行.
NOTIC: [2] Illegal string offset 'address' D:\xampp\htdocs\HouseR\Application\Runtime\Cache\Home\b29b1e167bb03e3f834dcac5acf96283.php 第 158 行.
INFO: Run Behavior\ParseTemplateBehavior [ RunTime:0.130500s ]
INFO: [ view_parse ] --END-- [ RunTime:0.130546s ]
INFO: [ view_filter ] --START--
INFO: Run Behavior\WriteHtmlCacheBehavior [ RunTime:0.001275s ]
INFO: [ view_filter ] --END-- [ RunTime:0.001331s ]
INFO: [ app_end ] --START--
INFO: Run Behavior\ShowPageTraceBehavior [ RunTime:0.001997s ]
INFO: [ app_end ] --END-- [ RunTime:0.002086s ]

[ 2019-09-24T13:26:13+08:00 ] 127.0.0.1 /HouseR/Home/rent/get_message
INFO: [ app_init ] --START--
INFO: Run Behavior\BuildLiteBehavior [ RunTime:0.000012s ]
INFO: [ app_init ] --END-- [ RunTime:0.001047s ]
INFO: [ app_begin ] --START--
INFO: Run Behavior\ReadHtmlCacheBehavior [ RunTime:0.002024s ]
INFO: [ app_begin ] --END-- [ RunTime:0.002081s ]
SQL: SHOW COLUMNS FROM `message` [ RunTime:0.0392s ]
ERR: 1064:You have an error in your SQL syntax; check the manual that corresponds to your MariaDB server version for the right syntax to use near 'AND isRead=0 ) LIMIT 1' at line 1
 [ SQL语句 ] : SELECT COUNT(*) AS tp_count FROM `message` WHERE ( r_id= AND isRead=0 ) LIMIT 1  
ERR: 1064:You have an error in your SQL syntax; check the manual that corresponds to your MariaDB server version for the right syntax to use near 'AND isRead=0 ) LIMIT 1' at line 1
 [ SQL语句 ] : SELECT COUNT(*) AS tp_count FROM `message` WHERE ( r_id= AND isRead=0 ) LIMIT 1  

[ 2019-09-24T13:26:19+08:00 ] 127.0.0.1 /HouseR/index.php/Home/Rent/index/city/3/p/1/condition/p3-a3
INFO: [ app_init ] --START--
INFO: Run Behavior\BuildLiteBehavior [ RunTime:0.000014s ]
INFO: [ app_init ] --END-- [ RunTime:0.001123s ]
INFO: [ app_begin ] --START--
INFO: Run Behavior\ReadHtmlCacheBehavior [ RunTime:0.001756s ]
INFO: [ app_begin ] --END-- [ RunTime:0.001814s ]
SQL: SHOW COLUMNS FROM `house` [ RunTime:0.0478s ]
NOTIC: [2] strtoupper() expects parameter 1 to be string, array given D:\xampp\htdocs\HouseR\ThinkPHP\Library\Think\Db\Driver.class.php 第 656 行.
NOTIC: [2] strtolower() expects parameter 1 to be string, array given D:\xampp\htdocs\HouseR\ThinkPHP\Library\Think\Db\Driver.class.php 第 664 行.
NOTIC: [2] strtoupper() expects parameter 1 to be string, array given D:\xampp\htdocs\HouseR\ThinkPHP\Library\Think\Db\Driver.class.php 第 656 行.
NOTIC: [2] strtolower() expects parameter 1 to be string, array given D:\xampp\htdocs\HouseR\ThinkPHP\Library\Think\Db\Driver.class.php 第 664 行.
SQL: SELECT COUNT(*) AS tp_count FROM `house` INNER JOIN image INNER JOIN city INNER JOIN city c ON image.`house_id`=house.`id` AND image.`top`=1 AND city.`id`=house.`city` AND c.`id`=house.`location`  WHERE `city` = '3' AND ( ( `price` > 1000 AND `price` <= 1500  )  ) AND ( ( `area` > 70 AND `area` <= 100  )  ) AND `status` = 1 LIMIT 1   [ RunTime:0.0012s ]
NOTIC: [2] strtoupper() expects parameter 1 to be string, array given D:\xampp\htdocs\HouseR\ThinkPHP\Library\Think\Db\Driver.class.php 第 656 行.
NOTIC: [2] strtolower() expects parameter 1 to be string, array given D:\xampp\htdocs\HouseR\ThinkPHP\Library\Think\Db\Driver.class.php 第 664 行.
NOTIC: [2] strtoupper() expects parameter 1 to be string, array given D:\xampp\htdocs\HouseR\ThinkPHP\Library\Think\Db\Driver.class.php 第 656 行.
NOTIC: [2] strtolower() expects parameter 1 to be string, array given D:\xampp\htdocs\HouseR\ThinkPHP\Library\Think\Db\Driver.class.php 第 664 行.
SQL: SELECT house.*,image.path,city.cityname,c.cityname AS locationName FROM `house` INNER JOIN image INNER JOIN city INNER JOIN city c ON image.`house_id`=house.`id` AND image.`top`=1 AND city.`id`=house.`city` AND c.`id`=house.`location`  WHERE `city` = '3' AND ( ( `price` > 1000 AND `price` <= 1500  )  ) AND ( ( `area` > 70 AND `area` <= 100  )  ) AND `status` = 1 ORDER BY `add_time` DESC LIMIT 0,2   [ RunTime:0.0010s ]
SQL: SHOW COLUMNS FROM `city` [ RunTime:0.0287s ]
SQL: SELECT * FROM `city` WHERE ( pid=3 )  [ RunTime:0.0006s ]
SQL: SELECT * FROM `city` WHERE ( type=2 )  [ RunTime:0.0004s ]
INFO: [ view_parse ] --START--
INFO: [ template_filter ] --START--
INFO: Run Behavior\ContentReplaceBehavior [ RunTime:0.000348s ]
INFO: [ template_filter ] --END-- [ RunTime:0.000414s ]
NOTIC: [2] Illegal string offset 'title' D:\xampp\htdocs\HouseR\Application\Runtime\Cache\Home\b29b1e167bb03e3f834dcac5acf96283.php 第 155 行.
NOTIC: [2] Illegal string offset 'data' D:\xampp\htdocs\HouseR\Application\Runtime\Cache\Home\b29b1e167bb03e3f834dcac5acf96283.php 第 157 行.
NOTIC: [2] Illegal string offset 'livingrooms' D:\xampp\htdocs\HouseR\Application\Runtime\Cache\Home\b29b1e167bb03e3f834dcac5acf96283.php 第 157 行.
NOTIC: [2] Illegal string offset 'rooms' D:\xampp\htdocs\HouseR\Application\Runtime\Cache\Home\b29b1e167bb03e3f834dcac5acf96283.php 第 157 行.
NOTIC: [2] Illegal string offset 'address' D:\xampp\htdocs\HouseR\Application\Runtime\Cache\Home\b29b1e167bb03e3f834dcac5acf96283.php 第 158 行.
INFO: Run Behavior\ParseTemplateBehavior [ RunTime:0.179502s ]
INFO: [ view_parse ] --END-- [ RunTime:0.179555s ]
INFO: [ view_filter ] --START--
INFO: Run Behavior\WriteHtmlCacheBehavior [ RunTime:0.001376s ]
INFO: [ view_filter ] --END-- [ RunTime:0.001425s ]
INFO: [ app_end ] --START--
INFO: Run Behavior\ShowPageTraceBehavior [ RunTime:0.001924s ]
INFO: [ app_end ] --END-- [ RunTime:0.001989s ]

[ 2019-09-24T13:26:20+08:00 ] 127.0.0.1 /HouseR/Home/rent/get_message
INFO: [ app_init ] --START--
INFO: Run Behavior\BuildLiteBehavior [ RunTime:0.000014s ]
INFO: [ app_init ] --END-- [ RunTime:0.001377s ]
INFO: [ app_begin ] --START--
INFO: Run Behavior\ReadHtmlCacheBehavior [ RunTime:0.002919s ]
INFO: [ app_begin ] --END-- [ RunTime:0.002976s ]
SQL: SHOW COLUMNS FROM `message` [ RunTime:0.2018s ]
ERR: 1064:You have an error in your SQL syntax; check the manual that corresponds to your MariaDB server version for the right syntax to use near 'AND isRead=0 ) LIMIT 1' at line 1
 [ SQL语句 ] : SELECT COUNT(*) AS tp_count FROM `message` WHERE ( r_id= AND isRead=0 ) LIMIT 1  
ERR: 1064:You have an error in your SQL syntax; check the manual that corresponds to your MariaDB server version for the right syntax to use near 'AND isRead=0 ) LIMIT 1' at line 1
 [ SQL语句 ] : SELECT COUNT(*) AS tp_count FROM `message` WHERE ( r_id= AND isRead=0 ) LIMIT 1  

[ 2019-09-24T13:26:22+08:00 ] 127.0.0.1 /HouseR/index.php/Home/Rent/index/city/3/p/1/condition/p3-a3-p2
INFO: [ app_init ] --START--
INFO: Run Behavior\BuildLiteBehavior [ RunTime:0.000015s ]
INFO: [ app_init ] --END-- [ RunTime:0.001861s ]
INFO: [ app_begin ] --START--
INFO: Run Behavior\ReadHtmlCacheBehavior [ RunTime:0.001905s ]
INFO: [ app_begin ] --END-- [ RunTime:0.001966s ]
SQL: SHOW COLUMNS FROM `house` [ RunTime:0.0435s ]
NOTIC: [2] strtolower() expects parameter 1 to be string, array given D:\xampp\htdocs\HouseR\ThinkPHP\Library\Think\Db\Driver.class.php 第 664 行.
NOTIC: [2] strtolower() expects parameter 1 to be string, array given D:\xampp\htdocs\HouseR\ThinkPHP\Library\Think\Db\Driver.class.php 第 664 行.
NOTIC: [2] strtoupper() expects parameter 1 to be string, array given D:\xampp\htdocs\HouseR\ThinkPHP\Library\Think\Db\Driver.class.php 第 656 行.
NOTIC: [2] strtolower() expects parameter 1 to be string, array given D:\xampp\htdocs\HouseR\ThinkPHP\Library\Think\Db\Driver.class.php 第 664 行.
SQL: SELECT COUNT(*) AS tp_count FROM `house` INNER JOIN image INNER JOIN city INNER JOIN city c ON image.`house_id`=house.`id` AND image.`top`=1 AND city.`id`=house.`city` AND c.`id`=house.`location`  WHERE `city` = '3' AND ( ( `price` > 1000 AND `price` <= 1500  ) OR ( `price` > 500 AND `price` <= 1000  ) ) AND ( ( `area` > 70 AND `area` <= 100  )  ) AND `status` = 1 LIMIT 1   [ RunTime:0.0011s ]
NOTIC: [2] strtolower() expects parameter 1 to be string, array given D:\xampp\htdocs\HouseR\ThinkPHP\Library\Think\Db\Driver.class.php 第 664 行.
NOTIC: [2] strtolower() expects parameter 1 to be string, array given D:\xampp\htdocs\HouseR\ThinkPHP\Library\Think\Db\Driver.class.php 第 664 行.
NOTIC: [2] strtoupper() expects parameter 1 to be string, array given D:\xampp\htdocs\HouseR\ThinkPHP\Library\Think\Db\Driver.class.php 第 656 行.
NOTIC: [2] strtolower() expects parameter 1 to be string, array given D:\xampp\htdocs\HouseR\ThinkPHP\Library\Think\Db\Driver.class.php 第 664 行.
SQL: SELECT house.*,image.path,city.cityname,c.cityname AS locationName FROM `house` INNER JOIN image INNER JOIN city INNER JOIN city c ON image.`house_id`=house.`id` AND image.`top`=1 AND city.`id`=house.`city` AND c.`id`=house.`location`  WHERE `city` = '3' AND ( ( `price` > 1000 AND `price` <= 1500  ) OR ( `price` > 500 AND `price` <= 1000  ) ) AND ( ( `area` > 70 AND `area` <= 100  )  ) AND `status` = 1 ORDER BY `add_time` DESC LIMIT 0,2   [ RunTime:0.0009s ]
SQL: SHOW COLUMNS FROM `city` [ RunTime:0.0253s ]
SQL: SELECT * FROM `city` WHERE ( pid=3 )  [ RunTime:0.0005s ]
SQL: SELECT * FROM `city` WHERE ( type=2 )  [ RunTime:0.0005s ]
INFO: [ view_parse ] --START--
INFO: [ template_filter ] --START--
INFO: Run Behavior\ContentReplaceBehavior [ RunTime:0.000516s ]
INFO: [ template_filter ] --END-- [ RunTime:0.000610s ]
NOTIC: [2] Illegal string offset 'title' D:\xampp\htdocs\HouseR\Application\Runtime\Cache\Home\b29b1e167bb03e3f834dcac5acf96283.php 第 155 行.
NOTIC: [2] Illegal string offset 'data' D:\xampp\htdocs\HouseR\Application\Runtime\Cache\Home\b29b1e167bb03e3f834dcac5acf96283.php 第 157 行.
NOTIC: [2] Illegal string offset 'livingrooms' D:\xampp\htdocs\HouseR\Application\Runtime\Cache\Home\b29b1e167bb03e3f834dcac5acf96283.php 第 157 行.
NOTIC: [2] Illegal string offset 'rooms' D:\xampp\htdocs\HouseR\Application\Runtime\Cache\Home\b29b1e167bb03e3f834dcac5acf96283.php 第 157 行.
NOTIC: [2] Illegal string offset 'address' D:\xampp\htdocs\HouseR\Application\Runtime\Cache\Home\b29b1e167bb03e3f834dcac5acf96283.php 第 158 行.
INFO: Run Behavior\ParseTemplateBehavior [ RunTime:0.176711s ]
INFO: [ view_parse ] --END-- [ RunTime:0.176831s ]
INFO: [ view_filter ] --START--
INFO: Run Behavior\WriteHtmlCacheBehavior [ RunTime:0.002057s ]
INFO: [ view_filter ] --END-- [ RunTime:0.002113s ]
INFO: [ app_end ] --START--
INFO: Run Behavior\ShowPageTraceBehavior [ RunTime:0.002168s ]
INFO: [ app_end ] --END-- [ RunTime:0.002247s ]

[ 2019-09-24T13:26:22+08:00 ] 127.0.0.1 /HouseR/Home/rent/get_message
INFO: [ app_init ] --START--
INFO: Run Behavior\BuildLiteBehavior [ RunTime:0.000012s ]
INFO: [ app_init ] --END-- [ RunTime:0.001058s ]
INFO: [ app_begin ] --START--
INFO: Run Behavior\ReadHtmlCacheBehavior [ RunTime:0.003344s ]
INFO: [ app_begin ] --END-- [ RunTime:0.003416s ]
SQL: SHOW COLUMNS FROM `message` [ RunTime:0.0418s ]
ERR: 1064:You have an error in your SQL syntax; check the manual that corresponds to your MariaDB server version for the right syntax to use near 'AND isRead=0 ) LIMIT 1' at line 1
 [ SQL语句 ] : SELECT COUNT(*) AS tp_count FROM `message` WHERE ( r_id= AND isRead=0 ) LIMIT 1  
ERR: 1064:You have an error in your SQL syntax; check the manual that corresponds to your MariaDB server version for the right syntax to use near 'AND isRead=0 ) LIMIT 1' at line 1
 [ SQL语句 ] : SELECT COUNT(*) AS tp_count FROM `message` WHERE ( r_id= AND isRead=0 ) LIMIT 1  

[ 2019-09-24T13:26:23+08:00 ] 127.0.0.1 /HouseR/index.php/Home/Rent/index/city/3/p/1/condition/p3-a3-p2-p1
INFO: [ app_init ] --START--
INFO: Run Behavior\BuildLiteBehavior [ RunTime:0.000083s ]
INFO: [ app_init ] --END-- [ RunTime:0.000922s ]
INFO: [ app_begin ] --START--
INFO: Run Behavior\ReadHtmlCacheBehavior [ RunTime:0.001834s ]
INFO: [ app_begin ] --END-- [ RunTime:0.001889s ]
SQL: SHOW COLUMNS FROM `house` [ RunTime:0.0586s ]
NOTIC: [2] strtolower() expects parameter 1 to be string, array given D:\xampp\htdocs\HouseR\ThinkPHP\Library\Think\Db\Driver.class.php 第 664 行.
NOTIC: [2] strtolower() expects parameter 1 to be string, array given D:\xampp\htdocs\HouseR\ThinkPHP\Library\Think\Db\Driver.class.php 第 664 行.
NOTIC: [2] strtoupper() expects parameter 1 to be string, array given D:\xampp\htdocs\HouseR\ThinkPHP\Library\Think\Db\Driver.class.php 第 656 行.
NOTIC: [2] strtolower() expects parameter 1 to be string, array given D:\xampp\htdocs\HouseR\ThinkPHP\Library\Think\Db\Driver.class.php 第 664 行.
SQL: SELECT COUNT(*) AS tp_count FROM `house` INNER JOIN image INNER JOIN city INNER JOIN city c ON image.`house_id`=house.`id` AND image.`top`=1 AND city.`id`=house.`city` AND c.`id`=house.`location`  WHERE `city` = '3' AND ( ( `price` > 1000 AND `price` <= 1500  ) OR ( `price` > 500 AND `price` <= 1000  ) OR `price` <= 500 ) AND ( ( `area` > 70 AND `area` <= 100  )  ) AND `status` = 1 LIMIT 1   [ RunTime:0.0017s ]
NOTIC: [2] strtolower() expects parameter 1 to be string, array given D:\xampp\htdocs\HouseR\ThinkPHP\Library\Think\Db\Driver.class.php 第 664 行.
NOTIC: [2] strtolower() expects parameter 1 to be string, array given D:\xampp\htdocs\HouseR\ThinkPHP\Library\Think\Db\Driver.class.php 第 664 行.
NOTIC: [2] strtoupper() expects parameter 1 to be string, array given D:\xampp\htdocs\HouseR\ThinkPHP\Library\Think\Db\Driver.class.php 第 656 行.
NOTIC: [2] strtolower() expects parameter 1 to be string, array given D:\xampp\htdocs\HouseR\ThinkPHP\Library\Think\Db\Driver.class.php 第 664 行.
SQL: SELECT house.*,image.path,city.cityname,c.cityname AS locationName FROM `house` INNER JOIN image INNER JOIN city INNER JOIN city c ON image.`house_id`=house.`id` AND image.`top`=1 AND city.`id`=house.`city` AND c.`id`=house.`location`  WHERE `city` = '3' AND ( ( `price` > 1000 AND `price` <= 1500  ) OR ( `price` > 500 AND `price` <= 1000  ) OR `price` <= 500 ) AND ( ( `area` > 70 AND `area` <= 100  )  ) AND `status` = 1 ORDER BY `add_time` DESC LIMIT 0,2   [ RunTime:0.0014s ]
SQL: SHOW COLUMNS FROM `city` [ RunTime:0.0407s ]
SQL: SELECT * FROM `city` WHERE ( pid=3 )  [ RunTime:0.0005s ]
SQL: SELECT * FROM `city` WHERE ( type=2 )  [ RunTime:0.0004s ]
INFO: [ view_parse ] --START--
INFO: [ template_filter ] --START--
INFO: Run Behavior\ContentReplaceBehavior [ RunTime:0.000341s ]
INFO: [ template_filter ] --END-- [ RunTime:0.000397s ]
NOTIC: [2] Illegal string offset 'title' D:\xampp\htdocs\HouseR\Application\Runtime\Cache\Home\b29b1e167bb03e3f834dcac5acf96283.php 第 155 行.
NOTIC: [2] Illegal string offset 'data' D:\xampp\htdocs\HouseR\Application\Runtime\Cache\Home\b29b1e167bb03e3f834dcac5acf96283.php 第 157 行.
NOTIC: [2] Illegal string offset 'livingrooms' D:\xampp\htdocs\HouseR\Application\Runtime\Cache\Home\b29b1e167bb03e3f834dcac5acf96283.php 第 157 行.
NOTIC: [2] Illegal string offset 'rooms' D:\xampp\htdocs\HouseR\Application\Runtime\Cache\Home\b29b1e167bb03e3f834dcac5acf96283.php 第 157 行.
NOTIC: [2] Illegal string offset 'address' D:\xampp\htdocs\HouseR\Application\Runtime\Cache\Home\b29b1e167bb03e3f834dcac5acf96283.php 第 158 行.
INFO: Run Behavior\ParseTemplateBehavior [ RunTime:0.129540s ]
INFO: [ view_parse ] --END-- [ RunTime:0.129588s ]
INFO: [ view_filter ] --START--
INFO: Run Behavior\WriteHtmlCacheBehavior [ RunTime:0.002249s ]
INFO: [ view_filter ] --END-- [ RunTime:0.002349s ]
INFO: [ app_end ] --START--
INFO: Run Behavior\ShowPageTraceBehavior [ RunTime:0.002220s ]
INFO: [ app_end ] --END-- [ RunTime:0.002285s ]

[ 2019-09-24T13:26:24+08:00 ] 127.0.0.1 /HouseR/Home/rent/get_message
INFO: [ app_init ] --START--
INFO: Run Behavior\BuildLiteBehavior [ RunTime:0.000011s ]
INFO: [ app_init ] --END-- [ RunTime:0.001133s ]
INFO: [ app_begin ] --START--
INFO: Run Behavior\ReadHtmlCacheBehavior [ RunTime:0.011922s ]
INFO: [ app_begin ] --END-- [ RunTime:0.014331s ]
SQL: SHOW COLUMNS FROM `message` [ RunTime:0.0615s ]
ERR: 1064:You have an error in your SQL syntax; check the manual that corresponds to your MariaDB server version for the right syntax to use near 'AND isRead=0 ) LIMIT 1' at line 1
 [ SQL语句 ] : SELECT COUNT(*) AS tp_count FROM `message` WHERE ( r_id= AND isRead=0 ) LIMIT 1  
ERR: 1064:You have an error in your SQL syntax; check the manual that corresponds to your MariaDB server version for the right syntax to use near 'AND isRead=0 ) LIMIT 1' at line 1
 [ SQL语句 ] : SELECT COUNT(*) AS tp_count FROM `message` WHERE ( r_id= AND isRead=0 ) LIMIT 1  

[ 2019-09-24T13:26:28+08:00 ] 127.0.0.1 /HouseR/index.php/Home/Rent/index/city/3/p/1/condition/p3-p2-p1
INFO: [ app_init ] --START--
INFO: Run Behavior\BuildLiteBehavior [ RunTime:0.000011s ]
INFO: [ app_init ] --END-- [ RunTime:0.001004s ]
INFO: [ app_begin ] --START--
INFO: Run Behavior\ReadHtmlCacheBehavior [ RunTime:0.002430s ]
INFO: [ app_begin ] --END-- [ RunTime:0.002504s ]
SQL: SHOW COLUMNS FROM `house` [ RunTime:0.0382s ]
NOTIC: [2] strtolower() expects parameter 1 to be string, array given D:\xampp\htdocs\HouseR\ThinkPHP\Library\Think\Db\Driver.class.php 第 664 行.
NOTIC: [2] strtolower() expects parameter 1 to be string, array given D:\xampp\htdocs\HouseR\ThinkPHP\Library\Think\Db\Driver.class.php 第 664 行.
SQL: SELECT COUNT(*) AS tp_count FROM `house` INNER JOIN image INNER JOIN city INNER JOIN city c ON image.`house_id`=house.`id` AND image.`top`=1 AND city.`id`=house.`city` AND c.`id`=house.`location`  WHERE `city` = '3' AND ( ( `price` > 1000 AND `price` <= 1500  ) OR ( `price` > 500 AND `price` <= 1000  ) OR `price` <= 500 ) AND `status` = 1 LIMIT 1   [ RunTime:0.0010s ]
NOTIC: [2] strtolower() expects parameter 1 to be string, array given D:\xampp\htdocs\HouseR\ThinkPHP\Library\Think\Db\Driver.class.php 第 664 行.
NOTIC: [2] strtolower() expects parameter 1 to be string, array given D:\xampp\htdocs\HouseR\ThinkPHP\Library\Think\Db\Driver.class.php 第 664 行.
SQL: SELECT house.*,image.path,city.cityname,c.cityname AS locationName FROM `house` INNER JOIN image INNER JOIN city INNER JOIN city c ON image.`house_id`=house.`id` AND image.`top`=1 AND city.`id`=house.`city` AND c.`id`=house.`location`  WHERE `city` = '3' AND ( ( `price` > 1000 AND `price` <= 1500  ) OR ( `price` > 500 AND `price` <= 1000  ) OR `price` <= 500 ) AND `status` = 1 ORDER BY `add_time` DESC LIMIT 0,2   [ RunTime:0.0016s ]
SQL: SHOW COLUMNS FROM `city` [ RunTime:0.0210s ]
SQL: SELECT * FROM `city` WHERE ( pid=3 )  [ RunTime:0.0005s ]
SQL: SELECT * FROM `city` WHERE ( type=2 )  [ RunTime:0.0002s ]
INFO: [ view_parse ] --START--
INFO: [ template_filter ] --START--
INFO: Run Behavior\ContentReplaceBehavior [ RunTime:0.000240s ]
INFO: [ template_filter ] --END-- [ RunTime:0.000296s ]
NOTIC: [2] Illegal string offset 'title' D:\xampp\htdocs\HouseR\Application\Runtime\Cache\Home\b29b1e167bb03e3f834dcac5acf96283.php 第 155 行.
NOTIC: [2] Illegal string offset 'data' D:\xampp\htdocs\HouseR\Application\Runtime\Cache\Home\b29b1e167bb03e3f834dcac5acf96283.php 第 157 行.
NOTIC: [2] Illegal string offset 'livingrooms' D:\xampp\htdocs\HouseR\Application\Runtime\Cache\Home\b29b1e167bb03e3f834dcac5acf96283.php 第 157 行.
NOTIC: [2] Illegal string offset 'rooms' D:\xampp\htdocs\HouseR\Application\Runtime\Cache\Home\b29b1e167bb03e3f834dcac5acf96283.php 第 157 行.
NOTIC: [2] Illegal string offset 'address' D:\xampp\htdocs\HouseR\Application\Runtime\Cache\Home\b29b1e167bb03e3f834dcac5acf96283.php 第 158 行.
INFO: Run Behavior\ParseTemplateBehavior [ RunTime:0.142869s ]
INFO: [ view_parse ] --END-- [ RunTime:0.142951s ]
INFO: [ view_filter ] --START--
INFO: Run Behavior\WriteHtmlCacheBehavior [ RunTime:0.001352s ]
INFO: [ view_filter ] --END-- [ RunTime:0.001558s ]
INFO: [ app_end ] --START--
INFO: Run Behavior\ShowPageTraceBehavior [ RunTime:0.001958s ]
INFO: [ app_end ] --END-- [ RunTime:0.002591s ]

[ 2019-09-24T13:26:28+08:00 ] 127.0.0.1 /HouseR/Home/rent/get_message
INFO: [ app_init ] --START--
INFO: Run Behavior\BuildLiteBehavior [ RunTime:0.000015s ]
INFO: [ app_init ] --END-- [ RunTime:0.000911s ]
INFO: [ app_begin ] --START--
INFO: Run Behavior\ReadHtmlCacheBehavior [ RunTime:0.001621s ]
INFO: [ app_begin ] --END-- [ RunTime:0.001668s ]
SQL: SHOW COLUMNS FROM `message` [ RunTime:0.0399s ]
ERR: 1064:You have an error in your SQL syntax; check the manual that corresponds to your MariaDB server version for the right syntax to use near 'AND isRead=0 ) LIMIT 1' at line 1
 [ SQL语句 ] : SELECT COUNT(*) AS tp_count FROM `message` WHERE ( r_id= AND isRead=0 ) LIMIT 1  
ERR: 1064:You have an error in your SQL syntax; check the manual that corresponds to your MariaDB server version for the right syntax to use near 'AND isRead=0 ) LIMIT 1' at line 1
 [ SQL语句 ] : SELECT COUNT(*) AS tp_count FROM `message` WHERE ( r_id= AND isRead=0 ) LIMIT 1  

[ 2019-09-24T13:27:05+08:00 ] 127.0.0.1 /HouseR/index.php/Home/Rent/index/city/4
INFO: [ app_init ] --START--
INFO: Run Behavior\BuildLiteBehavior [ RunTime:0.000016s ]
INFO: [ app_init ] --END-- [ RunTime:0.001040s ]
INFO: [ app_begin ] --START--
INFO: Run Behavior\ReadHtmlCacheBehavior [ RunTime:0.002118s ]
INFO: [ app_begin ] --END-- [ RunTime:0.002175s ]
SQL: SHOW COLUMNS FROM `house` [ RunTime:0.0497s ]
SQL: SELECT COUNT(*) AS tp_count FROM `house` INNER JOIN image INNER JOIN city INNER JOIN city c ON image.`house_id`=house.`id` AND image.`top`=1 AND city.`id`=house.`city` AND c.`id`=house.`location`  WHERE `city` = '4' AND `status` = 1 LIMIT 1   [ RunTime:0.0084s ]
SQL: SELECT house.*,image.path,city.cityname,c.cityname AS locationName FROM `house` INNER JOIN image INNER JOIN city INNER JOIN city c ON image.`house_id`=house.`id` AND image.`top`=1 AND city.`id`=house.`city` AND c.`id`=house.`location`  WHERE `city` = '4' AND `status` = 1 ORDER BY `add_time` DESC LIMIT 0,2   [ RunTime:0.0049s ]
SQL: SHOW COLUMNS FROM `city` [ RunTime:0.0482s ]
SQL: SELECT * FROM `city` WHERE ( pid=4 )  [ RunTime:0.0048s ]
SQL: SELECT * FROM `city` WHERE ( type=2 )  [ RunTime:0.0011s ]
INFO: [ view_parse ] --START--
INFO: [ template_filter ] --START--
INFO: Run Behavior\ContentReplaceBehavior [ RunTime:0.000290s ]
INFO: [ template_filter ] --END-- [ RunTime:0.000343s ]
NOTIC: [2] Illegal string offset 'title' D:\xampp\htdocs\HouseR\Application\Runtime\Cache\Home\b29b1e167bb03e3f834dcac5acf96283.php 第 155 行.
NOTIC: [2] Illegal string offset 'data' D:\xampp\htdocs\HouseR\Application\Runtime\Cache\Home\b29b1e167bb03e3f834dcac5acf96283.php 第 157 行.
NOTIC: [2] Illegal string offset 'livingrooms' D:\xampp\htdocs\HouseR\Application\Runtime\Cache\Home\b29b1e167bb03e3f834dcac5acf96283.php 第 157 行.
NOTIC: [2] Illegal string offset 'rooms' D:\xampp\htdocs\HouseR\Application\Runtime\Cache\Home\b29b1e167bb03e3f834dcac5acf96283.php 第 157 行.
NOTIC: [2] Illegal string offset 'address' D:\xampp\htdocs\HouseR\Application\Runtime\Cache\Home\b29b1e167bb03e3f834dcac5acf96283.php 第 158 行.
INFO: Run Behavior\ParseTemplateBehavior [ RunTime:0.190037s ]
INFO: [ view_parse ] --END-- [ RunTime:0.190101s ]
INFO: [ view_filter ] --START--
INFO: Run Behavior\WriteHtmlCacheBehavior [ RunTime:0.001598s ]
INFO: [ view_filter ] --END-- [ RunTime:0.001662s ]
INFO: [ app_end ] --START--
INFO: Run Behavior\ShowPageTraceBehavior [ RunTime:0.002165s ]
INFO: [ app_end ] --END-- [ RunTime:0.002229s ]

[ 2019-09-24T13:27:06+08:00 ] 127.0.0.1 /HouseR/Home/rent/get_message
INFO: [ app_init ] --START--
INFO: Run Behavior\BuildLiteBehavior [ RunTime:0.000021s ]
INFO: [ app_init ] --END-- [ RunTime:0.001494s ]
INFO: [ app_begin ] --START--
INFO: Run Behavior\ReadHtmlCacheBehavior [ RunTime:0.005220s ]
INFO: [ app_begin ] --END-- [ RunTime:0.005307s ]
SQL: SHOW COLUMNS FROM `message` [ RunTime:0.0520s ]
ERR: 1064:You have an error in your SQL syntax; check the manual that corresponds to your MariaDB server version for the right syntax to use near 'AND isRead=0 ) LIMIT 1' at line 1
 [ SQL语句 ] : SELECT COUNT(*) AS tp_count FROM `message` WHERE ( r_id= AND isRead=0 ) LIMIT 1  
ERR: 1064:You have an error in your SQL syntax; check the manual that corresponds to your MariaDB server version for the right syntax to use near 'AND isRead=0 ) LIMIT 1' at line 1
 [ SQL语句 ] : SELECT COUNT(*) AS tp_count FROM `message` WHERE ( r_id= AND isRead=0 ) LIMIT 1  

[ 2019-09-24T13:27:10+08:00 ] 127.0.0.1 /HouseR/Home/index
INFO: [ app_init ] --START--
INFO: Run Behavior\BuildLiteBehavior [ RunTime:0.000831s ]
INFO: [ app_init ] --END-- [ RunTime:0.003493s ]
INFO: [ app_begin ] --START--
INFO: Run Behavior\ReadHtmlCacheBehavior [ RunTime:0.002557s ]
INFO: [ app_begin ] --END-- [ RunTime:0.002803s ]
INFO: [ view_parse ] --START--
INFO: [ template_filter ] --START--
INFO: Run Behavior\ContentReplaceBehavior [ RunTime:0.000108s ]
INFO: [ template_filter ] --END-- [ RunTime:0.000194s ]
INFO: Run Behavior\ParseTemplateBehavior [ RunTime:0.380743s ]
INFO: [ view_parse ] --END-- [ RunTime:0.380822s ]
INFO: [ view_filter ] --START--
INFO: Run Behavior\WriteHtmlCacheBehavior [ RunTime:0.003984s ]
INFO: [ view_filter ] --END-- [ RunTime:0.004032s ]
INFO: [ app_end ] --START--
INFO: Run Behavior\ShowPageTraceBehavior [ RunTime:0.002560s ]
INFO: [ app_end ] --END-- [ RunTime:0.002623s ]

[ 2019-09-24T13:27:30+08:00 ] 127.0.0.1 /HouseR/Home/rent/index
INFO: [ app_init ] --START--
INFO: Run Behavior\BuildLiteBehavior [ RunTime:0.000094s ]
INFO: [ app_init ] --END-- [ RunTime:0.001377s ]
INFO: [ app_begin ] --START--
INFO: Run Behavior\ReadHtmlCacheBehavior [ RunTime:0.001436s ]
INFO: [ app_begin ] --END-- [ RunTime:0.001510s ]
SQL: SHOW COLUMNS FROM `house` [ RunTime:0.0410s ]
SQL: SELECT COUNT(*) AS tp_count FROM `house` INNER JOIN image INNER JOIN city INNER JOIN city c ON image.`house_id`=house.`id` AND image.`top`=1 AND city.`id`=house.`city` AND c.`id`=house.`location`  WHERE `city` = 3 AND `status` = 1 LIMIT 1   [ RunTime:0.0007s ]
SQL: SELECT house.*,image.path,city.cityname,c.cityname AS locationName FROM `house` INNER JOIN image INNER JOIN city INNER JOIN city c ON image.`house_id`=house.`id` AND image.`top`=1 AND city.`id`=house.`city` AND c.`id`=house.`location`  WHERE `city` = 3 AND `status` = 1 ORDER BY `add_time` DESC LIMIT 0,2   [ RunTime:0.0012s ]
SQL: SHOW COLUMNS FROM `city` [ RunTime:0.0277s ]
SQL: SELECT * FROM `city` WHERE ( pid=3 )  [ RunTime:0.0005s ]
SQL: SELECT * FROM `city` WHERE ( type=2 )  [ RunTime:0.0008s ]
INFO: [ view_parse ] --START--
INFO: [ template_filter ] --START--
INFO: Run Behavior\ContentReplaceBehavior [ RunTime:0.000341s ]
INFO: [ template_filter ] --END-- [ RunTime:0.000409s ]
NOTIC: [2] Illegal string offset 'title' D:\xampp\htdocs\HouseR\Application\Runtime\Cache\Home\b29b1e167bb03e3f834dcac5acf96283.php 第 155 行.
NOTIC: [2] Illegal string offset 'data' D:\xampp\htdocs\HouseR\Application\Runtime\Cache\Home\b29b1e167bb03e3f834dcac5acf96283.php 第 157 行.
NOTIC: [2] Illegal string offset 'livingrooms' D:\xampp\htdocs\HouseR\Application\Runtime\Cache\Home\b29b1e167bb03e3f834dcac5acf96283.php 第 157 行.
NOTIC: [2] Illegal string offset 'rooms' D:\xampp\htdocs\HouseR\Application\Runtime\Cache\Home\b29b1e167bb03e3f834dcac5acf96283.php 第 157 行.
NOTIC: [2] Illegal string offset 'address' D:\xampp\htdocs\HouseR\Application\Runtime\Cache\Home\b29b1e167bb03e3f834dcac5acf96283.php 第 158 行.
INFO: Run Behavior\ParseTemplateBehavior [ RunTime:0.111778s ]
INFO: [ view_parse ] --END-- [ RunTime:0.111847s ]
INFO: [ view_filter ] --START--
INFO: Run Behavior\WriteHtmlCacheBehavior [ RunTime:0.001227s ]
INFO: [ view_filter ] --END-- [ RunTime:0.001295s ]
INFO: [ app_end ] --START--
INFO: Run Behavior\ShowPageTraceBehavior [ RunTime:0.002088s ]
INFO: [ app_end ] --END-- [ RunTime:0.002356s ]

[ 2019-09-24T13:27:30+08:00 ] 127.0.0.1 /HouseR/Home/rent/get_message
INFO: [ app_init ] --START--
INFO: Run Behavior\BuildLiteBehavior [ RunTime:0.000012s ]
INFO: [ app_init ] --END-- [ RunTime:0.002084s ]
INFO: [ app_begin ] --START--
INFO: Run Behavior\ReadHtmlCacheBehavior [ RunTime:0.001280s ]
INFO: [ app_begin ] --END-- [ RunTime:0.001331s ]
SQL: SHOW COLUMNS FROM `message` [ RunTime:0.0460s ]
SQL: SELECT COUNT(*) AS tp_count FROM `message` WHERE ( r_id=1 AND isRead=0 ) LIMIT 1   [ RunTime:0.0005s ]
INFO: [ app_end ] --START--
INFO: Run Behavior\ShowPageTraceBehavior [ RunTime:0.001836s ]
INFO: [ app_end ] --END-- [ RunTime:0.001886s ]

[ 2019-09-24T13:27:38+08:00 ] 127.0.0.1 /HouseR/Home/rent/apply
INFO: [ app_init ] --START--
INFO: Run Behavior\BuildLiteBehavior [ RunTime:0.000038s ]
INFO: [ app_init ] --END-- [ RunTime:0.001371s ]
INFO: [ app_begin ] --START--
INFO: Run Behavior\ReadHtmlCacheBehavior [ RunTime:0.002125s ]
INFO: [ app_begin ] --END-- [ RunTime:0.002196s ]
SQL: SHOW COLUMNS FROM `city` [ RunTime:0.0508s ]
SQL: SELECT * FROM `city` WHERE ( type=2 )  [ RunTime:0.0005s ]
SQL: SELECT * FROM `city` WHERE ( type=3 )  [ RunTime:0.0004s ]
INFO: [ view_parse ] --START--
INFO: [ template_filter ] --START--
INFO: Run Behavior\ContentReplaceBehavior [ RunTime:0.000263s ]
INFO: [ template_filter ] --END-- [ RunTime:0.000341s ]
INFO: Run Behavior\ParseTemplateBehavior [ RunTime:0.352938s ]
INFO: [ view_parse ] --END-- [ RunTime:0.353031s ]
INFO: [ view_filter ] --START--
INFO: Run Behavior\WriteHtmlCacheBehavior [ RunTime:0.002111s ]
INFO: [ view_filter ] --END-- [ RunTime:0.002167s ]
INFO: [ app_end ] --START--
INFO: Run Behavior\ShowPageTraceBehavior [ RunTime:0.003460s ]
INFO: [ app_end ] --END-- [ RunTime:0.003877s ]

[ 2019-09-24T13:27:39+08:00 ] 127.0.0.1 /HouseR/Home/rent/get_message
INFO: [ app_init ] --START--
INFO: Run Behavior\BuildLiteBehavior [ RunTime:0.000012s ]
INFO: [ app_init ] --END-- [ RunTime:0.000800s ]
INFO: [ app_begin ] --START--
INFO: Run Behavior\ReadHtmlCacheBehavior [ RunTime:0.001386s ]
INFO: [ app_begin ] --END-- [ RunTime:0.001452s ]
SQL: SHOW COLUMNS FROM `message` [ RunTime:0.1710s ]
SQL: SELECT COUNT(*) AS tp_count FROM `message` WHERE ( r_id=1 AND isRead=0 ) LIMIT 1   [ RunTime:0.0005s ]
INFO: [ app_end ] --START--
INFO: Run Behavior\ShowPageTraceBehavior [ RunTime:0.002289s ]
INFO: [ app_end ] --END-- [ RunTime:0.002357s ]

[ 2019-09-24T13:29:12+08:00 ] 127.0.0.1 /HouseR/index.php/Home/Rent/apply_houseImpl.html
INFO: [ app_init ] --START--
INFO: Run Behavior\BuildLiteBehavior [ RunTime:0.000013s ]
INFO: [ app_init ] --END-- [ RunTime:0.001025s ]
INFO: [ app_begin ] --START--
INFO: Run Behavior\ReadHtmlCacheBehavior [ RunTime:0.002924s ]
INFO: [ app_begin ] --END-- [ RunTime:0.003025s ]
SQL: SHOW COLUMNS FROM `house` [ RunTime:0.1290s ]
SQL: INSERT INTO `house` (`title`,`host_id`,`city`,`location`,`address`,`decoration`,`rooms`,`livingRooms`,`bathrooms`,`floor`,`area`,`price`,`description`,`add_time`) VALUES ('asdasd','1','3','7','asdasd','1','111','1','1','1','1','1','1','2019-09-24') [ RunTime:0.6224s ]
NOTIC: [8] Undefined variable: data D:\xampp\htdocs\HouseR\Application\Home\Controller\RentController.class.php 第 298 行.
NOTIC: [2] call_user_func() expects parameter 1 to be a valid callback, no array or string given D:\xampp\htdocs\HouseR\ThinkPHP\Library\Think\Upload.class.php 第 182 行.
NOTIC: [2] call_user_func() expects parameter 1 to be a valid callback, no array or string given D:\xampp\htdocs\HouseR\ThinkPHP\Library\Think\Upload.class.php 第 182 行.
SQL: SHOW COLUMNS FROM `image` [ RunTime:0.0957s ]
SQL: INSERT INTO `image` (`top`,`house_id`,`path`) VALUES ('1','61','/HouseR/images/house/2019-09-24/5d89a9a8253e6.jpg'),('0','61','/HouseR/images/house/2019-09-24/5d89a9a83c273.jpg') [ RunTime:0.1002s ]
INFO: [ app_end ] --START--
INFO: Run Behavior\ShowPageTraceBehavior [ RunTime:0.003927s ]
INFO: [ app_end ] --END-- [ RunTime:0.003979s ]

[ 2019-09-24T13:29:12+08:00 ] 127.0.0.1 /HouseR/Home/rent/index
INFO: [ app_init ] --START--
INFO: Run Behavior\BuildLiteBehavior [ RunTime:0.000013s ]
INFO: [ app_init ] --END-- [ RunTime:0.001481s ]
INFO: [ app_begin ] --START--
INFO: Run Behavior\ReadHtmlCacheBehavior [ RunTime:0.002335s ]
INFO: [ app_begin ] --END-- [ RunTime:0.002394s ]
SQL: SHOW COLUMNS FROM `house` [ RunTime:0.0550s ]
SQL: SELECT COUNT(*) AS tp_count FROM `house` INNER JOIN image INNER JOIN city INNER JOIN city c ON image.`house_id`=house.`id` AND image.`top`=1 AND city.`id`=house.`city` AND c.`id`=house.`location`  WHERE `city` = 3 AND `status` = 1 LIMIT 1   [ RunTime:0.0037s ]
SQL: SELECT house.*,image.path,city.cityname,c.cityname AS locationName FROM `house` INNER JOIN image INNER JOIN city INNER JOIN city c ON image.`house_id`=house.`id` AND image.`top`=1 AND city.`id`=house.`city` AND c.`id`=house.`location`  WHERE `city` = 3 AND `status` = 1 ORDER BY `add_time` DESC LIMIT 0,2   [ RunTime:0.0010s ]
SQL: SHOW COLUMNS FROM `city` [ RunTime:0.0160s ]
SQL: SELECT * FROM `city` WHERE ( pid=3 )  [ RunTime:0.0004s ]
SQL: SELECT * FROM `city` WHERE ( type=2 )  [ RunTime:0.0003s ]
INFO: [ view_parse ] --START--
INFO: [ template_filter ] --START--
INFO: Run Behavior\ContentReplaceBehavior [ RunTime:0.000363s ]
INFO: [ template_filter ] --END-- [ RunTime:0.000417s ]
NOTIC: [2] Illegal string offset 'title' D:\xampp\htdocs\HouseR\Application\Runtime\Cache\Home\b29b1e167bb03e3f834dcac5acf96283.php 第 155 行.
NOTIC: [2] Illegal string offset 'data' D:\xampp\htdocs\HouseR\Application\Runtime\Cache\Home\b29b1e167bb03e3f834dcac5acf96283.php 第 157 行.
NOTIC: [2] Illegal string offset 'livingrooms' D:\xampp\htdocs\HouseR\Application\Runtime\Cache\Home\b29b1e167bb03e3f834dcac5acf96283.php 第 157 行.
NOTIC: [2] Illegal string offset 'rooms' D:\xampp\htdocs\HouseR\Application\Runtime\Cache\Home\b29b1e167bb03e3f834dcac5acf96283.php 第 157 行.
NOTIC: [2] Illegal string offset 'address' D:\xampp\htdocs\HouseR\Application\Runtime\Cache\Home\b29b1e167bb03e3f834dcac5acf96283.php 第 158 行.
INFO: Run Behavior\ParseTemplateBehavior [ RunTime:0.139134s ]
INFO: [ view_parse ] --END-- [ RunTime:0.139184s ]
INFO: [ view_filter ] --START--
INFO: Run Behavior\WriteHtmlCacheBehavior [ RunTime:0.001996s ]
INFO: [ view_filter ] --END-- [ RunTime:0.002027s ]
INFO: [ app_end ] --START--
INFO: Run Behavior\ShowPageTraceBehavior [ RunTime:0.001752s ]
INFO: [ app_end ] --END-- [ RunTime:0.001810s ]

[ 2019-09-24T13:29:17+08:00 ] 127.0.0.1 /HouseR/Home/rent/get_message
INFO: [ app_init ] --START--
INFO: Run Behavior\BuildLiteBehavior [ RunTime:0.000015s ]
INFO: [ app_init ] --END-- [ RunTime:0.001211s ]
INFO: [ app_begin ] --START--
INFO: Run Behavior\ReadHtmlCacheBehavior [ RunTime:0.003044s ]
INFO: [ app_begin ] --END-- [ RunTime:0.003094s ]
SQL: SHOW COLUMNS FROM `message` [ RunTime:0.2002s ]
SQL: SELECT COUNT(*) AS tp_count FROM `message` WHERE ( r_id=1 AND isRead=0 ) LIMIT 1   [ RunTime:0.0117s ]
INFO: [ app_end ] --START--
INFO: Run Behavior\ShowPageTraceBehavior [ RunTime:0.001979s ]
INFO: [ app_end ] --END-- [ RunTime:0.002034s ]

