[ 2019-09-17T13:42:23+08:00 ] 127.0.0.1 /HouseR/Home/rent
INFO: [ app_init ] --START--
INFO: Run Behavior\BuildLiteBehavior [ RunTime:0.000013s ]
INFO: [ app_init ] --END-- [ RunTime:0.059379s ]
INFO: [ app_begin ] --START--
INFO: Run Behavior\ReadHtmlCacheBehavior [ RunTime:0.061081s ]
INFO: [ app_begin ] --END-- [ RunTime:0.061118s ]
SQL: SHOW COLUMNS FROM `house` [ RunTime:0.0887s ]
SQL: SELECT COUNT(*) AS tp_count FROM `house` INNER JOIN image INNER JOIN city INNER JOIN city c ON image.`house_id`=house.`id` AND image.`top`=1 AND city.`id`=house.`city` AND c.`id`=house.`location`  WHERE `city` = 3 AND `status` = 1 LIMIT 1   [ RunTime:0.0859s ]
SQL: SELECT house.*,image.path,city.cityname,c.cityname AS locationName FROM `house` INNER JOIN image INNER JOIN city INNER JOIN city c ON image.`house_id`=house.`id` AND image.`top`=1 AND city.`id`=house.`city` AND c.`id`=house.`location`  WHERE `city` = 3 AND `status` = 1 ORDER BY `add_time` DESC LIMIT 0,2   [ RunTime:0.0200s ]
SQL: SHOW COLUMNS FROM `city` [ RunTime:0.0116s ]
SQL: SELECT * FROM `city` WHERE ( pid=3 )  [ RunTime:0.0003s ]
SQL: SELECT * FROM `city` WHERE ( type=2 )  [ RunTime:0.0002s ]
INFO: [ view_parse ] --START--
INFO: [ template_filter ] --START--
INFO: Run Behavior\ContentReplaceBehavior [ RunTime:0.017429s ]
INFO: [ template_filter ] --END-- [ RunTime:0.017475s ]
NOTIC: [2] Illegal string offset 'title' D:\xampp\htdocs\HouseR\Application\Runtime\Cache\Home\b29b1e167bb03e3f834dcac5acf96283.php 第 155 行.
NOTIC: [2] Illegal string offset 'data' D:\xampp\htdocs\HouseR\Application\Runtime\Cache\Home\b29b1e167bb03e3f834dcac5acf96283.php 第 157 行.
NOTIC: [2] Illegal string offset 'livingrooms' D:\xampp\htdocs\HouseR\Application\Runtime\Cache\Home\b29b1e167bb03e3f834dcac5acf96283.php 第 157 行.
NOTIC: [2] Illegal string offset 'rooms' D:\xampp\htdocs\HouseR\Application\Runtime\Cache\Home\b29b1e167bb03e3f834dcac5acf96283.php 第 157 行.
NOTIC: [2] Illegal string offset 'address' D:\xampp\htdocs\HouseR\Application\Runtime\Cache\Home\b29b1e167bb03e3f834dcac5acf96283.php 第 158 行.
INFO: Run Behavior\ParseTemplateBehavior [ RunTime:0.605846s ]
INFO: [ view_parse ] --END-- [ RunTime:0.605877s ]
INFO: [ view_filter ] --START--
INFO: Run Behavior\WriteHtmlCacheBehavior [ RunTime:0.047441s ]
INFO: [ view_filter ] --END-- [ RunTime:0.047482s ]
INFO: [ app_end ] --START--
INFO: Run Behavior\ShowPageTraceBehavior [ RunTime:0.053430s ]
INFO: [ app_end ] --END-- [ RunTime:0.053612s ]

[ 2019-09-17T13:42:24+08:00 ] 127.0.0.1 /HouseR/Home/index
INFO: [ app_init ] --START--
INFO: Run Behavior\BuildLiteBehavior [ RunTime:0.000019s ]
INFO: [ app_init ] --END-- [ RunTime:0.001071s ]
INFO: [ app_begin ] --START--
INFO: Run Behavior\ReadHtmlCacheBehavior [ RunTime:0.003119s ]
INFO: [ app_begin ] --END-- [ RunTime:0.003171s ]
INFO: [ view_parse ] --START--
INFO: [ template_filter ] --START--
INFO: Run Behavior\ContentReplaceBehavior [ RunTime:0.000047s ]
INFO: [ template_filter ] --END-- [ RunTime:0.000089s ]
INFO: Run Behavior\ParseTemplateBehavior [ RunTime:0.234860s ]
INFO: [ view_parse ] --END-- [ RunTime:0.234914s ]
INFO: [ view_filter ] --START--
INFO: Run Behavior\WriteHtmlCacheBehavior [ RunTime:0.000933s ]
INFO: [ view_filter ] --END-- [ RunTime:0.000952s ]
INFO: [ app_end ] --START--
INFO: Run Behavior\ShowPageTraceBehavior [ RunTime:0.001103s ]
INFO: [ app_end ] --END-- [ RunTime:0.001123s ]

