[ 2019-07-20T09:17:31+08:00 ] 127.0.0.1 /HouseR/HouseR/images/house/2019-07-20/5d326b5b2f195.jpg
INFO: [ app_init ] --START--
INFO: Run Behavior\BuildLiteBehavior [ RunTime:0.000006s ]
INFO: [ app_init ] --END-- [ RunTime:0.000368s ]

[ 2019-07-20T09:17:31+08:00 ] 127.0.0.1 /HouseR/HouseR/images/house/2019-07-20/5d326b5b2f4e2.jpg
INFO: [ app_init ] --START--
INFO: Run Behavior\BuildLiteBehavior [ RunTime:0.000005s ]
INFO: [ app_init ] --END-- [ RunTime:0.000240s ]

[ 2019-07-20T09:17:37+08:00 ] 127.0.0.1 /HouseR/HouseR/images/house/2019-07-20/5d326b5b2faba.jpg
INFO: [ app_init ] --START--
INFO: Run Behavior\BuildLiteBehavior [ RunTime:0.000005s ]
INFO: [ app_init ] --END-- [ RunTime:0.000292s ]

[ 2019-07-20T09:17:37+08:00 ] 127.0.0.1 /HouseR/HouseR/images/house/2019-07-20/5d326b5b2f827.jpg
INFO: [ app_init ] --START--
INFO: Run Behavior\BuildLiteBehavior [ RunTime:0.000006s ]
INFO: [ app_init ] --END-- [ RunTime:0.000260s ]

[ 2019-07-20T09:17:38+08:00 ] 127.0.0.1 /HouseR/HouseR/images/house/2019-07-20/5d326b5b32088.jpg
INFO: [ app_init ] --START--
INFO: Run Behavior\BuildLiteBehavior [ RunTime:0.000006s ]
INFO: [ app_init ] --END-- [ RunTime:0.000241s ]

[ 2019-07-20T09:17:38+08:00 ] 127.0.0.1 /HouseR/HouseR/images/house/2019-07-20/5d326b5b2fdaa.jpg
INFO: [ app_init ] --START--
INFO: Run Behavior\BuildLiteBehavior [ RunTime:0.000005s ]
INFO: [ app_init ] --END-- [ RunTime:0.000317s ]

[ 2019-07-20T09:17:40+08:00 ] 127.0.0.1 /HouseR/HouseR/images/house/2019-07-20/5d326b5b32088.jpg
INFO: [ app_init ] --START--
INFO: Run Behavior\BuildLiteBehavior [ RunTime:0.000005s ]
INFO: [ app_init ] --END-- [ RunTime:0.000218s ]

[ 2019-07-20T09:17:40+08:00 ] 127.0.0.1 /HouseR/HouseR/images/house/2019-07-20/5d326b5b2fdaa.jpg
INFO: [ app_init ] --START--
INFO: Run Behavior\BuildLiteBehavior [ RunTime:0.000005s ]
INFO: [ app_init ] --END-- [ RunTime:0.000321s ]

[ 2019-07-20T09:17:40+08:00 ] 127.0.0.1 /HouseR/HouseR/images/house/2019-07-20/5d326b5b2faba.jpg
INFO: [ app_init ] --START--
INFO: Run Behavior\BuildLiteBehavior [ RunTime:0.000006s ]
INFO: [ app_init ] --END-- [ RunTime:0.000228s ]

[ 2019-07-20T09:17:40+08:00 ] 127.0.0.1 /HouseR/HouseR/images/house/2019-07-20/5d326b5b2f827.jpg
INFO: [ app_init ] --START--
INFO: Run Behavior\BuildLiteBehavior [ RunTime:0.000009s ]
INFO: [ app_init ] --END-- [ RunTime:0.000372s ]

[ 2019-07-20T09:17:47+08:00 ] 127.0.0.1 /HouseR/HouseR/images/house/2019-07-20/5d326b5b32088.jpg
INFO: [ app_init ] --START--
INFO: Run Behavior\BuildLiteBehavior [ RunTime:0.000008s ]
INFO: [ app_init ] --END-- [ RunTime:0.000697s ]

[ 2019-07-20T09:17:47+08:00 ] 127.0.0.1 /HouseR/HouseR/images/house/2019-07-20/5d326b5b2fdaa.jpg
INFO: [ app_init ] --START--
INFO: Run Behavior\BuildLiteBehavior [ RunTime:0.000011s ]
INFO: [ app_init ] --END-- [ RunTime:0.000697s ]

[ 2019-07-20T09:17:49+08:00 ] 127.0.0.1 /HouseR/HouseR/images/house/2019-07-20/5d326b5b2f4e2.jpg
INFO: [ app_init ] --START--
INFO: Run Behavior\BuildLiteBehavior [ RunTime:0.000006s ]
INFO: [ app_init ] --END-- [ RunTime:0.000277s ]

[ 2019-07-20T09:17:49+08:00 ] 127.0.0.1 /HouseR/HouseR/images/house/2019-07-20/5d326b5b2f195.jpg
INFO: [ app_init ] --START--
INFO: Run Behavior\BuildLiteBehavior [ RunTime:0.000004s ]
INFO: [ app_init ] --END-- [ RunTime:0.000300s ]

[ 2019-07-20T09:19:06+08:00 ] 127.0.0.1 /HouseR/HouseR/images/house/2019-07-20/5d326b5b2f4e2.jpg
INFO: [ app_init ] --START--
INFO: Run Behavior\BuildLiteBehavior [ RunTime:0.000074s ]
INFO: [ app_init ] --END-- [ RunTime:0.000418s ]

[ 2019-07-20T09:19:06+08:00 ] 127.0.0.1 /HouseR/HouseR/images/house/2019-07-20/5d326b5b2f195.jpg
INFO: [ app_init ] --START--
INFO: Run Behavior\BuildLiteBehavior [ RunTime:0.000007s ]
INFO: [ app_init ] --END-- [ RunTime:0.001272s ]

[ 2019-07-20T09:21:12+08:00 ] 127.0.0.1 /HouseR/HouseR/images/house/2019-07-20/5d326c7520571.jpg
INFO: [ app_init ] --START--
INFO: Run Behavior\BuildLiteBehavior [ RunTime:0.000007s ]
INFO: [ app_init ] --END-- [ RunTime:0.000373s ]

[ 2019-07-20T09:21:17+08:00 ] 127.0.0.1 /HouseR/HouseR/images/house/2019-07-20/5d326c7520571.jpg
INFO: [ app_init ] --START--
INFO: Run Behavior\BuildLiteBehavior [ RunTime:0.000006s ]
INFO: [ app_init ] --END-- [ RunTime:0.000270s ]

[ 2019-07-20T09:24:02+08:00 ] 127.0.0.1 /HouseR/rent/house?house_id0
INFO: [ app_init ] --START--
INFO: Run Behavior\BuildLiteBehavior [ RunTime:0.000004s ]
INFO: [ app_init ] --END-- [ RunTime:0.000218s ]
ERR: 无法加载模块:Rent

[ 2019-07-20T09:25:28+08:00 ] 127.0.0.1 /HouseR//HouseR/images/house/2019-07-20/5d326c7520571.jpg
INFO: [ app_init ] --START--
INFO: Run Behavior\BuildLiteBehavior [ RunTime:0.000005s ]
INFO: [ app_init ] --END-- [ RunTime:0.000240s ]

[ 2019-07-20T09:25:28+08:00 ] 127.0.0.1 /HouseR//HouseR/images/house/2019-07-20/5d326c7520881.jpg
INFO: [ app_init ] --START--
INFO: Run Behavior\BuildLiteBehavior [ RunTime:0.000004s ]
INFO: [ app_init ] --END-- [ RunTime:0.000221s ]

[ 2019-07-20T09:25:28+08:00 ] 127.0.0.1 /HouseR//HouseR/images/house/2019-07-20/5d326c7521246.jpg
INFO: [ app_init ] --START--
INFO: Run Behavior\BuildLiteBehavior [ RunTime:0.000008s ]
INFO: [ app_init ] --END-- [ RunTime:0.000277s ]

[ 2019-07-20T09:25:28+08:00 ] 127.0.0.1 /HouseR//HouseR/images/house/2019-07-20/5d326c7520bc0.jpg
INFO: [ app_init ] --START--
INFO: Run Behavior\BuildLiteBehavior [ RunTime:0.000007s ]
INFO: [ app_init ] --END-- [ RunTime:0.000280s ]

[ 2019-07-20T09:25:28+08:00 ] 127.0.0.1 /HouseR//HouseR/images/house/2019-07-20/5d326c7522c53.jpg
INFO: [ app_init ] --START--
INFO: Run Behavior\BuildLiteBehavior [ RunTime:0.000006s ]
INFO: [ app_init ] --END-- [ RunTime:0.000267s ]

