[ 2019-07-24T01:32:35+08:00 ] 127.0.0.1 /HouseR/index.php/Homepage/Index/Mycontract.html
INFO: [ app_init ] --START--
INFO: Run Behavior\BuildLiteBehavior [ RunTime:0.000008s ]
INFO: [ app_init ] --END-- [ RunTime:0.000397s ]
INFO: [ app_begin ] --START--
INFO: Run Behavior\ReadHtmlCacheBehavior [ RunTime:0.000746s ]
INFO: [ app_begin ] --END-- [ RunTime:0.000769s ]
INFO: [ view_parse ] --START--
INFO: [ template_filter ] --START--
INFO: Run Behavior\ContentReplaceBehavior [ RunTime:0.000037s ]
INFO: [ template_filter ] --END-- [ RunTime:0.000067s ]
INFO: Run Behavior\ParseTemplateBehavior [ RunTime:0.028472s ]
INFO: [ view_parse ] --END-- [ RunTime:0.028512s ]
INFO: [ view_filter ] --START--
INFO: Run Behavior\WriteHtmlCacheBehavior [ RunTime:0.000599s ]
INFO: [ view_filter ] --END-- [ RunTime:0.000618s ]
INFO: [ app_end ] --START--
INFO: Run Behavior\ShowPageTraceBehavior [ RunTime:0.000750s ]
INFO: [ app_end ] --END-- [ RunTime:0.000767s ]

[ 2019-07-24T01:32:35+08:00 ] 127.0.0.1 /HouseR/Homepage/Index/task_list1?page=1&limit=3
INFO: [ app_init ] --START--
INFO: Run Behavior\BuildLiteBehavior [ RunTime:0.000008s ]
INFO: [ app_init ] --END-- [ RunTime:0.000437s ]
INFO: [ app_begin ] --START--
INFO: Run Behavior\ReadHtmlCacheBehavior [ RunTime:0.000780s ]
INFO: [ app_begin ] --END-- [ RunTime:0.000806s ]
SQL: SHOW COLUMNS FROM `rent` [ RunTime:0.0295s ]
SQL: SELECT COUNT(*) AS tp_count FROM `rent` WHERE ( u_B_id=1 ) LIMIT 1   [ RunTime:0.0002s ]
SQL: SELECT rent.*,a.username AS u_a_name,b.username AS u_b_name FROM `rent` INNER JOIN user a JOIN user b ON a.id=rent.u_A_id AND b.id=rent.u_B_id  WHERE ( u_B_id=1 AND u_A_id=1 ) ORDER BY `id` ASC LIMIT 0,3   [ RunTime:0.0003s ]
INFO: [ app_end ] --START--
INFO: Run Behavior\ShowPageTraceBehavior [ RunTime:0.000923s ]
INFO: [ app_end ] --END-- [ RunTime:0.000945s ]

[ 2019-07-24T01:33:07+08:00 ] 127.0.0.1 /HouseR/Homepage/Index/MycontractDetail?house_id=1&&id=3
INFO: [ app_init ] --START--
INFO: Run Behavior\BuildLiteBehavior [ RunTime:0.000006s ]
INFO: [ app_init ] --END-- [ RunTime:0.000397s ]
INFO: [ app_begin ] --START--
INFO: Run Behavior\ReadHtmlCacheBehavior [ RunTime:0.000824s ]
INFO: [ app_begin ] --END-- [ RunTime:0.000857s ]
SQL: SHOW COLUMNS FROM `house` [ RunTime:0.0174s ]
SQL: SELECT house.*,city.cityname,c.cityname AS locationName,a.username AS a_username,a.phone AS a_phone FROM `house` INNER JOIN city INNER JOIN city c ON city.`id`=house.`city` AND c.`id`=house.`location` INNER JOIN user a ON a.`id`=house.`host_id`  WHERE ( house.id=1 ) LIMIT 1   [ RunTime:0.0024s ]
SQL: SHOW COLUMNS FROM `image` [ RunTime:0.0546s ]
SQL: SELECT * FROM `image` WHERE ( house_id=1 )  [ RunTime:0.0003s ]
SQL: SHOW COLUMNS FROM `rent` [ RunTime:0.0162s ]
SQL: SELECT * FROM `rent` INNER JOIN user ON user.id=rent.u_A_id   WHERE ( rent.id=3 ) LIMIT 1   [ RunTime:0.0004s ]
INFO: [ view_parse ] --START--
INFO: [ template_filter ] --START--
INFO: Run Behavior\ContentReplaceBehavior [ RunTime:0.000057s ]
INFO: [ template_filter ] --END-- [ RunTime:0.000085s ]
INFO: Run Behavior\ParseTemplateBehavior [ RunTime:0.072556s ]
INFO: [ view_parse ] --END-- [ RunTime:0.072593s ]
INFO: [ view_filter ] --START--
INFO: Run Behavior\WriteHtmlCacheBehavior [ RunTime:0.000641s ]
INFO: [ view_filter ] --END-- [ RunTime:0.000662s ]
INFO: [ app_end ] --START--
INFO: Run Behavior\ShowPageTraceBehavior [ RunTime:0.004280s ]
INFO: [ app_end ] --END-- [ RunTime:0.004390s ]

[ 2019-07-24T01:54:16+08:00 ] 127.0.0.1 /HouseR/Homepage/index
INFO: [ app_init ] --START--
INFO: Run Behavior\BuildLiteBehavior [ RunTime:0.000008s ]
INFO: [ app_init ] --END-- [ RunTime:0.000504s ]
INFO: [ app_begin ] --START--
INFO: Run Behavior\ReadHtmlCacheBehavior [ RunTime:0.000800s ]
INFO: [ app_begin ] --END-- [ RunTime:0.000826s ]
SQL: SHOW COLUMNS FROM `user` [ RunTime:0.0142s ]
SQL: SELECT `username`,`image` FROM `user` WHERE `id` = 1 LIMIT 1   [ RunTime:0.0003s ]
INFO: [ view_parse ] --START--
INFO: [ template_filter ] --START--
INFO: Run Behavior\ContentReplaceBehavior [ RunTime:0.000035s ]
INFO: [ template_filter ] --END-- [ RunTime:0.000058s ]
INFO: Run Behavior\ParseTemplateBehavior [ RunTime:0.030063s ]
INFO: [ view_parse ] --END-- [ RunTime:0.030094s ]
INFO: [ view_filter ] --START--
INFO: Run Behavior\WriteHtmlCacheBehavior [ RunTime:0.000800s ]
INFO: [ view_filter ] --END-- [ RunTime:0.000823s ]
INFO: [ app_end ] --START--
INFO: Run Behavior\ShowPageTraceBehavior [ RunTime:0.000823s ]
INFO: [ app_end ] --END-- [ RunTime:0.000841s ]

[ 2019-07-24T01:54:19+08:00 ] 127.0.0.1 /HouseR/index.php/Homepage/Index/MyMessage.html
INFO: [ app_init ] --START--
INFO: Run Behavior\BuildLiteBehavior [ RunTime:0.000007s ]
INFO: [ app_init ] --END-- [ RunTime:0.000436s ]
INFO: [ app_begin ] --START--
INFO: Run Behavior\ReadHtmlCacheBehavior [ RunTime:0.003287s ]
INFO: [ app_begin ] --END-- [ RunTime:0.003358s ]
INFO: [ view_parse ] --START--
INFO: [ template_filter ] --START--
INFO: Run Behavior\ContentReplaceBehavior [ RunTime:0.000031s ]
INFO: [ template_filter ] --END-- [ RunTime:0.000059s ]
INFO: Run Behavior\ParseTemplateBehavior [ RunTime:0.022794s ]
INFO: [ view_parse ] --END-- [ RunTime:0.022831s ]
INFO: [ view_filter ] --START--
INFO: Run Behavior\WriteHtmlCacheBehavior [ RunTime:0.000599s ]
INFO: [ view_filter ] --END-- [ RunTime:0.000616s ]
INFO: [ app_end ] --START--
INFO: Run Behavior\ShowPageTraceBehavior [ RunTime:0.000765s ]
INFO: [ app_end ] --END-- [ RunTime:0.000782s ]

[ 2019-07-24T01:54:19+08:00 ] 127.0.0.1 /HouseR/Homepage/Index/apimessage?page=1&limit=2
INFO: [ app_init ] --START--
INFO: Run Behavior\BuildLiteBehavior [ RunTime:0.000015s ]
INFO: [ app_init ] --END-- [ RunTime:0.000451s ]
INFO: [ app_begin ] --START--
INFO: Run Behavior\ReadHtmlCacheBehavior [ RunTime:0.000771s ]
INFO: [ app_begin ] --END-- [ RunTime:0.000794s ]
SQL: SHOW COLUMNS FROM `message` [ RunTime:0.0150s ]
SQL: SELECT COUNT(*) AS tp_count FROM `message` INNER JOIN user ON message.s_id = user.id   WHERE ( r_id=1 ) LIMIT 1   [ RunTime:0.0003s ]
SQL: SELECT message.*,user.username FROM `message` INNER JOIN user ON message.s_id = user.id   WHERE ( r_id=1 ) LIMIT 0,2   [ RunTime:0.0002s ]
INFO: [ app_end ] --START--
INFO: Run Behavior\ShowPageTraceBehavior [ RunTime:0.000928s ]
INFO: [ app_end ] --END-- [ RunTime:0.000950s ]

[ 2019-07-24T01:57:21+08:00 ] 127.0.0.1 /HouseR/index.php/Homepage/Index/MyMessage.html
INFO: [ app_init ] --START--
INFO: Run Behavior\BuildLiteBehavior [ RunTime:0.000013s ]
INFO: [ app_init ] --END-- [ RunTime:0.000907s ]
INFO: [ app_begin ] --START--
INFO: Run Behavior\ReadHtmlCacheBehavior [ RunTime:0.005035s ]
INFO: [ app_begin ] --END-- [ RunTime:0.012387s ]
INFO: [ view_parse ] --START--
INFO: [ template_filter ] --START--
INFO: Run Behavior\ContentReplaceBehavior [ RunTime:0.000118s ]
INFO: [ template_filter ] --END-- [ RunTime:0.000171s ]
INFO: Run Behavior\ParseTemplateBehavior [ RunTime:0.024256s ]
INFO: [ view_parse ] --END-- [ RunTime:0.024325s ]
INFO: [ view_filter ] --START--
INFO: Run Behavior\WriteHtmlCacheBehavior [ RunTime:0.004825s ]
INFO: [ view_filter ] --END-- [ RunTime:0.005001s ]
INFO: [ app_end ] --START--
INFO: Run Behavior\ShowPageTraceBehavior [ RunTime:0.001917s ]
INFO: [ app_end ] --END-- [ RunTime:0.001967s ]

[ 2019-07-24T01:57:23+08:00 ] 127.0.0.1 /HouseR/Homepage/Index/apimessage?page=1&limit=2
INFO: [ app_init ] --START--
INFO: Run Behavior\BuildLiteBehavior [ RunTime:0.000007s ]
INFO: [ app_init ] --END-- [ RunTime:0.000397s ]
INFO: [ app_begin ] --START--
INFO: Run Behavior\ReadHtmlCacheBehavior [ RunTime:0.000743s ]
INFO: [ app_begin ] --END-- [ RunTime:0.000762s ]
SQL: SHOW COLUMNS FROM `message` [ RunTime:0.1291s ]
SQL: SELECT COUNT(*) AS tp_count FROM `message` INNER JOIN user ON message.s_id = user.id   WHERE ( r_id=1 ) LIMIT 1   [ RunTime:0.0008s ]
SQL: SELECT message.*,user.username FROM `message` INNER JOIN user ON message.s_id = user.id   WHERE ( r_id=1 ) LIMIT 0,2   [ RunTime:0.0003s ]
INFO: [ app_end ] --START--
INFO: Run Behavior\ShowPageTraceBehavior [ RunTime:0.001434s ]
INFO: [ app_end ] --END-- [ RunTime:0.001487s ]

[ 2019-07-24T01:59:30+08:00 ] 127.0.0.1 /HouseR/index.php/Homepage/Index/MyMessage.html
INFO: [ app_init ] --START--
INFO: Run Behavior\BuildLiteBehavior [ RunTime:0.000016s ]
INFO: [ app_init ] --END-- [ RunTime:0.000990s ]
INFO: [ app_begin ] --START--
INFO: Run Behavior\ReadHtmlCacheBehavior [ RunTime:0.002788s ]
INFO: [ app_begin ] --END-- [ RunTime:0.002939s ]
INFO: [ view_parse ] --START--
INFO: [ template_filter ] --START--
INFO: Run Behavior\ContentReplaceBehavior [ RunTime:0.001356s ]
INFO: [ template_filter ] --END-- [ RunTime:0.003280s ]
INFO: Run Behavior\ParseTemplateBehavior [ RunTime:0.035698s ]
INFO: [ view_parse ] --END-- [ RunTime:0.035739s ]
INFO: [ view_filter ] --START--
INFO: Run Behavior\WriteHtmlCacheBehavior [ RunTime:0.000950s ]
INFO: [ view_filter ] --END-- [ RunTime:0.000975s ]
INFO: [ app_end ] --START--
INFO: Run Behavior\ShowPageTraceBehavior [ RunTime:0.001361s ]
INFO: [ app_end ] --END-- [ RunTime:0.001401s ]

[ 2019-07-24T01:59:31+08:00 ] 127.0.0.1 /HouseR/Homepage/Index/apimessage?page=1&limit=2
INFO: [ app_init ] --START--
INFO: Run Behavior\BuildLiteBehavior [ RunTime:0.000010s ]
INFO: [ app_init ] --END-- [ RunTime:0.000581s ]
INFO: [ app_begin ] --START--
INFO: Run Behavior\ReadHtmlCacheBehavior [ RunTime:0.001054s ]
INFO: [ app_begin ] --END-- [ RunTime:0.001086s ]
SQL: SHOW COLUMNS FROM `message` [ RunTime:0.0625s ]
SQL: SELECT COUNT(*) AS tp_count FROM `message` INNER JOIN user ON message.s_id = user.id   WHERE ( r_id=1 ) LIMIT 1   [ RunTime:0.0005s ]
SQL: SELECT message.*,user.username FROM `message` INNER JOIN user ON message.s_id = user.id   WHERE ( r_id=1 ) LIMIT 0,2   [ RunTime:0.0004s ]
INFO: [ app_end ] --START--
INFO: Run Behavior\ShowPageTraceBehavior [ RunTime:0.001293s ]
INFO: [ app_end ] --END-- [ RunTime:0.001325s ]

[ 2019-07-24T01:59:33+08:00 ] 127.0.0.1 /HouseR/index.php/Homepage/Index/collect.html
INFO: [ app_init ] --START--
INFO: Run Behavior\BuildLiteBehavior [ RunTime:0.000065s ]
INFO: [ app_init ] --END-- [ RunTime:0.001145s ]
INFO: [ app_begin ] --START--
INFO: Run Behavior\ReadHtmlCacheBehavior [ RunTime:0.001503s ]
INFO: [ app_begin ] --END-- [ RunTime:0.001559s ]
INFO: [ view_parse ] --START--
INFO: [ template_filter ] --START--
INFO: Run Behavior\ContentReplaceBehavior [ RunTime:0.000042s ]
INFO: [ template_filter ] --END-- [ RunTime:0.000087s ]
INFO: Run Behavior\ParseTemplateBehavior [ RunTime:0.082545s ]
INFO: [ view_parse ] --END-- [ RunTime:0.082594s ]
INFO: [ view_filter ] --START--
INFO: Run Behavior\WriteHtmlCacheBehavior [ RunTime:0.000775s ]
INFO: [ view_filter ] --END-- [ RunTime:0.000809s ]
INFO: [ app_end ] --START--
INFO: Run Behavior\ShowPageTraceBehavior [ RunTime:0.001403s ]
INFO: [ app_end ] --END-- [ RunTime:0.001436s ]

[ 2019-07-24T01:59:33+08:00 ] 127.0.0.1 /HouseR/Homepage/Index/apicollect?page=1&limit=2
INFO: [ app_init ] --START--
INFO: Run Behavior\BuildLiteBehavior [ RunTime:0.000015s ]
INFO: [ app_init ] --END-- [ RunTime:0.000986s ]
INFO: [ app_begin ] --START--
INFO: Run Behavior\ReadHtmlCacheBehavior [ RunTime:0.001193s ]
INFO: [ app_begin ] --END-- [ RunTime:0.001242s ]
SQL: SHOW COLUMNS FROM `collect` [ RunTime:0.0814s ]
SQL: SELECT COUNT(*) AS tp_count FROM `collect` INNER JOIN user INNER JOIN house ON collect.user_id = user.id AND house.id = collect.house_id  WHERE ( user_id=1 ) LIMIT 1   [ RunTime:0.0365s ]
SQL: SELECT user.username,collect.*,house.title,house_id AS house_id FROM `collect` INNER JOIN user INNER JOIN house ON collect.user_id = user.id AND house.id = collect.house_id  WHERE ( user_id=1 ) LIMIT 0,2   [ RunTime:0.0005s ]
INFO: [ app_end ] --START--
INFO: Run Behavior\ShowPageTraceBehavior [ RunTime:0.001996s ]
INFO: [ app_end ] --END-- [ RunTime:0.002039s ]

[ 2019-07-24T01:59:34+08:00 ] 127.0.0.1 /HouseR/index.php/Homepage/Index/MyMessage.html
INFO: [ app_init ] --START--
INFO: Run Behavior\BuildLiteBehavior [ RunTime:0.000011s ]
INFO: [ app_init ] --END-- [ RunTime:0.000819s ]
INFO: [ app_begin ] --START--
INFO: Run Behavior\ReadHtmlCacheBehavior [ RunTime:0.000892s ]
INFO: [ app_begin ] --END-- [ RunTime:0.000929s ]
INFO: [ view_parse ] --START--
INFO: [ template_filter ] --START--
INFO: Run Behavior\ContentReplaceBehavior [ RunTime:0.000046s ]
INFO: [ template_filter ] --END-- [ RunTime:0.000090s ]
INFO: Run Behavior\ParseTemplateBehavior [ RunTime:0.010175s ]
INFO: [ view_parse ] --END-- [ RunTime:0.010299s ]
INFO: [ view_filter ] --START--
INFO: Run Behavior\WriteHtmlCacheBehavior [ RunTime:0.000682s ]
INFO: [ view_filter ] --END-- [ RunTime:0.000706s ]
INFO: [ app_end ] --START--
INFO: Run Behavior\ShowPageTraceBehavior [ RunTime:0.000890s ]
INFO: [ app_end ] --END-- [ RunTime:0.000915s ]

[ 2019-07-24T01:59:34+08:00 ] 127.0.0.1 /HouseR/Homepage/Index/apimessage?page=1&limit=2
INFO: [ app_init ] --START--
INFO: Run Behavior\BuildLiteBehavior [ RunTime:0.000014s ]
INFO: [ app_init ] --END-- [ RunTime:0.000851s ]
INFO: [ app_begin ] --START--
INFO: Run Behavior\ReadHtmlCacheBehavior [ RunTime:0.001525s ]
INFO: [ app_begin ] --END-- [ RunTime:0.001594s ]
SQL: SHOW COLUMNS FROM `message` [ RunTime:0.0093s ]
SQL: SELECT COUNT(*) AS tp_count FROM `message` INNER JOIN user ON message.s_id = user.id   WHERE ( r_id=1 ) LIMIT 1   [ RunTime:0.0007s ]
SQL: SELECT message.*,user.username FROM `message` INNER JOIN user ON message.s_id = user.id   WHERE ( r_id=1 ) LIMIT 0,2   [ RunTime:0.0025s ]
INFO: [ app_end ] --START--
INFO: Run Behavior\ShowPageTraceBehavior [ RunTime:0.003929s ]
INFO: [ app_end ] --END-- [ RunTime:0.003987s ]

[ 2019-07-24T01:59:40+08:00 ] 127.0.0.1 /HouseR/Homepage/index
INFO: [ app_init ] --START--
INFO: Run Behavior\BuildLiteBehavior [ RunTime:0.000014s ]
INFO: [ app_init ] --END-- [ RunTime:0.000781s ]
INFO: [ app_begin ] --START--
INFO: Run Behavior\ReadHtmlCacheBehavior [ RunTime:0.000904s ]
INFO: [ app_begin ] --END-- [ RunTime:0.000936s ]
SQL: SHOW COLUMNS FROM `user` [ RunTime:0.0175s ]
SQL: SELECT `username`,`image` FROM `user` WHERE `id` = 1 LIMIT 1   [ RunTime:0.0002s ]
INFO: [ view_parse ] --START--
INFO: [ template_filter ] --START--
INFO: Run Behavior\ContentReplaceBehavior [ RunTime:0.000039s ]
INFO: [ template_filter ] --END-- [ RunTime:0.000068s ]
INFO: Run Behavior\ParseTemplateBehavior [ RunTime:0.011855s ]
INFO: [ view_parse ] --END-- [ RunTime:0.011890s ]
INFO: [ view_filter ] --START--
INFO: Run Behavior\WriteHtmlCacheBehavior [ RunTime:0.000712s ]
INFO: [ view_filter ] --END-- [ RunTime:0.000733s ]
INFO: [ app_end ] --START--
INFO: Run Behavior\ShowPageTraceBehavior [ RunTime:0.000785s ]
INFO: [ app_end ] --END-- [ RunTime:0.000803s ]

[ 2019-07-24T01:59:44+08:00 ] 127.0.0.1 /HouseR/index.php/Homepage/Index/MyMessage.html
INFO: [ app_init ] --START--
INFO: Run Behavior\BuildLiteBehavior [ RunTime:0.000068s ]
INFO: [ app_init ] --END-- [ RunTime:0.002038s ]
INFO: [ app_begin ] --START--
INFO: Run Behavior\ReadHtmlCacheBehavior [ RunTime:0.001176s ]
INFO: [ app_begin ] --END-- [ RunTime:0.001204s ]
INFO: [ view_parse ] --START--
INFO: [ template_filter ] --START--
INFO: Run Behavior\ContentReplaceBehavior [ RunTime:0.000041s ]
INFO: [ template_filter ] --END-- [ RunTime:0.000070s ]
INFO: Run Behavior\ParseTemplateBehavior [ RunTime:0.012815s ]
INFO: [ view_parse ] --END-- [ RunTime:0.012852s ]
INFO: [ view_filter ] --START--
INFO: Run Behavior\WriteHtmlCacheBehavior [ RunTime:0.000989s ]
INFO: [ view_filter ] --END-- [ RunTime:0.001010s ]
INFO: [ app_end ] --START--
INFO: Run Behavior\ShowPageTraceBehavior [ RunTime:0.001100s ]
INFO: [ app_end ] --END-- [ RunTime:0.001119s ]

[ 2019-07-24T01:59:44+08:00 ] 127.0.0.1 /HouseR/Homepage/Index/apimessage?page=1&limit=2
INFO: [ app_init ] --START--
INFO: Run Behavior\BuildLiteBehavior [ RunTime:0.000016s ]
INFO: [ app_init ] --END-- [ RunTime:0.000816s ]
INFO: [ app_begin ] --START--
INFO: Run Behavior\ReadHtmlCacheBehavior [ RunTime:0.000831s ]
INFO: [ app_begin ] --END-- [ RunTime:0.000860s ]
SQL: SHOW COLUMNS FROM `message` [ RunTime:0.0060s ]
SQL: SELECT COUNT(*) AS tp_count FROM `message` INNER JOIN user ON message.s_id = user.id   WHERE ( r_id=1 ) LIMIT 1   [ RunTime:0.0003s ]
SQL: SELECT message.*,user.username FROM `message` INNER JOIN user ON message.s_id = user.id   WHERE ( r_id=1 ) LIMIT 0,2   [ RunTime:0.0003s ]
INFO: [ app_end ] --START--
INFO: Run Behavior\ShowPageTraceBehavior [ RunTime:0.000953s ]
INFO: [ app_end ] --END-- [ RunTime:0.000978s ]

[ 2019-07-24T01:59:49+08:00 ] 127.0.0.1 /HouseR/index.php/Homepage/Index/collect.html
INFO: [ app_init ] --START--
INFO: Run Behavior\BuildLiteBehavior [ RunTime:0.000008s ]
INFO: [ app_init ] --END-- [ RunTime:0.000419s ]
INFO: [ app_begin ] --START--
INFO: Run Behavior\ReadHtmlCacheBehavior [ RunTime:0.000739s ]
INFO: [ app_begin ] --END-- [ RunTime:0.000763s ]
INFO: [ view_parse ] --START--
INFO: [ template_filter ] --START--
INFO: Run Behavior\ContentReplaceBehavior [ RunTime:0.000031s ]
INFO: [ template_filter ] --END-- [ RunTime:0.000059s ]
INFO: Run Behavior\ParseTemplateBehavior [ RunTime:0.008418s ]
INFO: [ view_parse ] --END-- [ RunTime:0.008516s ]
INFO: [ view_filter ] --START--
INFO: Run Behavior\WriteHtmlCacheBehavior [ RunTime:0.000686s ]
INFO: [ view_filter ] --END-- [ RunTime:0.000706s ]
INFO: [ app_end ] --START--
INFO: Run Behavior\ShowPageTraceBehavior [ RunTime:0.000794s ]
INFO: [ app_end ] --END-- [ RunTime:0.000812s ]

[ 2019-07-24T01:59:49+08:00 ] 127.0.0.1 /HouseR/Homepage/Index/apicollect?page=1&limit=2
INFO: [ app_init ] --START--
INFO: Run Behavior\BuildLiteBehavior [ RunTime:0.000015s ]
INFO: [ app_init ] --END-- [ RunTime:0.000752s ]
INFO: [ app_begin ] --START--
INFO: Run Behavior\ReadHtmlCacheBehavior [ RunTime:0.001521s ]
INFO: [ app_begin ] --END-- [ RunTime:0.001630s ]
SQL: SHOW COLUMNS FROM `collect` [ RunTime:0.0189s ]
SQL: SELECT COUNT(*) AS tp_count FROM `collect` INNER JOIN user INNER JOIN house ON collect.user_id = user.id AND house.id = collect.house_id  WHERE ( user_id=1 ) LIMIT 1   [ RunTime:0.0007s ]
SQL: SELECT user.username,collect.*,house.title,house_id AS house_id FROM `collect` INNER JOIN user INNER JOIN house ON collect.user_id = user.id AND house.id = collect.house_id  WHERE ( user_id=1 ) LIMIT 0,2   [ RunTime:0.0004s ]
INFO: [ app_end ] --START--
INFO: Run Behavior\ShowPageTraceBehavior [ RunTime:0.001043s ]
INFO: [ app_end ] --END-- [ RunTime:0.001070s ]

[ 2019-07-24T01:59:50+08:00 ] 127.0.0.1 /HouseR/index.php/Homepage/Index/MyMessage.html
INFO: [ app_init ] --START--
INFO: Run Behavior\BuildLiteBehavior [ RunTime:0.000009s ]
INFO: [ app_init ] --END-- [ RunTime:0.000538s ]
INFO: [ app_begin ] --START--
INFO: Run Behavior\ReadHtmlCacheBehavior [ RunTime:0.000968s ]
INFO: [ app_begin ] --END-- [ RunTime:0.001028s ]
INFO: [ view_parse ] --START--
INFO: [ template_filter ] --START--
INFO: Run Behavior\ContentReplaceBehavior [ RunTime:0.000038s ]
INFO: [ template_filter ] --END-- [ RunTime:0.000066s ]
INFO: Run Behavior\ParseTemplateBehavior [ RunTime:0.006843s ]
INFO: [ view_parse ] --END-- [ RunTime:0.006884s ]
INFO: [ view_filter ] --START--
INFO: Run Behavior\WriteHtmlCacheBehavior [ RunTime:0.000633s ]
INFO: [ view_filter ] --END-- [ RunTime:0.000654s ]
INFO: [ app_end ] --START--
INFO: Run Behavior\ShowPageTraceBehavior [ RunTime:0.000837s ]
INFO: [ app_end ] --END-- [ RunTime:0.000858s ]

[ 2019-07-24T01:59:50+08:00 ] 127.0.0.1 /HouseR/Homepage/Index/apimessage?page=1&limit=2
INFO: [ app_init ] --START--
INFO: Run Behavior\BuildLiteBehavior [ RunTime:0.000007s ]
INFO: [ app_init ] --END-- [ RunTime:0.000456s ]
INFO: [ app_begin ] --START--
INFO: Run Behavior\ReadHtmlCacheBehavior [ RunTime:0.000752s ]
INFO: [ app_begin ] --END-- [ RunTime:0.000774s ]
SQL: SHOW COLUMNS FROM `message` [ RunTime:0.0075s ]
SQL: SELECT COUNT(*) AS tp_count FROM `message` INNER JOIN user ON message.s_id = user.id   WHERE ( r_id=1 ) LIMIT 1   [ RunTime:0.0004s ]
SQL: SELECT message.*,user.username FROM `message` INNER JOIN user ON message.s_id = user.id   WHERE ( r_id=1 ) LIMIT 0,2   [ RunTime:0.0003s ]
INFO: [ app_end ] --START--
INFO: Run Behavior\ShowPageTraceBehavior [ RunTime:0.004384s ]
INFO: [ app_end ] --END-- [ RunTime:0.004654s ]

[ 2019-07-24T02:02:50+08:00 ] 127.0.0.1 /HouseR/Homepage/Index/apimessage?page=1&limit=2
INFO: [ app_init ] --START--
INFO: Run Behavior\BuildLiteBehavior [ RunTime:0.000033s ]
INFO: [ app_init ] --END-- [ RunTime:0.001123s ]
INFO: [ app_begin ] --START--
INFO: Run Behavior\ReadHtmlCacheBehavior [ RunTime:0.001317s ]
INFO: [ app_begin ] --END-- [ RunTime:0.001368s ]
SQL: SHOW COLUMNS FROM `message` [ RunTime:0.0141s ]
SQL: SELECT COUNT(*) AS tp_count FROM `message` INNER JOIN user ON message.s_id = user.id   WHERE ( r_id=1 ) LIMIT 1   [ RunTime:0.0003s ]
SQL: SELECT message.*,user.username FROM `message` INNER JOIN user ON message.s_id = user.id   WHERE ( r_id=1 ) LIMIT 0,2   [ RunTime:0.0002s ]
INFO: [ app_end ] --START--
INFO: Run Behavior\ShowPageTraceBehavior [ RunTime:0.000930s ]
INFO: [ app_end ] --END-- [ RunTime:0.000950s ]

[ 2019-07-24T02:02:54+08:00 ] 127.0.0.1 /HouseR/Homepage/index
INFO: [ app_init ] --START--
INFO: Run Behavior\BuildLiteBehavior [ RunTime:0.000008s ]
INFO: [ app_init ] --END-- [ RunTime:0.000487s ]
INFO: [ app_begin ] --START--
INFO: Run Behavior\ReadHtmlCacheBehavior [ RunTime:0.000765s ]
INFO: [ app_begin ] --END-- [ RunTime:0.000801s ]
SQL: SHOW COLUMNS FROM `user` [ RunTime:0.0313s ]
SQL: SELECT `username`,`image` FROM `user` WHERE `id` = 1 LIMIT 1   [ RunTime:0.0003s ]
INFO: [ view_parse ] --START--
INFO: [ template_filter ] --START--
INFO: Run Behavior\ContentReplaceBehavior [ RunTime:0.000035s ]
INFO: [ template_filter ] --END-- [ RunTime:0.000057s ]
INFO: Run Behavior\ParseTemplateBehavior [ RunTime:0.006630s ]
INFO: [ view_parse ] --END-- [ RunTime:0.006658s ]
INFO: [ view_filter ] --START--
INFO: Run Behavior\WriteHtmlCacheBehavior [ RunTime:0.000795s ]
INFO: [ view_filter ] --END-- [ RunTime:0.000829s ]
INFO: [ app_end ] --START--
INFO: Run Behavior\ShowPageTraceBehavior [ RunTime:0.002400s ]
INFO: [ app_end ] --END-- [ RunTime:0.002442s ]

[ 2019-07-24T02:03:16+08:00 ] 127.0.0.1 /HouseR/index.php/Homepage/Index/MyMessage.html
INFO: [ app_init ] --START--
INFO: Run Behavior\BuildLiteBehavior [ RunTime:0.000007s ]
INFO: [ app_init ] --END-- [ RunTime:0.000421s ]
INFO: [ app_begin ] --START--
INFO: Run Behavior\ReadHtmlCacheBehavior [ RunTime:0.000757s ]
INFO: [ app_begin ] --END-- [ RunTime:0.000780s ]
INFO: [ view_parse ] --START--
INFO: [ template_filter ] --START--
INFO: Run Behavior\ContentReplaceBehavior [ RunTime:0.000044s ]
INFO: [ template_filter ] --END-- [ RunTime:0.000091s ]
INFO: Run Behavior\ParseTemplateBehavior [ RunTime:0.011065s ]
INFO: [ view_parse ] --END-- [ RunTime:0.011109s ]
INFO: [ view_filter ] --START--
INFO: Run Behavior\WriteHtmlCacheBehavior [ RunTime:0.000904s ]
INFO: [ view_filter ] --END-- [ RunTime:0.000922s ]
INFO: [ app_end ] --START--
INFO: Run Behavior\ShowPageTraceBehavior [ RunTime:0.000786s ]
INFO: [ app_end ] --END-- [ RunTime:0.000807s ]

[ 2019-07-24T02:03:16+08:00 ] 127.0.0.1 /HouseR/Homepage/Index/apimessage?page=1&limit=2
INFO: [ app_init ] --START--
INFO: Run Behavior\BuildLiteBehavior [ RunTime:0.000015s ]
INFO: [ app_init ] --END-- [ RunTime:0.001419s ]
INFO: [ app_begin ] --START--
INFO: Run Behavior\ReadHtmlCacheBehavior [ RunTime:0.002498s ]
INFO: [ app_begin ] --END-- [ RunTime:0.002628s ]
SQL: SHOW COLUMNS FROM `message` [ RunTime:0.0106s ]
SQL: SELECT COUNT(*) AS tp_count FROM `message` INNER JOIN user ON message.s_id = user.id   WHERE ( r_id=1 ) LIMIT 1   [ RunTime:0.0003s ]
SQL: SELECT message.*,user.username FROM `message` INNER JOIN user ON message.s_id = user.id   WHERE ( r_id=1 ) LIMIT 0,2   [ RunTime:0.0003s ]
INFO: [ app_end ] --START--
INFO: Run Behavior\ShowPageTraceBehavior [ RunTime:0.003250s ]
INFO: [ app_end ] --END-- [ RunTime:0.003276s ]

[ 2019-07-24T02:03:41+08:00 ] 127.0.0.1 /HouseR/Homepage/index
INFO: [ app_init ] --START--
INFO: Run Behavior\BuildLiteBehavior [ RunTime:0.000008s ]
INFO: [ app_init ] --END-- [ RunTime:0.000453s ]
INFO: [ app_begin ] --START--
INFO: Run Behavior\ReadHtmlCacheBehavior [ RunTime:0.000762s ]
INFO: [ app_begin ] --END-- [ RunTime:0.000787s ]
SQL: SHOW COLUMNS FROM `user` [ RunTime:0.0187s ]
SQL: SELECT `username`,`image` FROM `user` WHERE `id` = 1 LIMIT 1   [ RunTime:0.0002s ]
INFO: [ view_parse ] --START--
INFO: [ template_filter ] --START--
INFO: Run Behavior\ContentReplaceBehavior [ RunTime:0.000039s ]
INFO: [ template_filter ] --END-- [ RunTime:0.000071s ]
INFO: Run Behavior\ParseTemplateBehavior [ RunTime:0.012088s ]
INFO: [ view_parse ] --END-- [ RunTime:0.012116s ]
INFO: [ view_filter ] --START--
INFO: Run Behavior\WriteHtmlCacheBehavior [ RunTime:0.000604s ]
INFO: [ view_filter ] --END-- [ RunTime:0.000625s ]
INFO: [ app_end ] --START--
INFO: Run Behavior\ShowPageTraceBehavior [ RunTime:0.000828s ]
INFO: [ app_end ] --END-- [ RunTime:0.000846s ]

[ 2019-07-24T02:03:43+08:00 ] 127.0.0.1 /HouseR/index.php/Homepage/Index/MyMessage.html
INFO: [ app_init ] --START--
INFO: Run Behavior\BuildLiteBehavior [ RunTime:0.000011s ]
INFO: [ app_init ] --END-- [ RunTime:0.000559s ]
INFO: [ app_begin ] --START--
INFO: Run Behavior\ReadHtmlCacheBehavior [ RunTime:0.001115s ]
INFO: [ app_begin ] --END-- [ RunTime:0.001169s ]
INFO: [ view_parse ] --START--
INFO: [ template_filter ] --START--
INFO: Run Behavior\ContentReplaceBehavior [ RunTime:0.000036s ]
INFO: [ template_filter ] --END-- [ RunTime:0.000068s ]
INFO: Run Behavior\ParseTemplateBehavior [ RunTime:0.029009s ]
INFO: [ view_parse ] --END-- [ RunTime:0.029052s ]
INFO: [ view_filter ] --START--
INFO: Run Behavior\WriteHtmlCacheBehavior [ RunTime:0.000631s ]
INFO: [ view_filter ] --END-- [ RunTime:0.000651s ]
INFO: [ app_end ] --START--
INFO: Run Behavior\ShowPageTraceBehavior [ RunTime:0.000809s ]
INFO: [ app_end ] --END-- [ RunTime:0.000833s ]

[ 2019-07-24T02:03:44+08:00 ] 127.0.0.1 /HouseR/Homepage/Index/apimessage?page=1&limit=12
INFO: [ app_init ] --START--
INFO: Run Behavior\BuildLiteBehavior [ RunTime:0.000008s ]
INFO: [ app_init ] --END-- [ RunTime:0.000434s ]
INFO: [ app_begin ] --START--
INFO: Run Behavior\ReadHtmlCacheBehavior [ RunTime:0.001073s ]
INFO: [ app_begin ] --END-- [ RunTime:0.001104s ]
SQL: SHOW COLUMNS FROM `message` [ RunTime:0.0304s ]
SQL: SELECT COUNT(*) AS tp_count FROM `message` INNER JOIN user ON message.s_id = user.id   WHERE ( r_id=1 ) LIMIT 1   [ RunTime:0.0003s ]
SQL: SELECT message.*,user.username FROM `message` INNER JOIN user ON message.s_id = user.id   WHERE ( r_id=1 ) LIMIT 0,12   [ RunTime:0.0003s ]
INFO: [ app_end ] --START--
INFO: Run Behavior\ShowPageTraceBehavior [ RunTime:0.000952s ]
INFO: [ app_end ] --END-- [ RunTime:0.000976s ]

[ 2019-07-24T02:04:13+08:00 ] 127.0.0.1 /HouseR/Homepage/index
INFO: [ app_init ] --START--
INFO: Run Behavior\BuildLiteBehavior [ RunTime:0.000007s ]
INFO: [ app_init ] --END-- [ RunTime:0.000422s ]
INFO: [ app_begin ] --START--
INFO: Run Behavior\ReadHtmlCacheBehavior [ RunTime:0.000917s ]
INFO: [ app_begin ] --END-- [ RunTime:0.000949s ]
SQL: SHOW COLUMNS FROM `user` [ RunTime:0.0288s ]
SQL: SELECT `username`,`image` FROM `user` WHERE `id` = 1 LIMIT 1   [ RunTime:0.0002s ]
INFO: [ view_parse ] --START--
INFO: [ template_filter ] --START--
INFO: Run Behavior\ContentReplaceBehavior [ RunTime:0.000037s ]
INFO: [ template_filter ] --END-- [ RunTime:0.000061s ]
INFO: Run Behavior\ParseTemplateBehavior [ RunTime:0.008304s ]
INFO: [ view_parse ] --END-- [ RunTime:0.008334s ]
INFO: [ view_filter ] --START--
INFO: Run Behavior\WriteHtmlCacheBehavior [ RunTime:0.000611s ]
INFO: [ view_filter ] --END-- [ RunTime:0.000638s ]
INFO: [ app_end ] --START--
INFO: Run Behavior\ShowPageTraceBehavior [ RunTime:0.001140s ]
INFO: [ app_end ] --END-- [ RunTime:0.001174s ]

[ 2019-07-24T02:04:16+08:00 ] 127.0.0.1 /HouseR/index.php/Homepage/Index/MyMessage.html
INFO: [ app_init ] --START--
INFO: Run Behavior\BuildLiteBehavior [ RunTime:0.000006s ]
INFO: [ app_init ] --END-- [ RunTime:0.000449s ]
INFO: [ app_begin ] --START--
INFO: Run Behavior\ReadHtmlCacheBehavior [ RunTime:0.001847s ]
INFO: [ app_begin ] --END-- [ RunTime:0.001885s ]
INFO: [ view_parse ] --START--
INFO: [ template_filter ] --START--
INFO: Run Behavior\ContentReplaceBehavior [ RunTime:0.000032s ]
INFO: [ template_filter ] --END-- [ RunTime:0.000058s ]
INFO: Run Behavior\ParseTemplateBehavior [ RunTime:0.005933s ]
INFO: [ view_parse ] --END-- [ RunTime:0.005975s ]
INFO: [ view_filter ] --START--
INFO: Run Behavior\WriteHtmlCacheBehavior [ RunTime:0.000591s ]
INFO: [ view_filter ] --END-- [ RunTime:0.000610s ]
INFO: [ app_end ] --START--
INFO: Run Behavior\ShowPageTraceBehavior [ RunTime:0.000768s ]
INFO: [ app_end ] --END-- [ RunTime:0.000786s ]

[ 2019-07-24T02:04:16+08:00 ] 127.0.0.1 /HouseR/Homepage/Index/apimessage?page=1&limit=12
INFO: [ app_init ] --START--
INFO: Run Behavior\BuildLiteBehavior [ RunTime:0.000009s ]
INFO: [ app_init ] --END-- [ RunTime:0.000515s ]
INFO: [ app_begin ] --START--
INFO: Run Behavior\ReadHtmlCacheBehavior [ RunTime:0.001832s ]
INFO: [ app_begin ] --END-- [ RunTime:0.001978s ]
SQL: SHOW COLUMNS FROM `message` [ RunTime:0.0113s ]
SQL: SELECT COUNT(*) AS tp_count FROM `message` INNER JOIN user ON message.s_id = user.id   WHERE ( r_id=1 ) LIMIT 1   [ RunTime:0.0003s ]
SQL: SELECT message.*,user.username FROM `message` INNER JOIN user ON message.s_id = user.id   WHERE ( r_id=1 ) LIMIT 0,12   [ RunTime:0.0003s ]
INFO: [ app_end ] --START--
INFO: Run Behavior\ShowPageTraceBehavior [ RunTime:0.001871s ]
INFO: [ app_end ] --END-- [ RunTime:0.001909s ]

[ 2019-07-24T02:08:05+08:00 ] 127.0.0.1 /HouseR/Homepage/index
INFO: [ app_init ] --START--
INFO: Run Behavior\BuildLiteBehavior [ RunTime:0.000007s ]
INFO: [ app_init ] --END-- [ RunTime:0.000404s ]
INFO: [ app_begin ] --START--
INFO: Run Behavior\ReadHtmlCacheBehavior [ RunTime:0.000856s ]
INFO: [ app_begin ] --END-- [ RunTime:0.000907s ]
SQL: SHOW COLUMNS FROM `user` [ RunTime:0.0145s ]
SQL: SELECT `username`,`image` FROM `user` WHERE `id` = 1 LIMIT 1   [ RunTime:0.0003s ]
INFO: [ view_parse ] --START--
INFO: [ template_filter ] --START--
INFO: Run Behavior\ContentReplaceBehavior [ RunTime:0.000036s ]
INFO: [ template_filter ] --END-- [ RunTime:0.000064s ]
INFO: Run Behavior\ParseTemplateBehavior [ RunTime:0.028833s ]
INFO: [ view_parse ] --END-- [ RunTime:0.028862s ]
INFO: [ view_filter ] --START--
INFO: Run Behavior\WriteHtmlCacheBehavior [ RunTime:0.000579s ]
INFO: [ view_filter ] --END-- [ RunTime:0.000599s ]
INFO: [ app_end ] --START--
INFO: Run Behavior\ShowPageTraceBehavior [ RunTime:0.000826s ]
INFO: [ app_end ] --END-- [ RunTime:0.000845s ]

[ 2019-07-24T02:08:07+08:00 ] 127.0.0.1 /HouseR/index.php/Homepage/Index/MyMessage.html
INFO: [ app_init ] --START--
INFO: Run Behavior\BuildLiteBehavior [ RunTime:0.000007s ]
INFO: [ app_init ] --END-- [ RunTime:0.000385s ]
INFO: [ app_begin ] --START--
INFO: Run Behavior\ReadHtmlCacheBehavior [ RunTime:0.000757s ]
INFO: [ app_begin ] --END-- [ RunTime:0.000793s ]
INFO: [ view_parse ] --START--
INFO: [ template_filter ] --START--
INFO: Run Behavior\ContentReplaceBehavior [ RunTime:0.000036s ]
INFO: [ template_filter ] --END-- [ RunTime:0.000066s ]
INFO: Run Behavior\ParseTemplateBehavior [ RunTime:0.024104s ]
INFO: [ view_parse ] --END-- [ RunTime:0.024143s ]
INFO: [ view_filter ] --START--
INFO: Run Behavior\WriteHtmlCacheBehavior [ RunTime:0.001469s ]
INFO: [ view_filter ] --END-- [ RunTime:0.001523s ]
INFO: [ app_end ] --START--
INFO: Run Behavior\ShowPageTraceBehavior [ RunTime:0.001910s ]
INFO: [ app_end ] --END-- [ RunTime:0.001937s ]

[ 2019-07-24T02:08:08+08:00 ] 127.0.0.1 /HouseR/Homepage/Index/apimessage?page=1&limit=12
INFO: [ app_init ] --START--
INFO: Run Behavior\BuildLiteBehavior [ RunTime:0.000017s ]
INFO: [ app_init ] --END-- [ RunTime:0.000725s ]
INFO: [ app_begin ] --START--
INFO: Run Behavior\ReadHtmlCacheBehavior [ RunTime:0.001146s ]
INFO: [ app_begin ] --END-- [ RunTime:0.001191s ]
SQL: SHOW COLUMNS FROM `message` [ RunTime:0.0686s ]
SQL: SELECT COUNT(*) AS tp_count FROM `message` INNER JOIN user ON message.s_id = user.id   WHERE ( r_id=1 ) LIMIT 1   [ RunTime:0.0003s ]
SQL: SELECT message.*,user.username FROM `message` INNER JOIN user ON message.s_id = user.id   WHERE ( r_id=1 ) LIMIT 0,12   [ RunTime:0.0003s ]
INFO: [ app_end ] --START--
INFO: Run Behavior\ShowPageTraceBehavior [ RunTime:0.000964s ]
INFO: [ app_end ] --END-- [ RunTime:0.000996s ]

