[ 2019-07-20T00:01:04+08:00 ] 127.0.0.1 /HouseR/index.php/Admin/Index/add_houseImpl.html
INFO: [ app_init ] --START--
INFO: Run Behavior\BuildLiteBehavior [ RunTime:0.000009s ]
INFO: [ app_init ] --END-- [ RunTime:0.000737s ]
INFO: [ app_begin ] --START--
INFO: Run Behavior\ReadHtmlCacheBehavior [ RunTime:0.001183s ]
INFO: [ app_begin ] --END-- [ RunTime:0.001214s ]
SQL: SHOW COLUMNS FROM `house` [ RunTime:0.0779s ]
ERR: Method name must be a string

[ 2019-07-20T00:01:12+08:00 ] 127.0.0.1 /HouseR/index.php/Admin/Index/add_houseImpl.html
INFO: [ app_init ] --START--
INFO: Run Behavior\BuildLiteBehavior [ RunTime:0.000007s ]
INFO: [ app_init ] --END-- [ RunTime:0.000525s ]
INFO: [ app_begin ] --START--
INFO: Run Behavior\ReadHtmlCacheBehavior [ RunTime:0.001975s ]
INFO: [ app_begin ] --END-- [ RunTime:0.002016s ]
SQL: SHOW COLUMNS FROM `house` [ RunTime:0.0152s ]
ERR: Method name must be a string

[ 2019-07-20T00:09:27+08:00 ] 127.0.0.1 /HouseR/index.php/Admin/Index/add_houseImpl.html
INFO: [ app_init ] --START--
INFO: Run Behavior\BuildLiteBehavior [ RunTime:0.000009s ]
INFO: [ app_init ] --END-- [ RunTime:0.000629s ]
INFO: [ app_begin ] --START--
INFO: Run Behavior\ReadHtmlCacheBehavior [ RunTime:0.001177s ]
INFO: [ app_begin ] --END-- [ RunTime:0.001202s ]
SQL: SHOW COLUMNS FROM `house` [ RunTime:0.0162s ]
ERR: 1452:Cannot add or update a child row: a foreign key constraint fails (`db_hr`.`house`, CONSTRAINT `host_id` FOREIGN KEY (`host_id`) REFERENCES `user` (`id`) ON DELETE NO ACTION ON UPDATE NO ACTION)
 [ SQL语句 ] : INSERT INTO `house` (`title`,`city`,`location`,`address`,`decoration`,`rooms`,`livingRooms`,`bathrooms`,`floor`,`area`,`price`,`kt`,`kd`,`czy`,`sf`,`tv`,`bx`,`rsq`,`description`) VALUES ('111111111','3','6','1','1','1','1','1','1','1','1','1','1','1','1','1','1','1','1')
ERR: 1452:Cannot add or update a child row: a foreign key constraint fails (`db_hr`.`house`, CONSTRAINT `host_id` FOREIGN KEY (`host_id`) REFERENCES `user` (`id`) ON DELETE NO ACTION ON UPDATE NO ACTION)
 [ SQL语句 ] : INSERT INTO `house` (`title`,`city`,`location`,`address`,`decoration`,`rooms`,`livingRooms`,`bathrooms`,`floor`,`area`,`price`,`kt`,`kd`,`czy`,`sf`,`tv`,`bx`,`rsq`,`description`) VALUES ('111111111','3','6','1','1','1','1','1','1','1','1','1','1','1','1','1','1','1','1')

[ 2019-07-20T00:14:57+08:00 ] 127.0.0.1 /HouseR/index.php/Admin/Index/house_add
INFO: [ app_init ] --START--
INFO: Run Behavior\BuildLiteBehavior [ RunTime:0.000006s ]
INFO: [ app_init ] --END-- [ RunTime:0.000532s ]
INFO: [ app_begin ] --START--
INFO: Run Behavior\ReadHtmlCacheBehavior [ RunTime:0.001129s ]
INFO: [ app_begin ] --END-- [ RunTime:0.001151s ]
SQL: SHOW COLUMNS FROM `city` [ RunTime:0.0161s ]
SQL: SELECT * FROM `city` WHERE ( type=2 )  [ RunTime:0.0004s ]
SQL: SELECT * FROM `city` WHERE ( type=3 )  [ RunTime:0.0002s ]
INFO: [ view_parse ] --START--
INFO: [ template_filter ] --START--
INFO: Run Behavior\ContentReplaceBehavior [ RunTime:0.000073s ]
INFO: [ template_filter ] --END-- [ RunTime:0.000101s ]
INFO: Run Behavior\ParseTemplateBehavior [ RunTime:0.037794s ]
INFO: [ view_parse ] --END-- [ RunTime:0.037850s ]
INFO: [ view_filter ] --START--
INFO: Run Behavior\WriteHtmlCacheBehavior [ RunTime:0.001246s ]
INFO: [ view_filter ] --END-- [ RunTime:0.001288s ]
INFO: [ app_end ] --START--
INFO: Run Behavior\ShowPageTraceBehavior [ RunTime:0.001857s ]
INFO: [ app_end ] --END-- [ RunTime:0.001890s ]

[ 2019-07-20T00:15:08+08:00 ] 127.0.0.1 /HouseR/admin/index/get_city?city_id=3
INFO: [ app_init ] --START--
INFO: Run Behavior\BuildLiteBehavior [ RunTime:0.000024s ]
INFO: [ app_init ] --END-- [ RunTime:0.001034s ]
INFO: [ app_begin ] --START--
INFO: Run Behavior\ReadHtmlCacheBehavior [ RunTime:0.001210s ]
INFO: [ app_begin ] --END-- [ RunTime:0.001237s ]
SQL: SHOW COLUMNS FROM `city` [ RunTime:0.0191s ]
SQL: SELECT * FROM `city` WHERE ( pid=3 )  [ RunTime:0.0003s ]
INFO: [ app_end ] --START--
INFO: Run Behavior\ShowPageTraceBehavior [ RunTime:0.004906s ]
INFO: [ app_end ] --END-- [ RunTime:0.005072s ]

[ 2019-07-20T00:15:21+08:00 ] 127.0.0.1 /HouseR/index.php/Admin/Index/add_houseImpl.html
INFO: [ app_init ] --START--
INFO: Run Behavior\BuildLiteBehavior [ RunTime:0.000012s ]
INFO: [ app_init ] --END-- [ RunTime:0.000670s ]
INFO: [ app_begin ] --START--
INFO: Run Behavior\ReadHtmlCacheBehavior [ RunTime:0.000800s ]
INFO: [ app_begin ] --END-- [ RunTime:0.000830s ]
SQL: SHOW COLUMNS FROM `house` [ RunTime:0.0275s ]
SQL: INSERT INTO `house` (`title`,`host_id`,`city`,`location`,`address`,`decoration`,`rooms`,`livingRooms`,`bathrooms`,`floor`,`area`,`price`,`kt`,`kd`,`rsq`,`xdg`,`description`) VALUES ('111111111','1','3','6','1','1','1','1','1','1','1','1','1','1','1','1','1') [ RunTime:0.1028s ]
NOTIC: [8] Undefined variable: data D:\xampp\htdocs\HouseR\Application\Admin\Controller\IndexController.class.php 第 49 行.
INFO: [ app_end ] --START--
INFO: Run Behavior\ShowPageTraceBehavior [ RunTime:0.001831s ]
INFO: [ app_end ] --END-- [ RunTime:0.001935s ]

[ 2019-07-20T00:16:25+08:00 ] 127.0.0.1 /HouseR/index.php/Admin/Index/add_houseImpl.html
INFO: [ app_init ] --START--
INFO: Run Behavior\BuildLiteBehavior [ RunTime:0.000007s ]
INFO: [ app_init ] --END-- [ RunTime:0.000428s ]
INFO: [ app_begin ] --START--
INFO: Run Behavior\ReadHtmlCacheBehavior [ RunTime:0.001441s ]
INFO: [ app_begin ] --END-- [ RunTime:0.001481s ]
SQL: SHOW COLUMNS FROM `house` [ RunTime:0.0158s ]
SQL: INSERT INTO `house` (`title`,`host_id`,`city`,`location`,`address`,`decoration`,`rooms`,`livingRooms`,`bathrooms`,`floor`,`area`,`price`,`kt`,`kd`,`rsq`,`xdg`,`description`) VALUES ('111111111','1','3','6','1','1','1','1','1','1','1','1','1','1','1','1','1') [ RunTime:0.0725s ]
NOTIC: [8] Undefined variable: data D:\xampp\htdocs\HouseR\Application\Admin\Controller\IndexController.class.php 第 49 行.
INFO: [ app_end ] --START--
INFO: Run Behavior\ShowPageTraceBehavior [ RunTime:0.001035s ]
INFO: [ app_end ] --END-- [ RunTime:0.001064s ]

[ 2019-07-20T00:17:03+08:00 ] 127.0.0.1 /HouseR/index.php/Admin/Index/add_houseImpl.html
INFO: [ app_init ] --START--
INFO: Run Behavior\BuildLiteBehavior [ RunTime:0.000008s ]
INFO: [ app_init ] --END-- [ RunTime:0.000427s ]
INFO: [ app_begin ] --START--
INFO: Run Behavior\ReadHtmlCacheBehavior [ RunTime:0.000844s ]
INFO: [ app_begin ] --END-- [ RunTime:0.000875s ]
SQL: SHOW COLUMNS FROM `house` [ RunTime:0.0138s ]
SQL: INSERT INTO `house` (`title`,`host_id`,`city`,`location`,`address`,`decoration`,`rooms`,`livingRooms`,`bathrooms`,`floor`,`area`,`price`,`kt`,`kd`,`rsq`,`xdg`,`description`) VALUES ('111111111','1','3','6','1','1','1','1','1','1','1','1','1','1','1','1','1') [ RunTime:0.1424s ]
NOTIC: [8] Undefined variable: data D:\xampp\htdocs\HouseR\Application\Admin\Controller\IndexController.class.php 第 50 行.
NOTIC: [2] call_user_func() expects parameter 1 to be a valid callback, no array or string given D:\xampp\htdocs\HouseR\ThinkPHP\Library\Think\Upload.class.php 第 182 行.
NOTIC: [2] call_user_func() expects parameter 1 to be a valid callback, no array or string given D:\xampp\htdocs\HouseR\ThinkPHP\Library\Think\Upload.class.php 第 182 行.
NOTIC: [2] call_user_func() expects parameter 1 to be a valid callback, no array or string given D:\xampp\htdocs\HouseR\ThinkPHP\Library\Think\Upload.class.php 第 182 行.
NOTIC: [2] call_user_func() expects parameter 1 to be a valid callback, no array or string given D:\xampp\htdocs\HouseR\ThinkPHP\Library\Think\Upload.class.php 第 182 行.
NOTIC: [2] call_user_func() expects parameter 1 to be a valid callback, no array or string given D:\xampp\htdocs\HouseR\ThinkPHP\Library\Think\Upload.class.php 第 182 行.
NOTIC: [8] Array to string conversion D:\xampp\htdocs\HouseR\Application\Admin\Controller\IndexController.class.php 第 53 行.
NOTIC: [8] Array to string conversion D:\xampp\htdocs\HouseR\Application\Admin\Controller\IndexController.class.php 第 55 行.
INFO: [ app_end ] --START--
INFO: Run Behavior\ShowPageTraceBehavior [ RunTime:0.001777s ]
INFO: [ app_end ] --END-- [ RunTime:0.001807s ]

[ 2019-07-20T00:17:22+08:00 ] 127.0.0.1 /HouseR/index.php/Admin/Index/add_houseImpl.html
INFO: [ app_init ] --START--
INFO: Run Behavior\BuildLiteBehavior [ RunTime:0.000010s ]
INFO: [ app_init ] --END-- [ RunTime:0.000613s ]
INFO: [ app_begin ] --START--
INFO: Run Behavior\ReadHtmlCacheBehavior [ RunTime:0.001093s ]
INFO: [ app_begin ] --END-- [ RunTime:0.001126s ]
SQL: SHOW COLUMNS FROM `house` [ RunTime:0.0139s ]
SQL: INSERT INTO `house` (`title`,`host_id`,`city`,`location`,`address`,`decoration`,`rooms`,`livingRooms`,`bathrooms`,`floor`,`area`,`price`,`kt`,`kd`,`rsq`,`xdg`,`description`) VALUES ('111111111','1','3','6','1','1','1','1','1','1','1','1','1','1','1','1','1') [ RunTime:0.1027s ]
NOTIC: [8] Undefined variable: data D:\xampp\htdocs\HouseR\Application\Admin\Controller\IndexController.class.php 第 50 行.
NOTIC: [2] call_user_func() expects parameter 1 to be a valid callback, no array or string given D:\xampp\htdocs\HouseR\ThinkPHP\Library\Think\Upload.class.php 第 182 行.
NOTIC: [2] call_user_func() expects parameter 1 to be a valid callback, no array or string given D:\xampp\htdocs\HouseR\ThinkPHP\Library\Think\Upload.class.php 第 182 行.
NOTIC: [2] call_user_func() expects parameter 1 to be a valid callback, no array or string given D:\xampp\htdocs\HouseR\ThinkPHP\Library\Think\Upload.class.php 第 182 行.
NOTIC: [2] call_user_func() expects parameter 1 to be a valid callback, no array or string given D:\xampp\htdocs\HouseR\ThinkPHP\Library\Think\Upload.class.php 第 182 行.
NOTIC: [2] call_user_func() expects parameter 1 to be a valid callback, no array or string given D:\xampp\htdocs\HouseR\ThinkPHP\Library\Think\Upload.class.php 第 182 行.
INFO: [ app_end ] --START--
INFO: Run Behavior\ShowPageTraceBehavior [ RunTime:0.000998s ]
INFO: [ app_end ] --END-- [ RunTime:0.001034s ]

[ 2019-07-20T08:49:52+08:00 ] 127.0.0.1 /HouseR/Admin/index/house_add
INFO: [ app_init ] --START--
INFO: Run Behavior\BuildLiteBehavior [ RunTime:0.000015s ]
INFO: [ app_init ] --END-- [ RunTime:0.000327s ]
INFO: [ app_begin ] --START--
INFO: Run Behavior\ReadHtmlCacheBehavior [ RunTime:0.000429s ]
INFO: [ app_begin ] --END-- [ RunTime:0.000445s ]
SQL: SHOW COLUMNS FROM `city` [ RunTime:0.0026s ]
SQL: SELECT * FROM `city` WHERE ( type=2 )  [ RunTime:0.0004s ]
SQL: SELECT * FROM `city` WHERE ( type=3 )  [ RunTime:0.0004s ]
INFO: [ view_parse ] --START--
INFO: [ template_filter ] --START--
INFO: Run Behavior\ContentReplaceBehavior [ RunTime:0.000104s ]
INFO: [ template_filter ] --END-- [ RunTime:0.000128s ]
INFO: Run Behavior\ParseTemplateBehavior [ RunTime:0.005695s ]
INFO: [ view_parse ] --END-- [ RunTime:0.005722s ]
INFO: [ view_filter ] --START--
INFO: Run Behavior\WriteHtmlCacheBehavior [ RunTime:0.000309s ]
INFO: [ view_filter ] --END-- [ RunTime:0.000326s ]
INFO: [ app_end ] --START--
INFO: Run Behavior\ShowPageTraceBehavior [ RunTime:0.001113s ]
INFO: [ app_end ] --END-- [ RunTime:0.001202s ]

[ 2019-07-20T08:50:02+08:00 ] 127.0.0.1 /HouseR/admin/index/get_city?city_id=3
INFO: [ app_init ] --START--
INFO: Run Behavior\BuildLiteBehavior [ RunTime:0.000005s ]
INFO: [ app_init ] --END-- [ RunTime:0.000292s ]
INFO: [ app_begin ] --START--
INFO: Run Behavior\ReadHtmlCacheBehavior [ RunTime:0.000510s ]
INFO: [ app_begin ] --END-- [ RunTime:0.000525s ]
SQL: SHOW COLUMNS FROM `city` [ RunTime:0.0021s ]
SQL: SELECT * FROM `city` WHERE ( pid=3 )  [ RunTime:0.0004s ]
INFO: [ app_end ] --START--
INFO: Run Behavior\ShowPageTraceBehavior [ RunTime:0.000547s ]
INFO: [ app_end ] --END-- [ RunTime:0.000562s ]

[ 2019-07-20T08:50:20+08:00 ] 127.0.0.1 /HouseR/index.php/Admin/Index/add_houseImpl.html
INFO: [ app_init ] --START--
INFO: Run Behavior\BuildLiteBehavior [ RunTime:0.000005s ]
INFO: [ app_init ] --END-- [ RunTime:0.000240s ]
INFO: [ app_begin ] --START--
INFO: Run Behavior\ReadHtmlCacheBehavior [ RunTime:0.000293s ]
INFO: [ app_begin ] --END-- [ RunTime:0.000309s ]
SQL: SHOW COLUMNS FROM `house` [ RunTime:0.0026s ]
SQL: INSERT INTO `house` (`title`,`host_id`,`city`,`location`,`address`,`decoration`,`rooms`,`livingRooms`,`bathrooms`,`floor`,`area`,`price`,`czy`,`sf`,`xyj`,`wbl`,`rsq`,`xdg`,`description`,`add_time`) VALUES ('11111','1','3','6','1','1','1','1','1','1','1','1','1','1','1','1','1','1','1','2019-07-20') [ RunTime:0.0042s ]
NOTIC: [8] Undefined variable: data C:\xampp\htdocs\HouseR\Application\Admin\Controller\IndexController.class.php 第 52 行.
NOTIC: [2] call_user_func() expects parameter 1 to be a valid callback, no array or string given C:\xampp\htdocs\HouseR\ThinkPHP\Library\Think\Upload.class.php 第 182 行.
NOTIC: [2] call_user_func() expects parameter 1 to be a valid callback, no array or string given C:\xampp\htdocs\HouseR\ThinkPHP\Library\Think\Upload.class.php 第 182 行.
NOTIC: [2] call_user_func() expects parameter 1 to be a valid callback, no array or string given C:\xampp\htdocs\HouseR\ThinkPHP\Library\Think\Upload.class.php 第 182 行.
NOTIC: [2] call_user_func() expects parameter 1 to be a valid callback, no array or string given C:\xampp\htdocs\HouseR\ThinkPHP\Library\Think\Upload.class.php 第 182 行.
NOTIC: [2] call_user_func() expects parameter 1 to be a valid callback, no array or string given C:\xampp\htdocs\HouseR\ThinkPHP\Library\Think\Upload.class.php 第 182 行.
NOTIC: [2] call_user_func() expects parameter 1 to be a valid callback, no array or string given C:\xampp\htdocs\HouseR\ThinkPHP\Library\Think\Upload.class.php 第 182 行.
NOTIC: [2] array_push() expects parameter 1 to be array, null given C:\xampp\htdocs\HouseR\Application\Admin\Controller\IndexController.class.php 第 73 行.
NOTIC: [2] array_push() expects parameter 1 to be array, null given C:\xampp\htdocs\HouseR\Application\Admin\Controller\IndexController.class.php 第 73 行.
NOTIC: [2] array_push() expects parameter 1 to be array, null given C:\xampp\htdocs\HouseR\Application\Admin\Controller\IndexController.class.php 第 73 行.
NOTIC: [2] array_push() expects parameter 1 to be array, null given C:\xampp\htdocs\HouseR\Application\Admin\Controller\IndexController.class.php 第 73 行.
NOTIC: [2] array_push() expects parameter 1 to be array, null given C:\xampp\htdocs\HouseR\Application\Admin\Controller\IndexController.class.php 第 73 行.
NOTIC: [2] array_push() expects parameter 1 to be array, null given C:\xampp\htdocs\HouseR\Application\Admin\Controller\IndexController.class.php 第 73 行.
INFO: [ app_end ] --START--
INFO: Run Behavior\ShowPageTraceBehavior [ RunTime:0.000587s ]
INFO: [ app_end ] --END-- [ RunTime:0.000604s ]

[ 2019-07-20T08:50:55+08:00 ] 127.0.0.1 /HouseR/index.php/Admin/Index/add_houseImpl.html
INFO: [ app_init ] --START--
INFO: Run Behavior\BuildLiteBehavior [ RunTime:0.000012s ]
INFO: [ app_init ] --END-- [ RunTime:0.000264s ]
INFO: [ app_begin ] --START--
INFO: Run Behavior\ReadHtmlCacheBehavior [ RunTime:0.000361s ]
INFO: [ app_begin ] --END-- [ RunTime:0.000376s ]
SQL: SHOW COLUMNS FROM `house` [ RunTime:0.0024s ]
SQL: INSERT INTO `house` (`title`,`host_id`,`city`,`location`,`address`,`decoration`,`rooms`,`livingRooms`,`bathrooms`,`floor`,`area`,`price`,`czy`,`sf`,`xyj`,`wbl`,`rsq`,`xdg`,`description`,`add_time`) VALUES ('11111','1','3','6','1','1','1','1','1','1','1','1','1','1','1','1','1','1','1','2019-07-20') [ RunTime:0.0030s ]
NOTIC: [8] Undefined variable: data C:\xampp\htdocs\HouseR\Application\Admin\Controller\IndexController.class.php 第 52 行.
NOTIC: [2] call_user_func() expects parameter 1 to be a valid callback, no array or string given C:\xampp\htdocs\HouseR\ThinkPHP\Library\Think\Upload.class.php 第 182 行.
NOTIC: [2] call_user_func() expects parameter 1 to be a valid callback, no array or string given C:\xampp\htdocs\HouseR\ThinkPHP\Library\Think\Upload.class.php 第 182 行.
NOTIC: [2] call_user_func() expects parameter 1 to be a valid callback, no array or string given C:\xampp\htdocs\HouseR\ThinkPHP\Library\Think\Upload.class.php 第 182 行.
NOTIC: [2] call_user_func() expects parameter 1 to be a valid callback, no array or string given C:\xampp\htdocs\HouseR\ThinkPHP\Library\Think\Upload.class.php 第 182 行.
NOTIC: [2] call_user_func() expects parameter 1 to be a valid callback, no array or string given C:\xampp\htdocs\HouseR\ThinkPHP\Library\Think\Upload.class.php 第 182 行.
NOTIC: [2] call_user_func() expects parameter 1 to be a valid callback, no array or string given C:\xampp\htdocs\HouseR\ThinkPHP\Library\Think\Upload.class.php 第 182 行.
INFO: [ app_end ] --START--
INFO: Run Behavior\ShowPageTraceBehavior [ RunTime:0.000607s ]
INFO: [ app_end ] --END-- [ RunTime:0.000627s ]

[ 2019-07-20T08:51:17+08:00 ] 127.0.0.1 /HouseR/index.php/Admin/Index/add_houseImpl.html
INFO: [ app_init ] --START--
INFO: Run Behavior\BuildLiteBehavior [ RunTime:0.000004s ]
INFO: [ app_init ] --END-- [ RunTime:0.000230s ]
INFO: [ app_begin ] --START--
INFO: Run Behavior\ReadHtmlCacheBehavior [ RunTime:0.000348s ]
INFO: [ app_begin ] --END-- [ RunTime:0.000364s ]
SQL: SHOW COLUMNS FROM `house` [ RunTime:0.0032s ]
SQL: INSERT INTO `house` (`title`,`host_id`,`city`,`location`,`address`,`decoration`,`rooms`,`livingRooms`,`bathrooms`,`floor`,`area`,`price`,`czy`,`sf`,`xyj`,`wbl`,`rsq`,`xdg`,`description`,`add_time`) VALUES ('11111','1','3','6','1','1','1','1','1','1','1','1','1','1','1','1','1','1','1','2019-07-20') [ RunTime:0.0045s ]
NOTIC: [8] Undefined variable: data C:\xampp\htdocs\HouseR\Application\Admin\Controller\IndexController.class.php 第 52 行.
NOTIC: [2] call_user_func() expects parameter 1 to be a valid callback, no array or string given C:\xampp\htdocs\HouseR\ThinkPHP\Library\Think\Upload.class.php 第 182 行.
NOTIC: [2] call_user_func() expects parameter 1 to be a valid callback, no array or string given C:\xampp\htdocs\HouseR\ThinkPHP\Library\Think\Upload.class.php 第 182 行.
NOTIC: [2] call_user_func() expects parameter 1 to be a valid callback, no array or string given C:\xampp\htdocs\HouseR\ThinkPHP\Library\Think\Upload.class.php 第 182 行.
NOTIC: [2] call_user_func() expects parameter 1 to be a valid callback, no array or string given C:\xampp\htdocs\HouseR\ThinkPHP\Library\Think\Upload.class.php 第 182 行.
NOTIC: [2] call_user_func() expects parameter 1 to be a valid callback, no array or string given C:\xampp\htdocs\HouseR\ThinkPHP\Library\Think\Upload.class.php 第 182 行.
NOTIC: [2] call_user_func() expects parameter 1 to be a valid callback, no array or string given C:\xampp\htdocs\HouseR\ThinkPHP\Library\Think\Upload.class.php 第 182 行.
NOTIC: [8] Array to string conversion C:\xampp\htdocs\HouseR\Application\Admin\Controller\IndexController.class.php 第 56 行.
INFO: [ app_end ] --START--
INFO: Run Behavior\ShowPageTraceBehavior [ RunTime:0.000415s ]
INFO: [ app_end ] --END-- [ RunTime:0.000435s ]

[ 2019-07-20T08:52:33+08:00 ] 127.0.0.1 /HouseR/index.php/Admin/Index/add_houseImpl.html
INFO: [ app_init ] --START--
INFO: Run Behavior\BuildLiteBehavior [ RunTime:0.000005s ]
INFO: [ app_init ] --END-- [ RunTime:0.000258s ]
INFO: [ app_begin ] --START--
INFO: Run Behavior\ReadHtmlCacheBehavior [ RunTime:0.000364s ]
INFO: [ app_begin ] --END-- [ RunTime:0.000382s ]
SQL: SHOW COLUMNS FROM `house` [ RunTime:0.0029s ]
SQL: INSERT INTO `house` (`title`,`host_id`,`city`,`location`,`address`,`decoration`,`rooms`,`livingRooms`,`bathrooms`,`floor`,`area`,`price`,`czy`,`sf`,`xyj`,`wbl`,`rsq`,`xdg`,`description`,`add_time`) VALUES ('11111','1','3','6','1','1','1','1','1','1','1','1','1','1','1','1','1','1','1','2019-07-20') [ RunTime:0.0026s ]
NOTIC: [8] Undefined variable: data C:\xampp\htdocs\HouseR\Application\Admin\Controller\IndexController.class.php 第 52 行.
NOTIC: [2] call_user_func() expects parameter 1 to be a valid callback, no array or string given C:\xampp\htdocs\HouseR\ThinkPHP\Library\Think\Upload.class.php 第 182 行.
NOTIC: [2] call_user_func() expects parameter 1 to be a valid callback, no array or string given C:\xampp\htdocs\HouseR\ThinkPHP\Library\Think\Upload.class.php 第 182 行.
NOTIC: [2] call_user_func() expects parameter 1 to be a valid callback, no array or string given C:\xampp\htdocs\HouseR\ThinkPHP\Library\Think\Upload.class.php 第 182 行.
NOTIC: [2] call_user_func() expects parameter 1 to be a valid callback, no array or string given C:\xampp\htdocs\HouseR\ThinkPHP\Library\Think\Upload.class.php 第 182 行.
NOTIC: [2] call_user_func() expects parameter 1 to be a valid callback, no array or string given C:\xampp\htdocs\HouseR\ThinkPHP\Library\Think\Upload.class.php 第 182 行.
NOTIC: [2] call_user_func() expects parameter 1 to be a valid callback, no array or string given C:\xampp\htdocs\HouseR\ThinkPHP\Library\Think\Upload.class.php 第 182 行.
NOTIC: [8] Undefined offset: 0 C:\xampp\htdocs\HouseR\Application\Admin\Controller\IndexController.class.php 第 58 行.
INFO: [ app_end ] --START--
INFO: Run Behavior\ShowPageTraceBehavior [ RunTime:0.000433s ]
INFO: [ app_end ] --END-- [ RunTime:0.000452s ]

[ 2019-07-20T08:53:05+08:00 ] 127.0.0.1 /HouseR/index.php/Admin/Index/add_houseImpl.html
INFO: [ app_init ] --START--
INFO: Run Behavior\BuildLiteBehavior [ RunTime:0.000004s ]
INFO: [ app_init ] --END-- [ RunTime:0.000200s ]
INFO: [ app_begin ] --START--
INFO: Run Behavior\ReadHtmlCacheBehavior [ RunTime:0.000292s ]
INFO: [ app_begin ] --END-- [ RunTime:0.000307s ]
SQL: SHOW COLUMNS FROM `house` [ RunTime:0.0064s ]
SQL: INSERT INTO `house` (`title`,`host_id`,`city`,`location`,`address`,`decoration`,`rooms`,`livingRooms`,`bathrooms`,`floor`,`area`,`price`,`czy`,`sf`,`xyj`,`wbl`,`rsq`,`xdg`,`description`,`add_time`) VALUES ('11111','1','3','6','1','1','1','1','1','1','1','1','1','1','1','1','1','1','1','2019-07-20') [ RunTime:0.0029s ]
NOTIC: [8] Undefined variable: data C:\xampp\htdocs\HouseR\Application\Admin\Controller\IndexController.class.php 第 52 行.
NOTIC: [2] call_user_func() expects parameter 1 to be a valid callback, no array or string given C:\xampp\htdocs\HouseR\ThinkPHP\Library\Think\Upload.class.php 第 182 行.
NOTIC: [2] call_user_func() expects parameter 1 to be a valid callback, no array or string given C:\xampp\htdocs\HouseR\ThinkPHP\Library\Think\Upload.class.php 第 182 行.
NOTIC: [2] call_user_func() expects parameter 1 to be a valid callback, no array or string given C:\xampp\htdocs\HouseR\ThinkPHP\Library\Think\Upload.class.php 第 182 行.
NOTIC: [2] call_user_func() expects parameter 1 to be a valid callback, no array or string given C:\xampp\htdocs\HouseR\ThinkPHP\Library\Think\Upload.class.php 第 182 行.
NOTIC: [2] call_user_func() expects parameter 1 to be a valid callback, no array or string given C:\xampp\htdocs\HouseR\ThinkPHP\Library\Think\Upload.class.php 第 182 行.
NOTIC: [2] call_user_func() expects parameter 1 to be a valid callback, no array or string given C:\xampp\htdocs\HouseR\ThinkPHP\Library\Think\Upload.class.php 第 182 行.
INFO: [ app_end ] --START--
INFO: Run Behavior\ShowPageTraceBehavior [ RunTime:0.000537s ]
INFO: [ app_end ] --END-- [ RunTime:0.000557s ]

[ 2019-07-20T08:53:38+08:00 ] 127.0.0.1 /HouseR/index.php/Admin/Index/add_houseImpl.html
INFO: [ app_init ] --START--
INFO: Run Behavior\BuildLiteBehavior [ RunTime:0.000005s ]
INFO: [ app_init ] --END-- [ RunTime:0.000198s ]
INFO: [ app_begin ] --START--
INFO: Run Behavior\ReadHtmlCacheBehavior [ RunTime:0.000288s ]
INFO: [ app_begin ] --END-- [ RunTime:0.000303s ]
SQL: SHOW COLUMNS FROM `house` [ RunTime:0.0025s ]
SQL: INSERT INTO `house` (`title`,`host_id`,`city`,`location`,`address`,`decoration`,`rooms`,`livingRooms`,`bathrooms`,`floor`,`area`,`price`,`czy`,`sf`,`xyj`,`wbl`,`rsq`,`xdg`,`description`,`add_time`) VALUES ('11111','1','3','6','1','1','1','1','1','1','1','1','1','1','1','1','1','1','1','2019-07-20') [ RunTime:0.0037s ]
NOTIC: [8] Undefined variable: data C:\xampp\htdocs\HouseR\Application\Admin\Controller\IndexController.class.php 第 52 行.
NOTIC: [2] call_user_func() expects parameter 1 to be a valid callback, no array or string given C:\xampp\htdocs\HouseR\ThinkPHP\Library\Think\Upload.class.php 第 182 行.
NOTIC: [2] call_user_func() expects parameter 1 to be a valid callback, no array or string given C:\xampp\htdocs\HouseR\ThinkPHP\Library\Think\Upload.class.php 第 182 行.
NOTIC: [2] call_user_func() expects parameter 1 to be a valid callback, no array or string given C:\xampp\htdocs\HouseR\ThinkPHP\Library\Think\Upload.class.php 第 182 行.
NOTIC: [2] call_user_func() expects parameter 1 to be a valid callback, no array or string given C:\xampp\htdocs\HouseR\ThinkPHP\Library\Think\Upload.class.php 第 182 行.
NOTIC: [2] call_user_func() expects parameter 1 to be a valid callback, no array or string given C:\xampp\htdocs\HouseR\ThinkPHP\Library\Think\Upload.class.php 第 182 行.
NOTIC: [2] call_user_func() expects parameter 1 to be a valid callback, no array or string given C:\xampp\htdocs\HouseR\ThinkPHP\Library\Think\Upload.class.php 第 182 行.
INFO: [ app_end ] --START--
INFO: Run Behavior\ShowPageTraceBehavior [ RunTime:0.000515s ]
INFO: [ app_end ] --END-- [ RunTime:0.000534s ]

[ 2019-07-20T08:54:10+08:00 ] 127.0.0.1 /HouseR/index.php/Admin/Index/add_houseImpl.html
INFO: [ app_init ] --START--
INFO: Run Behavior\BuildLiteBehavior [ RunTime:0.000006s ]
INFO: [ app_init ] --END-- [ RunTime:0.000465s ]
INFO: [ app_begin ] --START--
INFO: Run Behavior\ReadHtmlCacheBehavior [ RunTime:0.000392s ]
INFO: [ app_begin ] --END-- [ RunTime:0.000408s ]
SQL: SHOW COLUMNS FROM `house` [ RunTime:0.0013s ]
SQL: INSERT INTO `house` (`title`,`host_id`,`city`,`location`,`address`,`decoration`,`rooms`,`livingRooms`,`bathrooms`,`floor`,`area`,`price`,`czy`,`sf`,`xyj`,`wbl`,`rsq`,`xdg`,`description`,`add_time`) VALUES ('11111','1','3','6','1','1','1','1','1','1','1','1','1','1','1','1','1','1','1','2019-07-20') [ RunTime:0.0017s ]
NOTIC: [8] Undefined variable: data C:\xampp\htdocs\HouseR\Application\Admin\Controller\IndexController.class.php 第 52 行.
NOTIC: [2] call_user_func() expects parameter 1 to be a valid callback, no array or string given C:\xampp\htdocs\HouseR\ThinkPHP\Library\Think\Upload.class.php 第 182 行.
NOTIC: [2] call_user_func() expects parameter 1 to be a valid callback, no array or string given C:\xampp\htdocs\HouseR\ThinkPHP\Library\Think\Upload.class.php 第 182 行.
NOTIC: [2] call_user_func() expects parameter 1 to be a valid callback, no array or string given C:\xampp\htdocs\HouseR\ThinkPHP\Library\Think\Upload.class.php 第 182 行.
NOTIC: [2] call_user_func() expects parameter 1 to be a valid callback, no array or string given C:\xampp\htdocs\HouseR\ThinkPHP\Library\Think\Upload.class.php 第 182 行.
NOTIC: [2] call_user_func() expects parameter 1 to be a valid callback, no array or string given C:\xampp\htdocs\HouseR\ThinkPHP\Library\Think\Upload.class.php 第 182 行.
NOTIC: [2] call_user_func() expects parameter 1 to be a valid callback, no array or string given C:\xampp\htdocs\HouseR\ThinkPHP\Library\Think\Upload.class.php 第 182 行.
INFO: [ app_end ] --START--
INFO: Run Behavior\ShowPageTraceBehavior [ RunTime:0.000432s ]
INFO: [ app_end ] --END-- [ RunTime:0.000453s ]

[ 2019-07-20T08:54:31+08:00 ] 127.0.0.1 /HouseR/index.php/Admin/Index/add_houseImpl.html
INFO: [ app_init ] --START--
INFO: Run Behavior\BuildLiteBehavior [ RunTime:0.000005s ]
INFO: [ app_init ] --END-- [ RunTime:0.000215s ]
INFO: [ app_begin ] --START--
INFO: Run Behavior\ReadHtmlCacheBehavior [ RunTime:0.000312s ]
INFO: [ app_begin ] --END-- [ RunTime:0.000328s ]
SQL: SHOW COLUMNS FROM `house` [ RunTime:0.0020s ]
SQL: INSERT INTO `house` (`title`,`host_id`,`city`,`location`,`address`,`decoration`,`rooms`,`livingRooms`,`bathrooms`,`floor`,`area`,`price`,`czy`,`sf`,`xyj`,`wbl`,`rsq`,`xdg`,`description`,`add_time`) VALUES ('11111','1','3','6','1','1','1','1','1','1','1','1','1','1','1','1','1','1','1','2019-07-20') [ RunTime:0.0025s ]
NOTIC: [8] Undefined variable: data C:\xampp\htdocs\HouseR\Application\Admin\Controller\IndexController.class.php 第 52 行.
NOTIC: [2] call_user_func() expects parameter 1 to be a valid callback, no array or string given C:\xampp\htdocs\HouseR\ThinkPHP\Library\Think\Upload.class.php 第 182 行.
NOTIC: [2] call_user_func() expects parameter 1 to be a valid callback, no array or string given C:\xampp\htdocs\HouseR\ThinkPHP\Library\Think\Upload.class.php 第 182 行.
NOTIC: [2] call_user_func() expects parameter 1 to be a valid callback, no array or string given C:\xampp\htdocs\HouseR\ThinkPHP\Library\Think\Upload.class.php 第 182 行.
NOTIC: [2] call_user_func() expects parameter 1 to be a valid callback, no array or string given C:\xampp\htdocs\HouseR\ThinkPHP\Library\Think\Upload.class.php 第 182 行.
NOTIC: [2] call_user_func() expects parameter 1 to be a valid callback, no array or string given C:\xampp\htdocs\HouseR\ThinkPHP\Library\Think\Upload.class.php 第 182 行.
NOTIC: [2] call_user_func() expects parameter 1 to be a valid callback, no array or string given C:\xampp\htdocs\HouseR\ThinkPHP\Library\Think\Upload.class.php 第 182 行.
NOTIC: [2] Illegal string offset 'top' C:\xampp\htdocs\HouseR\Application\Admin\Controller\IndexController.class.php 第 59 行.
INFO: [ app_end ] --START--
INFO: Run Behavior\ShowPageTraceBehavior [ RunTime:0.000404s ]
INFO: [ app_end ] --END-- [ RunTime:0.000422s ]

[ 2019-07-20T08:54:59+08:00 ] 127.0.0.1 /HouseR/index.php/Admin/Index/add_houseImpl.html
INFO: [ app_init ] --START--
INFO: Run Behavior\BuildLiteBehavior [ RunTime:0.000004s ]
INFO: [ app_init ] --END-- [ RunTime:0.000196s ]
INFO: [ app_begin ] --START--
INFO: Run Behavior\ReadHtmlCacheBehavior [ RunTime:0.000299s ]
INFO: [ app_begin ] --END-- [ RunTime:0.000313s ]
ERR: syntax error, unexpected '='

[ 2019-07-20T08:57:04+08:00 ] 127.0.0.1 /HouseR/index.php/Admin/Index/add_houseImpl.html
INFO: [ app_init ] --START--
INFO: Run Behavior\BuildLiteBehavior [ RunTime:0.000006s ]
INFO: [ app_init ] --END-- [ RunTime:0.000339s ]
INFO: [ app_begin ] --START--
INFO: Run Behavior\ReadHtmlCacheBehavior [ RunTime:0.000396s ]
INFO: [ app_begin ] --END-- [ RunTime:0.000411s ]
SQL: SHOW COLUMNS FROM `house` [ RunTime:0.0024s ]
SQL: INSERT INTO `house` (`title`,`host_id`,`city`,`location`,`address`,`decoration`,`rooms`,`livingRooms`,`bathrooms`,`floor`,`area`,`price`,`czy`,`sf`,`xyj`,`wbl`,`rsq`,`xdg`,`description`,`add_time`) VALUES ('11111','1','3','6','1','1','1','1','1','1','1','1','1','1','1','1','1','1','1','2019-07-20') [ RunTime:0.0035s ]
NOTIC: [8] Undefined variable: data C:\xampp\htdocs\HouseR\Application\Admin\Controller\IndexController.class.php 第 52 行.
NOTIC: [2] call_user_func() expects parameter 1 to be a valid callback, no array or string given C:\xampp\htdocs\HouseR\ThinkPHP\Library\Think\Upload.class.php 第 182 行.
NOTIC: [2] call_user_func() expects parameter 1 to be a valid callback, no array or string given C:\xampp\htdocs\HouseR\ThinkPHP\Library\Think\Upload.class.php 第 182 行.
NOTIC: [2] call_user_func() expects parameter 1 to be a valid callback, no array or string given C:\xampp\htdocs\HouseR\ThinkPHP\Library\Think\Upload.class.php 第 182 行.
NOTIC: [2] call_user_func() expects parameter 1 to be a valid callback, no array or string given C:\xampp\htdocs\HouseR\ThinkPHP\Library\Think\Upload.class.php 第 182 行.
NOTIC: [2] call_user_func() expects parameter 1 to be a valid callback, no array or string given C:\xampp\htdocs\HouseR\ThinkPHP\Library\Think\Upload.class.php 第 182 行.
NOTIC: [2] call_user_func() expects parameter 1 to be a valid callback, no array or string given C:\xampp\htdocs\HouseR\ThinkPHP\Library\Think\Upload.class.php 第 182 行.
INFO: [ app_end ] --START--
INFO: Run Behavior\ShowPageTraceBehavior [ RunTime:0.000477s ]
INFO: [ app_end ] --END-- [ RunTime:0.000496s ]

[ 2019-07-20T08:59:48+08:00 ] 127.0.0.1 /HouseR/index.php/Admin/Index/add_houseImpl.html
INFO: [ app_init ] --START--
INFO: Run Behavior\BuildLiteBehavior [ RunTime:0.000016s ]
INFO: [ app_init ] --END-- [ RunTime:0.000425s ]
INFO: [ app_begin ] --START--
INFO: Run Behavior\ReadHtmlCacheBehavior [ RunTime:0.000441s ]
INFO: [ app_begin ] --END-- [ RunTime:0.000463s ]
SQL: SHOW COLUMNS FROM `house` [ RunTime:0.0064s ]
SQL: INSERT INTO `house` (`title`,`host_id`,`city`,`location`,`address`,`decoration`,`rooms`,`livingRooms`,`bathrooms`,`floor`,`area`,`price`,`czy`,`sf`,`xyj`,`wbl`,`rsq`,`xdg`,`description`,`add_time`) VALUES ('11111','1','3','6','1','1','1','1','1','1','1','1','1','1','1','1','1','1','1','2019-07-20') [ RunTime:0.0026s ]
NOTIC: [8] Undefined variable: data C:\xampp\htdocs\HouseR\Application\Admin\Controller\IndexController.class.php 第 52 行.
NOTIC: [2] call_user_func() expects parameter 1 to be a valid callback, no array or string given C:\xampp\htdocs\HouseR\ThinkPHP\Library\Think\Upload.class.php 第 182 行.
NOTIC: [2] call_user_func() expects parameter 1 to be a valid callback, no array or string given C:\xampp\htdocs\HouseR\ThinkPHP\Library\Think\Upload.class.php 第 182 行.
NOTIC: [2] call_user_func() expects parameter 1 to be a valid callback, no array or string given C:\xampp\htdocs\HouseR\ThinkPHP\Library\Think\Upload.class.php 第 182 行.
NOTIC: [2] call_user_func() expects parameter 1 to be a valid callback, no array or string given C:\xampp\htdocs\HouseR\ThinkPHP\Library\Think\Upload.class.php 第 182 行.
NOTIC: [2] call_user_func() expects parameter 1 to be a valid callback, no array or string given C:\xampp\htdocs\HouseR\ThinkPHP\Library\Think\Upload.class.php 第 182 行.
NOTIC: [2] call_user_func() expects parameter 1 to be a valid callback, no array or string given C:\xampp\htdocs\HouseR\ThinkPHP\Library\Think\Upload.class.php 第 182 行.
SQL: SHOW COLUMNS FROM `image` [ RunTime:0.0025s ]
SQL: INSERT INTO `image` (`top`,`house_id`,`path`) VALUES ('1','14','/HouseR/images/house/2019-07-20/5d326784bcf78.jpg') [ RunTime:0.0028s ]
INFO: [ app_end ] --START--
INFO: Run Behavior\ShowPageTraceBehavior [ RunTime:0.000855s ]
INFO: [ app_end ] --END-- [ RunTime:0.000875s ]

[ 2019-07-20T09:00:37+08:00 ] 127.0.0.1 /HouseR/index.php/Admin/Index/add_houseImpl.html
INFO: [ app_init ] --START--
INFO: Run Behavior\BuildLiteBehavior [ RunTime:0.000020s ]
INFO: [ app_init ] --END-- [ RunTime:0.000597s ]
INFO: [ app_begin ] --START--
INFO: Run Behavior\ReadHtmlCacheBehavior [ RunTime:0.000612s ]
INFO: [ app_begin ] --END-- [ RunTime:0.000636s ]
SQL: SHOW COLUMNS FROM `house` [ RunTime:0.0074s ]
SQL: INSERT INTO `house` (`title`,`host_id`,`city`,`location`,`address`,`decoration`,`rooms`,`livingRooms`,`bathrooms`,`floor`,`area`,`price`,`czy`,`sf`,`xyj`,`wbl`,`rsq`,`xdg`,`description`,`add_time`) VALUES ('11111','1','3','6','1','1','1','1','1','1','1','1','1','1','1','1','1','1','1','2019-07-20') [ RunTime:0.0032s ]
NOTIC: [8] Undefined variable: data C:\xampp\htdocs\HouseR\Application\Admin\Controller\IndexController.class.php 第 52 行.
NOTIC: [2] call_user_func() expects parameter 1 to be a valid callback, no array or string given C:\xampp\htdocs\HouseR\ThinkPHP\Library\Think\Upload.class.php 第 182 行.
NOTIC: [2] call_user_func() expects parameter 1 to be a valid callback, no array or string given C:\xampp\htdocs\HouseR\ThinkPHP\Library\Think\Upload.class.php 第 182 行.
NOTIC: [2] call_user_func() expects parameter 1 to be a valid callback, no array or string given C:\xampp\htdocs\HouseR\ThinkPHP\Library\Think\Upload.class.php 第 182 行.
NOTIC: [2] call_user_func() expects parameter 1 to be a valid callback, no array or string given C:\xampp\htdocs\HouseR\ThinkPHP\Library\Think\Upload.class.php 第 182 行.
NOTIC: [2] call_user_func() expects parameter 1 to be a valid callback, no array or string given C:\xampp\htdocs\HouseR\ThinkPHP\Library\Think\Upload.class.php 第 182 行.
NOTIC: [2] call_user_func() expects parameter 1 to be a valid callback, no array or string given C:\xampp\htdocs\HouseR\ThinkPHP\Library\Think\Upload.class.php 第 182 行.
SQL: SHOW COLUMNS FROM `image` [ RunTime:0.0016s ]
SQL: INSERT INTO `image` (`top`,`house_id`,`path`) VALUES ('1','15','/HouseR/images/house/2019-07-20/5d3267b54f795.jpg') [ RunTime:0.0034s ]
INFO: [ app_end ] --START--
INFO: Run Behavior\ShowPageTraceBehavior [ RunTime:0.001423s ]
INFO: [ app_end ] --END-- [ RunTime:0.001500s ]

[ 2019-07-20T09:02:11+08:00 ] 127.0.0.1 /HouseR/index.php/Admin/Index/add_houseImpl.html
INFO: [ app_init ] --START--
INFO: Run Behavior\BuildLiteBehavior [ RunTime:0.000004s ]
INFO: [ app_init ] --END-- [ RunTime:0.000196s ]
INFO: [ app_begin ] --START--
INFO: Run Behavior\ReadHtmlCacheBehavior [ RunTime:0.000352s ]
INFO: [ app_begin ] --END-- [ RunTime:0.000368s ]
SQL: SHOW COLUMNS FROM `house` [ RunTime:0.0077s ]
SQL: INSERT INTO `house` (`title`,`host_id`,`city`,`location`,`address`,`decoration`,`rooms`,`livingRooms`,`bathrooms`,`floor`,`area`,`price`,`czy`,`sf`,`xyj`,`wbl`,`rsq`,`xdg`,`description`,`add_time`) VALUES ('11111','1','3','6','1','1','1','1','1','1','1','1','1','1','1','1','1','1','1','2019-07-20') [ RunTime:0.0038s ]
NOTIC: [8] Undefined variable: data C:\xampp\htdocs\HouseR\Application\Admin\Controller\IndexController.class.php 第 52 行.
NOTIC: [2] call_user_func() expects parameter 1 to be a valid callback, no array or string given C:\xampp\htdocs\HouseR\ThinkPHP\Library\Think\Upload.class.php 第 182 行.
NOTIC: [2] call_user_func() expects parameter 1 to be a valid callback, no array or string given C:\xampp\htdocs\HouseR\ThinkPHP\Library\Think\Upload.class.php 第 182 行.
NOTIC: [2] call_user_func() expects parameter 1 to be a valid callback, no array or string given C:\xampp\htdocs\HouseR\ThinkPHP\Library\Think\Upload.class.php 第 182 行.
NOTIC: [2] call_user_func() expects parameter 1 to be a valid callback, no array or string given C:\xampp\htdocs\HouseR\ThinkPHP\Library\Think\Upload.class.php 第 182 行.
NOTIC: [2] call_user_func() expects parameter 1 to be a valid callback, no array or string given C:\xampp\htdocs\HouseR\ThinkPHP\Library\Think\Upload.class.php 第 182 行.
NOTIC: [2] call_user_func() expects parameter 1 to be a valid callback, no array or string given C:\xampp\htdocs\HouseR\ThinkPHP\Library\Think\Upload.class.php 第 182 行.
SQL: SHOW COLUMNS FROM `image` [ RunTime:0.0026s ]
ERR: 1452:Cannot add or update a child row: a foreign key constraint fails (`db_hr`.`image`, CONSTRAINT `houe_id` FOREIGN KEY (`house_id`) REFERENCES `house` (`id`) ON DELETE CASCADE ON UPDATE CASCADE)
 [ SQL语句 ] : INSERT INTO `image` () VALUES ()
ERR: 1452:Cannot add or update a child row: a foreign key constraint fails (`db_hr`.`image`, CONSTRAINT `houe_id` FOREIGN KEY (`house_id`) REFERENCES `house` (`id`) ON DELETE CASCADE ON UPDATE CASCADE)
 [ SQL语句 ] : INSERT INTO `image` () VALUES ()

[ 2019-07-20T09:03:20+08:00 ] 127.0.0.1 /HouseR/index.php/Admin/Index/add_houseImpl.html
INFO: [ app_init ] --START--
INFO: Run Behavior\BuildLiteBehavior [ RunTime:0.000005s ]
INFO: [ app_init ] --END-- [ RunTime:0.000250s ]
INFO: [ app_begin ] --START--
INFO: Run Behavior\ReadHtmlCacheBehavior [ RunTime:0.000385s ]
INFO: [ app_begin ] --END-- [ RunTime:0.000402s ]
SQL: SHOW COLUMNS FROM `house` [ RunTime:0.0078s ]
NOTIC: [8] Undefined variable: data C:\xampp\htdocs\HouseR\Application\Admin\Controller\IndexController.class.php 第 52 行.
NOTIC: [2] call_user_func() expects parameter 1 to be a valid callback, no array or string given C:\xampp\htdocs\HouseR\ThinkPHP\Library\Think\Upload.class.php 第 182 行.
NOTIC: [2] call_user_func() expects parameter 1 to be a valid callback, no array or string given C:\xampp\htdocs\HouseR\ThinkPHP\Library\Think\Upload.class.php 第 182 行.
NOTIC: [2] call_user_func() expects parameter 1 to be a valid callback, no array or string given C:\xampp\htdocs\HouseR\ThinkPHP\Library\Think\Upload.class.php 第 182 行.
NOTIC: [2] call_user_func() expects parameter 1 to be a valid callback, no array or string given C:\xampp\htdocs\HouseR\ThinkPHP\Library\Think\Upload.class.php 第 182 行.
NOTIC: [2] call_user_func() expects parameter 1 to be a valid callback, no array or string given C:\xampp\htdocs\HouseR\ThinkPHP\Library\Think\Upload.class.php 第 182 行.
NOTIC: [2] call_user_func() expects parameter 1 to be a valid callback, no array or string given C:\xampp\htdocs\HouseR\ThinkPHP\Library\Think\Upload.class.php 第 182 行.
SQL: SHOW COLUMNS FROM `image` [ RunTime:0.0028s ]
ERR: 1452:Cannot add or update a child row: a foreign key constraint fails (`db_hr`.`image`, CONSTRAINT `houe_id` FOREIGN KEY (`house_id`) REFERENCES `house` (`id`) ON DELETE CASCADE ON UPDATE CASCADE)
 [ SQL语句 ] : INSERT INTO `image` () VALUES ()
ERR: 1452:Cannot add or update a child row: a foreign key constraint fails (`db_hr`.`image`, CONSTRAINT `houe_id` FOREIGN KEY (`house_id`) REFERENCES `house` (`id`) ON DELETE CASCADE ON UPDATE CASCADE)
 [ SQL语句 ] : INSERT INTO `image` () VALUES ()

[ 2019-07-20T09:03:50+08:00 ] 127.0.0.1 /HouseR/index.php/Admin/Index/add_houseImpl.html
INFO: [ app_init ] --START--
INFO: Run Behavior\BuildLiteBehavior [ RunTime:0.000004s ]
INFO: [ app_init ] --END-- [ RunTime:0.000231s ]
INFO: [ app_begin ] --START--
INFO: Run Behavior\ReadHtmlCacheBehavior [ RunTime:0.000364s ]
INFO: [ app_begin ] --END-- [ RunTime:0.000381s ]
SQL: SHOW COLUMNS FROM `house` [ RunTime:0.0029s ]
NOTIC: [8] Undefined variable: data C:\xampp\htdocs\HouseR\Application\Admin\Controller\IndexController.class.php 第 52 行.
NOTIC: [2] call_user_func() expects parameter 1 to be a valid callback, no array or string given C:\xampp\htdocs\HouseR\ThinkPHP\Library\Think\Upload.class.php 第 182 行.
NOTIC: [2] call_user_func() expects parameter 1 to be a valid callback, no array or string given C:\xampp\htdocs\HouseR\ThinkPHP\Library\Think\Upload.class.php 第 182 行.
NOTIC: [2] call_user_func() expects parameter 1 to be a valid callback, no array or string given C:\xampp\htdocs\HouseR\ThinkPHP\Library\Think\Upload.class.php 第 182 行.
NOTIC: [2] call_user_func() expects parameter 1 to be a valid callback, no array or string given C:\xampp\htdocs\HouseR\ThinkPHP\Library\Think\Upload.class.php 第 182 行.
NOTIC: [2] call_user_func() expects parameter 1 to be a valid callback, no array or string given C:\xampp\htdocs\HouseR\ThinkPHP\Library\Think\Upload.class.php 第 182 行.
NOTIC: [2] call_user_func() expects parameter 1 to be a valid callback, no array or string given C:\xampp\htdocs\HouseR\ThinkPHP\Library\Think\Upload.class.php 第 182 行.
SQL: SHOW COLUMNS FROM `image` [ RunTime:0.0016s ]
ERR: 1452:Cannot add or update a child row: a foreign key constraint fails (`db_hr`.`image`, CONSTRAINT `houe_id` FOREIGN KEY (`house_id`) REFERENCES `house` (`id`) ON DELETE CASCADE ON UPDATE CASCADE)
 [ SQL语句 ] : INSERT INTO `image` () VALUES ()
ERR: 1452:Cannot add or update a child row: a foreign key constraint fails (`db_hr`.`image`, CONSTRAINT `houe_id` FOREIGN KEY (`house_id`) REFERENCES `house` (`id`) ON DELETE CASCADE ON UPDATE CASCADE)
 [ SQL语句 ] : INSERT INTO `image` () VALUES ()

[ 2019-07-20T09:04:30+08:00 ] 127.0.0.1 /HouseR/index.php/Admin/Index/add_houseImpl.html
INFO: [ app_init ] --START--
INFO: Run Behavior\BuildLiteBehavior [ RunTime:0.000008s ]
INFO: [ app_init ] --END-- [ RunTime:0.001696s ]
INFO: [ app_begin ] --START--
INFO: Run Behavior\ReadHtmlCacheBehavior [ RunTime:0.000459s ]
INFO: [ app_begin ] --END-- [ RunTime:0.000484s ]
SQL: SHOW COLUMNS FROM `house` [ RunTime:0.0021s ]
NOTIC: [8] Undefined variable: data C:\xampp\htdocs\HouseR\Application\Admin\Controller\IndexController.class.php 第 52 行.
NOTIC: [2] call_user_func() expects parameter 1 to be a valid callback, no array or string given C:\xampp\htdocs\HouseR\ThinkPHP\Library\Think\Upload.class.php 第 182 行.
NOTIC: [2] call_user_func() expects parameter 1 to be a valid callback, no array or string given C:\xampp\htdocs\HouseR\ThinkPHP\Library\Think\Upload.class.php 第 182 行.
NOTIC: [2] call_user_func() expects parameter 1 to be a valid callback, no array or string given C:\xampp\htdocs\HouseR\ThinkPHP\Library\Think\Upload.class.php 第 182 行.
NOTIC: [2] call_user_func() expects parameter 1 to be a valid callback, no array or string given C:\xampp\htdocs\HouseR\ThinkPHP\Library\Think\Upload.class.php 第 182 行.
NOTIC: [2] call_user_func() expects parameter 1 to be a valid callback, no array or string given C:\xampp\htdocs\HouseR\ThinkPHP\Library\Think\Upload.class.php 第 182 行.
NOTIC: [2] call_user_func() expects parameter 1 to be a valid callback, no array or string given C:\xampp\htdocs\HouseR\ThinkPHP\Library\Think\Upload.class.php 第 182 行.
SQL: SHOW COLUMNS FROM `image` [ RunTime:0.0018s ]
ERR: 1452:Cannot add or update a child row: a foreign key constraint fails (`db_hr`.`image`, CONSTRAINT `houe_id` FOREIGN KEY (`house_id`) REFERENCES `house` (`id`) ON DELETE CASCADE ON UPDATE CASCADE)
 [ SQL语句 ] : INSERT INTO `image` () VALUES ()
ERR: 1452:Cannot add or update a child row: a foreign key constraint fails (`db_hr`.`image`, CONSTRAINT `houe_id` FOREIGN KEY (`house_id`) REFERENCES `house` (`id`) ON DELETE CASCADE ON UPDATE CASCADE)
 [ SQL语句 ] : INSERT INTO `image` () VALUES ()

[ 2019-07-20T09:05:08+08:00 ] 127.0.0.1 /HouseR/index.php/Admin/Index/add_houseImpl.html
INFO: [ app_init ] --START--
INFO: Run Behavior\BuildLiteBehavior [ RunTime:0.000004s ]
INFO: [ app_init ] --END-- [ RunTime:0.000211s ]
INFO: [ app_begin ] --START--
INFO: Run Behavior\ReadHtmlCacheBehavior [ RunTime:0.000304s ]
INFO: [ app_begin ] --END-- [ RunTime:0.000321s ]
SQL: SHOW COLUMNS FROM `house` [ RunTime:0.0064s ]
NOTIC: [8] Undefined variable: data C:\xampp\htdocs\HouseR\Application\Admin\Controller\IndexController.class.php 第 52 行.
NOTIC: [2] call_user_func() expects parameter 1 to be a valid callback, no array or string given C:\xampp\htdocs\HouseR\ThinkPHP\Library\Think\Upload.class.php 第 182 行.
NOTIC: [2] call_user_func() expects parameter 1 to be a valid callback, no array or string given C:\xampp\htdocs\HouseR\ThinkPHP\Library\Think\Upload.class.php 第 182 行.
NOTIC: [2] call_user_func() expects parameter 1 to be a valid callback, no array or string given C:\xampp\htdocs\HouseR\ThinkPHP\Library\Think\Upload.class.php 第 182 行.
NOTIC: [2] call_user_func() expects parameter 1 to be a valid callback, no array or string given C:\xampp\htdocs\HouseR\ThinkPHP\Library\Think\Upload.class.php 第 182 行.
NOTIC: [2] call_user_func() expects parameter 1 to be a valid callback, no array or string given C:\xampp\htdocs\HouseR\ThinkPHP\Library\Think\Upload.class.php 第 182 行.
NOTIC: [2] call_user_func() expects parameter 1 to be a valid callback, no array or string given C:\xampp\htdocs\HouseR\ThinkPHP\Library\Think\Upload.class.php 第 182 行.
SQL: SHOW COLUMNS FROM `image` [ RunTime:0.0025s ]
ERR: 1452:Cannot add or update a child row: a foreign key constraint fails (`db_hr`.`image`, CONSTRAINT `houe_id` FOREIGN KEY (`house_id`) REFERENCES `house` (`id`) ON DELETE CASCADE ON UPDATE CASCADE)
 [ SQL语句 ] : INSERT INTO `image` () VALUES ()
ERR: 1452:Cannot add or update a child row: a foreign key constraint fails (`db_hr`.`image`, CONSTRAINT `houe_id` FOREIGN KEY (`house_id`) REFERENCES `house` (`id`) ON DELETE CASCADE ON UPDATE CASCADE)
 [ SQL语句 ] : INSERT INTO `image` () VALUES ()

[ 2019-07-20T09:05:18+08:00 ] 127.0.0.1 /HouseR/index.php/Admin/Index/add_houseImpl.html
INFO: [ app_init ] --START--
INFO: Run Behavior\BuildLiteBehavior [ RunTime:0.000005s ]
INFO: [ app_init ] --END-- [ RunTime:0.000265s ]
INFO: [ app_begin ] --START--
INFO: Run Behavior\ReadHtmlCacheBehavior [ RunTime:0.000371s ]
INFO: [ app_begin ] --END-- [ RunTime:0.000399s ]
SQL: SHOW COLUMNS FROM `house` [ RunTime:0.0022s ]
NOTIC: [8] Undefined variable: data C:\xampp\htdocs\HouseR\Application\Admin\Controller\IndexController.class.php 第 52 行.
NOTIC: [2] call_user_func() expects parameter 1 to be a valid callback, no array or string given C:\xampp\htdocs\HouseR\ThinkPHP\Library\Think\Upload.class.php 第 182 行.
NOTIC: [2] call_user_func() expects parameter 1 to be a valid callback, no array or string given C:\xampp\htdocs\HouseR\ThinkPHP\Library\Think\Upload.class.php 第 182 行.
NOTIC: [2] call_user_func() expects parameter 1 to be a valid callback, no array or string given C:\xampp\htdocs\HouseR\ThinkPHP\Library\Think\Upload.class.php 第 182 行.
NOTIC: [2] call_user_func() expects parameter 1 to be a valid callback, no array or string given C:\xampp\htdocs\HouseR\ThinkPHP\Library\Think\Upload.class.php 第 182 行.
NOTIC: [2] call_user_func() expects parameter 1 to be a valid callback, no array or string given C:\xampp\htdocs\HouseR\ThinkPHP\Library\Think\Upload.class.php 第 182 行.
NOTIC: [2] call_user_func() expects parameter 1 to be a valid callback, no array or string given C:\xampp\htdocs\HouseR\ThinkPHP\Library\Think\Upload.class.php 第 182 行.
SQL: SHOW COLUMNS FROM `image` [ RunTime:0.0018s ]
ERR: 1452:Cannot add or update a child row: a foreign key constraint fails (`db_hr`.`image`, CONSTRAINT `houe_id` FOREIGN KEY (`house_id`) REFERENCES `house` (`id`) ON DELETE CASCADE ON UPDATE CASCADE)
 [ SQL语句 ] : INSERT INTO `image` () VALUES ()
ERR: 1452:Cannot add or update a child row: a foreign key constraint fails (`db_hr`.`image`, CONSTRAINT `houe_id` FOREIGN KEY (`house_id`) REFERENCES `house` (`id`) ON DELETE CASCADE ON UPDATE CASCADE)
 [ SQL语句 ] : INSERT INTO `image` () VALUES ()

[ 2019-07-20T09:09:31+08:00 ] 127.0.0.1 /HouseR/index.php/Admin/Index/add_houseImpl.html
INFO: [ app_init ] --START--
INFO: Run Behavior\BuildLiteBehavior [ RunTime:0.000005s ]
INFO: [ app_init ] --END-- [ RunTime:0.000252s ]
INFO: [ app_begin ] --START--
INFO: Run Behavior\ReadHtmlCacheBehavior [ RunTime:0.000398s ]
INFO: [ app_begin ] --END-- [ RunTime:0.000413s ]
SQL: SHOW COLUMNS FROM `house` [ RunTime:0.0064s ]
NOTIC: [8] Undefined variable: data C:\xampp\htdocs\HouseR\Application\Admin\Controller\IndexController.class.php 第 52 行.
NOTIC: [2] call_user_func() expects parameter 1 to be a valid callback, no array or string given C:\xampp\htdocs\HouseR\ThinkPHP\Library\Think\Upload.class.php 第 182 行.
NOTIC: [2] call_user_func() expects parameter 1 to be a valid callback, no array or string given C:\xampp\htdocs\HouseR\ThinkPHP\Library\Think\Upload.class.php 第 182 行.
NOTIC: [2] call_user_func() expects parameter 1 to be a valid callback, no array or string given C:\xampp\htdocs\HouseR\ThinkPHP\Library\Think\Upload.class.php 第 182 行.
NOTIC: [2] call_user_func() expects parameter 1 to be a valid callback, no array or string given C:\xampp\htdocs\HouseR\ThinkPHP\Library\Think\Upload.class.php 第 182 行.
NOTIC: [2] call_user_func() expects parameter 1 to be a valid callback, no array or string given C:\xampp\htdocs\HouseR\ThinkPHP\Library\Think\Upload.class.php 第 182 行.
NOTIC: [2] call_user_func() expects parameter 1 to be a valid callback, no array or string given C:\xampp\htdocs\HouseR\ThinkPHP\Library\Think\Upload.class.php 第 182 行.
SQL: SHOW COLUMNS FROM `image` [ RunTime:0.0022s ]
ERR: 1452:Cannot add or update a child row: a foreign key constraint fails (`db_hr`.`image`, CONSTRAINT `houe_id` FOREIGN KEY (`house_id`) REFERENCES `house` (`id`) ON DELETE CASCADE ON UPDATE CASCADE)
 [ SQL语句 ] : INSERT INTO `image` () VALUES ()
ERR: 1452:Cannot add or update a child row: a foreign key constraint fails (`db_hr`.`image`, CONSTRAINT `houe_id` FOREIGN KEY (`house_id`) REFERENCES `house` (`id`) ON DELETE CASCADE ON UPDATE CASCADE)
 [ SQL语句 ] : INSERT INTO `image` () VALUES ()

[ 2019-07-20T09:10:50+08:00 ] 127.0.0.1 /HouseR/index.php/Admin/Index/add_houseImpl.html
INFO: [ app_init ] --START--
INFO: Run Behavior\BuildLiteBehavior [ RunTime:0.000005s ]
INFO: [ app_init ] --END-- [ RunTime:0.000230s ]
INFO: [ app_begin ] --START--
INFO: Run Behavior\ReadHtmlCacheBehavior [ RunTime:0.000360s ]
INFO: [ app_begin ] --END-- [ RunTime:0.000375s ]
SQL: SHOW COLUMNS FROM `house` [ RunTime:0.0031s ]
NOTIC: [8] Undefined variable: data C:\xampp\htdocs\HouseR\Application\Admin\Controller\IndexController.class.php 第 52 行.
NOTIC: [2] call_user_func() expects parameter 1 to be a valid callback, no array or string given C:\xampp\htdocs\HouseR\ThinkPHP\Library\Think\Upload.class.php 第 182 行.
NOTIC: [2] call_user_func() expects parameter 1 to be a valid callback, no array or string given C:\xampp\htdocs\HouseR\ThinkPHP\Library\Think\Upload.class.php 第 182 行.
NOTIC: [2] call_user_func() expects parameter 1 to be a valid callback, no array or string given C:\xampp\htdocs\HouseR\ThinkPHP\Library\Think\Upload.class.php 第 182 行.
NOTIC: [2] call_user_func() expects parameter 1 to be a valid callback, no array or string given C:\xampp\htdocs\HouseR\ThinkPHP\Library\Think\Upload.class.php 第 182 行.
NOTIC: [2] call_user_func() expects parameter 1 to be a valid callback, no array or string given C:\xampp\htdocs\HouseR\ThinkPHP\Library\Think\Upload.class.php 第 182 行.
NOTIC: [2] call_user_func() expects parameter 1 to be a valid callback, no array or string given C:\xampp\htdocs\HouseR\ThinkPHP\Library\Think\Upload.class.php 第 182 行.
SQL: SHOW COLUMNS FROM `image` [ RunTime:0.0059s ]
ERR: 1452:Cannot add or update a child row: a foreign key constraint fails (`db_hr`.`image`, CONSTRAINT `houe_id` FOREIGN KEY (`house_id`) REFERENCES `house` (`id`) ON DELETE CASCADE ON UPDATE CASCADE)
 [ SQL语句 ] : INSERT INTO `image` () VALUES ()
ERR: 1452:Cannot add or update a child row: a foreign key constraint fails (`db_hr`.`image`, CONSTRAINT `houe_id` FOREIGN KEY (`house_id`) REFERENCES `house` (`id`) ON DELETE CASCADE ON UPDATE CASCADE)
 [ SQL语句 ] : INSERT INTO `image` () VALUES ()

[ 2019-07-20T09:11:45+08:00 ] 127.0.0.1 /HouseR/index.php/Admin/Index/add_houseImpl.html
INFO: [ app_init ] --START--
INFO: Run Behavior\BuildLiteBehavior [ RunTime:0.000004s ]
INFO: [ app_init ] --END-- [ RunTime:0.000201s ]
INFO: [ app_begin ] --START--
INFO: Run Behavior\ReadHtmlCacheBehavior [ RunTime:0.000327s ]
INFO: [ app_begin ] --END-- [ RunTime:0.000342s ]
SQL: SHOW COLUMNS FROM `house` [ RunTime:0.0024s ]
NOTIC: [8] Undefined variable: data C:\xampp\htdocs\HouseR\Application\Admin\Controller\IndexController.class.php 第 52 行.
NOTIC: [2] call_user_func() expects parameter 1 to be a valid callback, no array or string given C:\xampp\htdocs\HouseR\ThinkPHP\Library\Think\Upload.class.php 第 182 行.
NOTIC: [2] call_user_func() expects parameter 1 to be a valid callback, no array or string given C:\xampp\htdocs\HouseR\ThinkPHP\Library\Think\Upload.class.php 第 182 行.
NOTIC: [2] call_user_func() expects parameter 1 to be a valid callback, no array or string given C:\xampp\htdocs\HouseR\ThinkPHP\Library\Think\Upload.class.php 第 182 行.
NOTIC: [2] call_user_func() expects parameter 1 to be a valid callback, no array or string given C:\xampp\htdocs\HouseR\ThinkPHP\Library\Think\Upload.class.php 第 182 行.
NOTIC: [2] call_user_func() expects parameter 1 to be a valid callback, no array or string given C:\xampp\htdocs\HouseR\ThinkPHP\Library\Think\Upload.class.php 第 182 行.
NOTIC: [2] call_user_func() expects parameter 1 to be a valid callback, no array or string given C:\xampp\htdocs\HouseR\ThinkPHP\Library\Think\Upload.class.php 第 182 行.
SQL: SHOW COLUMNS FROM `image` [ RunTime:0.0022s ]
NOTIC: [8] Undefined variable: r C:\xampp\htdocs\HouseR\Application\Admin\Controller\IndexController.class.php 第 72 行.
ERR: Call to a member function addAll() on null

[ 2019-07-20T09:12:33+08:00 ] 127.0.0.1 /HouseR/index.php/Admin/Index/add_houseImpl.html
INFO: [ app_init ] --START--
INFO: Run Behavior\BuildLiteBehavior [ RunTime:0.000004s ]
INFO: [ app_init ] --END-- [ RunTime:0.000227s ]
INFO: [ app_begin ] --START--
INFO: Run Behavior\ReadHtmlCacheBehavior [ RunTime:0.000426s ]
INFO: [ app_begin ] --END-- [ RunTime:0.000441s ]
SQL: SHOW COLUMNS FROM `house` [ RunTime:0.0081s ]
NOTIC: [8] Undefined variable: data C:\xampp\htdocs\HouseR\Application\Admin\Controller\IndexController.class.php 第 52 行.
NOTIC: [2] call_user_func() expects parameter 1 to be a valid callback, no array or string given C:\xampp\htdocs\HouseR\ThinkPHP\Library\Think\Upload.class.php 第 182 行.
NOTIC: [2] call_user_func() expects parameter 1 to be a valid callback, no array or string given C:\xampp\htdocs\HouseR\ThinkPHP\Library\Think\Upload.class.php 第 182 行.
NOTIC: [2] call_user_func() expects parameter 1 to be a valid callback, no array or string given C:\xampp\htdocs\HouseR\ThinkPHP\Library\Think\Upload.class.php 第 182 行.
NOTIC: [2] call_user_func() expects parameter 1 to be a valid callback, no array or string given C:\xampp\htdocs\HouseR\ThinkPHP\Library\Think\Upload.class.php 第 182 行.
NOTIC: [2] call_user_func() expects parameter 1 to be a valid callback, no array or string given C:\xampp\htdocs\HouseR\ThinkPHP\Library\Think\Upload.class.php 第 182 行.
NOTIC: [2] call_user_func() expects parameter 1 to be a valid callback, no array or string given C:\xampp\htdocs\HouseR\ThinkPHP\Library\Think\Upload.class.php 第 182 行.
SQL: SHOW COLUMNS FROM `image` [ RunTime:0.0039s ]
NOTIC: [8] Undefined variable: r C:\xampp\htdocs\HouseR\Application\Admin\Controller\IndexController.class.php 第 71 行.
ERR: Call to a member function addAll() on null

[ 2019-07-20T09:13:39+08:00 ] 127.0.0.1 /HouseR/index.php/Admin/Index/add_houseImpl.html
INFO: [ app_init ] --START--
INFO: Run Behavior\BuildLiteBehavior [ RunTime:0.000004s ]
INFO: [ app_init ] --END-- [ RunTime:0.000269s ]
INFO: [ app_begin ] --START--
INFO: Run Behavior\ReadHtmlCacheBehavior [ RunTime:0.000842s ]
INFO: [ app_begin ] --END-- [ RunTime:0.001033s ]
SQL: SHOW COLUMNS FROM `house` [ RunTime:0.0073s ]
NOTIC: [8] Undefined variable: data C:\xampp\htdocs\HouseR\Application\Admin\Controller\IndexController.class.php 第 52 行.
NOTIC: [2] call_user_func() expects parameter 1 to be a valid callback, no array or string given C:\xampp\htdocs\HouseR\ThinkPHP\Library\Think\Upload.class.php 第 182 行.
NOTIC: [2] call_user_func() expects parameter 1 to be a valid callback, no array or string given C:\xampp\htdocs\HouseR\ThinkPHP\Library\Think\Upload.class.php 第 182 行.
NOTIC: [2] call_user_func() expects parameter 1 to be a valid callback, no array or string given C:\xampp\htdocs\HouseR\ThinkPHP\Library\Think\Upload.class.php 第 182 行.
NOTIC: [2] call_user_func() expects parameter 1 to be a valid callback, no array or string given C:\xampp\htdocs\HouseR\ThinkPHP\Library\Think\Upload.class.php 第 182 行.
NOTIC: [2] call_user_func() expects parameter 1 to be a valid callback, no array or string given C:\xampp\htdocs\HouseR\ThinkPHP\Library\Think\Upload.class.php 第 182 行.
NOTIC: [2] call_user_func() expects parameter 1 to be a valid callback, no array or string given C:\xampp\htdocs\HouseR\ThinkPHP\Library\Think\Upload.class.php 第 182 行.
SQL: SHOW COLUMNS FROM `image` [ RunTime:0.0017s ]
SQL: INSERT INTO `image` (`top`,`house_id`,`path`) VALUES ('1','1','/HouseR/images/house/2019-07-20/5d326ac305a89.jpg'),('0','1','/HouseR/images/house/2019-07-20/5d326ac305d8c.jpg'),('0','1','/HouseR/images/house/2019-07-20/5d326ac30628f.jpg'),('0','1','/HouseR/images/house/2019-07-20/5d326ac30653d.jpg'),('0','1','/HouseR/images/house/2019-07-20/5d326ac3067b3.jpg'),('0','1','/HouseR/images/house/2019-07-20/5d326ac30890b.jpg') [ RunTime:0.0049s ]
INFO: [ app_end ] --START--
INFO: Run Behavior\ShowPageTraceBehavior [ RunTime:0.000555s ]
INFO: [ app_end ] --END-- [ RunTime:0.000585s ]

[ 2019-07-20T09:14:34+08:00 ] 127.0.0.1 /HouseR/index.php/Admin/Index/add_houseImpl.html
INFO: [ app_init ] --START--
INFO: Run Behavior\BuildLiteBehavior [ RunTime:0.000037s ]
INFO: [ app_init ] --END-- [ RunTime:0.000842s ]
INFO: [ app_begin ] --START--
INFO: Run Behavior\ReadHtmlCacheBehavior [ RunTime:0.000321s ]
INFO: [ app_begin ] --END-- [ RunTime:0.000340s ]
SQL: SHOW COLUMNS FROM `house` [ RunTime:0.0031s ]
NOTIC: [8] Undefined variable: data C:\xampp\htdocs\HouseR\Application\Admin\Controller\IndexController.class.php 第 52 行.
NOTIC: [2] call_user_func() expects parameter 1 to be a valid callback, no array or string given C:\xampp\htdocs\HouseR\ThinkPHP\Library\Think\Upload.class.php 第 182 行.
NOTIC: [2] call_user_func() expects parameter 1 to be a valid callback, no array or string given C:\xampp\htdocs\HouseR\ThinkPHP\Library\Think\Upload.class.php 第 182 行.
NOTIC: [2] call_user_func() expects parameter 1 to be a valid callback, no array or string given C:\xampp\htdocs\HouseR\ThinkPHP\Library\Think\Upload.class.php 第 182 行.
NOTIC: [2] call_user_func() expects parameter 1 to be a valid callback, no array or string given C:\xampp\htdocs\HouseR\ThinkPHP\Library\Think\Upload.class.php 第 182 行.
NOTIC: [2] call_user_func() expects parameter 1 to be a valid callback, no array or string given C:\xampp\htdocs\HouseR\ThinkPHP\Library\Think\Upload.class.php 第 182 行.
NOTIC: [2] call_user_func() expects parameter 1 to be a valid callback, no array or string given C:\xampp\htdocs\HouseR\ThinkPHP\Library\Think\Upload.class.php 第 182 行.
NOTIC: [2] array_push() expects parameter 1 to be array, null given C:\xampp\htdocs\HouseR\Application\Admin\Controller\IndexController.class.php 第 64 行.
NOTIC: [2] array_push() expects parameter 1 to be array, null given C:\xampp\htdocs\HouseR\Application\Admin\Controller\IndexController.class.php 第 64 行.
NOTIC: [2] array_push() expects parameter 1 to be array, null given C:\xampp\htdocs\HouseR\Application\Admin\Controller\IndexController.class.php 第 64 行.
NOTIC: [2] array_push() expects parameter 1 to be array, null given C:\xampp\htdocs\HouseR\Application\Admin\Controller\IndexController.class.php 第 64 行.
NOTIC: [2] array_push() expects parameter 1 to be array, null given C:\xampp\htdocs\HouseR\Application\Admin\Controller\IndexController.class.php 第 64 行.
NOTIC: [2] array_push() expects parameter 1 to be array, null given C:\xampp\htdocs\HouseR\Application\Admin\Controller\IndexController.class.php 第 64 行.
SQL: SHOW COLUMNS FROM `image` [ RunTime:0.0022s ]
INFO: [ app_end ] --START--
INFO: Run Behavior\ShowPageTraceBehavior [ RunTime:0.000428s ]
INFO: [ app_end ] --END-- [ RunTime:0.000444s ]

[ 2019-07-20T09:15:17+08:00 ] 127.0.0.1 /HouseR/index.php/Admin/Index/add_houseImpl.html
INFO: [ app_init ] --START--
INFO: Run Behavior\BuildLiteBehavior [ RunTime:0.000024s ]
INFO: [ app_init ] --END-- [ RunTime:0.000449s ]
INFO: [ app_begin ] --START--
INFO: Run Behavior\ReadHtmlCacheBehavior [ RunTime:0.000864s ]
INFO: [ app_begin ] --END-- [ RunTime:0.000899s ]
SQL: SHOW COLUMNS FROM `house` [ RunTime:0.0077s ]
NOTIC: [8] Undefined variable: data C:\xampp\htdocs\HouseR\Application\Admin\Controller\IndexController.class.php 第 52 行.
NOTIC: [2] call_user_func() expects parameter 1 to be a valid callback, no array or string given C:\xampp\htdocs\HouseR\ThinkPHP\Library\Think\Upload.class.php 第 182 行.
NOTIC: [2] call_user_func() expects parameter 1 to be a valid callback, no array or string given C:\xampp\htdocs\HouseR\ThinkPHP\Library\Think\Upload.class.php 第 182 行.
NOTIC: [2] call_user_func() expects parameter 1 to be a valid callback, no array or string given C:\xampp\htdocs\HouseR\ThinkPHP\Library\Think\Upload.class.php 第 182 行.
NOTIC: [2] call_user_func() expects parameter 1 to be a valid callback, no array or string given C:\xampp\htdocs\HouseR\ThinkPHP\Library\Think\Upload.class.php 第 182 行.
NOTIC: [2] call_user_func() expects parameter 1 to be a valid callback, no array or string given C:\xampp\htdocs\HouseR\ThinkPHP\Library\Think\Upload.class.php 第 182 行.
NOTIC: [2] call_user_func() expects parameter 1 to be a valid callback, no array or string given C:\xampp\htdocs\HouseR\ThinkPHP\Library\Think\Upload.class.php 第 182 行.
SQL: SHOW COLUMNS FROM `image` [ RunTime:0.0021s ]
SQL: INSERT INTO `image` (`top`,`house_id`,`path`) VALUES ('1','1','/HouseR/images/house/2019-07-20/5d326b256b811.jpg'),('1','1','/HouseR/images/house/2019-07-20/5d326b256bc53.jpg'),('1','1','/HouseR/images/house/2019-07-20/5d326b256c1fe.jpg'),('1','1','/HouseR/images/house/2019-07-20/5d326b256c536.jpg'),('1','1','/HouseR/images/house/2019-07-20/5d326b256c778.jpg'),('1','1','/HouseR/images/house/2019-07-20/5d326b256de38.jpg') [ RunTime:0.0048s ]
INFO: [ app_end ] --START--
INFO: Run Behavior\ShowPageTraceBehavior [ RunTime:0.000587s ]
INFO: [ app_end ] --END-- [ RunTime:0.000603s ]

[ 2019-07-20T09:16:11+08:00 ] 127.0.0.1 /HouseR/index.php/Admin/Index/add_houseImpl.html
INFO: [ app_init ] --START--
INFO: Run Behavior\BuildLiteBehavior [ RunTime:0.000004s ]
INFO: [ app_init ] --END-- [ RunTime:0.000235s ]
INFO: [ app_begin ] --START--
INFO: Run Behavior\ReadHtmlCacheBehavior [ RunTime:0.000361s ]
INFO: [ app_begin ] --END-- [ RunTime:0.000376s ]
SQL: SHOW COLUMNS FROM `house` [ RunTime:0.0035s ]
SQL: INSERT INTO `house` (`title`,`host_id`,`city`,`location`,`address`,`decoration`,`rooms`,`livingRooms`,`bathrooms`,`floor`,`area`,`price`,`czy`,`sf`,`xyj`,`wbl`,`rsq`,`xdg`,`description`,`add_time`) VALUES ('11111','1','3','6','1','1','1','1','1','1','1','1','1','1','1','1','1','1','1','2019-07-20') [ RunTime:0.0085s ]
NOTIC: [8] Undefined variable: data C:\xampp\htdocs\HouseR\Application\Admin\Controller\IndexController.class.php 第 50 行.
NOTIC: [2] call_user_func() expects parameter 1 to be a valid callback, no array or string given C:\xampp\htdocs\HouseR\ThinkPHP\Library\Think\Upload.class.php 第 182 行.
NOTIC: [2] call_user_func() expects parameter 1 to be a valid callback, no array or string given C:\xampp\htdocs\HouseR\ThinkPHP\Library\Think\Upload.class.php 第 182 行.
NOTIC: [2] call_user_func() expects parameter 1 to be a valid callback, no array or string given C:\xampp\htdocs\HouseR\ThinkPHP\Library\Think\Upload.class.php 第 182 行.
NOTIC: [2] call_user_func() expects parameter 1 to be a valid callback, no array or string given C:\xampp\htdocs\HouseR\ThinkPHP\Library\Think\Upload.class.php 第 182 行.
NOTIC: [2] call_user_func() expects parameter 1 to be a valid callback, no array or string given C:\xampp\htdocs\HouseR\ThinkPHP\Library\Think\Upload.class.php 第 182 行.
NOTIC: [2] call_user_func() expects parameter 1 to be a valid callback, no array or string given C:\xampp\htdocs\HouseR\ThinkPHP\Library\Think\Upload.class.php 第 182 行.
SQL: SHOW COLUMNS FROM `image` [ RunTime:0.0017s ]
SQL: INSERT INTO `image` (`top`,`house_id`,`path`) VALUES ('1','17','/HouseR/images/house/2019-07-20/5d326b5b2f195.jpg'),('1','17','/HouseR/images/house/2019-07-20/5d326b5b2f4e2.jpg'),('1','17','/HouseR/images/house/2019-07-20/5d326b5b2f827.jpg'),('1','17','/HouseR/images/house/2019-07-20/5d326b5b2faba.jpg'),('1','17','/HouseR/images/house/2019-07-20/5d326b5b2fdaa.jpg'),('1','17','/HouseR/images/house/2019-07-20/5d326b5b32088.jpg') [ RunTime:0.0069s ]
INFO: [ app_end ] --START--
INFO: Run Behavior\ShowPageTraceBehavior [ RunTime:0.002016s ]
INFO: [ app_end ] --END-- [ RunTime:0.002101s ]

[ 2019-07-20T09:20:53+08:00 ] 127.0.0.1 /HouseR/index.php/Admin/Index/add_houseImpl.html
INFO: [ app_init ] --START--
INFO: Run Behavior\BuildLiteBehavior [ RunTime:0.000005s ]
INFO: [ app_init ] --END-- [ RunTime:0.000232s ]
INFO: [ app_begin ] --START--
INFO: Run Behavior\ReadHtmlCacheBehavior [ RunTime:0.000361s ]
INFO: [ app_begin ] --END-- [ RunTime:0.000376s ]
SQL: SHOW COLUMNS FROM `house` [ RunTime:0.0087s ]
SQL: INSERT INTO `house` (`title`,`host_id`,`city`,`location`,`address`,`decoration`,`rooms`,`livingRooms`,`bathrooms`,`floor`,`area`,`price`,`czy`,`sf`,`xyj`,`wbl`,`rsq`,`xdg`,`description`,`add_time`) VALUES ('11111','1','3','6','1','1','1','1','1','1','1','1','1','1','1','1','1','1','1','2019-07-20') [ RunTime:0.0038s ]
NOTIC: [8] Undefined variable: data C:\xampp\htdocs\HouseR\Application\Admin\Controller\IndexController.class.php 第 50 行.
NOTIC: [2] call_user_func() expects parameter 1 to be a valid callback, no array or string given C:\xampp\htdocs\HouseR\ThinkPHP\Library\Think\Upload.class.php 第 182 行.
NOTIC: [2] call_user_func() expects parameter 1 to be a valid callback, no array or string given C:\xampp\htdocs\HouseR\ThinkPHP\Library\Think\Upload.class.php 第 182 行.
NOTIC: [2] call_user_func() expects parameter 1 to be a valid callback, no array or string given C:\xampp\htdocs\HouseR\ThinkPHP\Library\Think\Upload.class.php 第 182 行.
NOTIC: [2] call_user_func() expects parameter 1 to be a valid callback, no array or string given C:\xampp\htdocs\HouseR\ThinkPHP\Library\Think\Upload.class.php 第 182 行.
NOTIC: [2] call_user_func() expects parameter 1 to be a valid callback, no array or string given C:\xampp\htdocs\HouseR\ThinkPHP\Library\Think\Upload.class.php 第 182 行.
NOTIC: [2] call_user_func() expects parameter 1 to be a valid callback, no array or string given C:\xampp\htdocs\HouseR\ThinkPHP\Library\Think\Upload.class.php 第 182 行.
SQL: SHOW COLUMNS FROM `image` [ RunTime:0.0031s ]
SQL: INSERT INTO `image` (`top`,`house_id`,`path`) VALUES ('1','18','/HouseR/images/house/2019-07-20/5d326c7520571.jpg'),('0','18','/HouseR/images/house/2019-07-20/5d326c7520881.jpg'),('0','18','/HouseR/images/house/2019-07-20/5d326c7520bc0.jpg'),('0','18','/HouseR/images/house/2019-07-20/5d326c7520ff2.jpg'),('0','18','/HouseR/images/house/2019-07-20/5d326c7521246.jpg'),('0','18','/HouseR/images/house/2019-07-20/5d326c7522c53.jpg') [ RunTime:0.0038s ]
INFO: [ app_end ] --START--
INFO: Run Behavior\ShowPageTraceBehavior [ RunTime:0.000696s ]
INFO: [ app_end ] --END-- [ RunTime:0.000712s ]

[ 2019-07-20T10:13:03+08:00 ] 127.0.0.1 /HouseR/index.php/Admin/Index
INFO: [ app_init ] --START--
INFO: Run Behavior\BuildLiteBehavior [ RunTime:0.000006s ]
INFO: [ app_init ] --END-- [ RunTime:0.000338s ]
INFO: [ app_begin ] --START--
INFO: Run Behavior\ReadHtmlCacheBehavior [ RunTime:0.000661s ]
INFO: [ app_begin ] --END-- [ RunTime:0.000714s ]
INFO: [ view_parse ] --START--
INFO: [ template_filter ] --START--
INFO: Run Behavior\ContentReplaceBehavior [ RunTime:0.000068s ]
INFO: [ template_filter ] --END-- [ RunTime:0.000089s ]
INFO: Run Behavior\ParseTemplateBehavior [ RunTime:0.004262s ]
INFO: [ view_parse ] --END-- [ RunTime:0.004279s ]
INFO: [ view_filter ] --START--
INFO: Run Behavior\WriteHtmlCacheBehavior [ RunTime:0.000198s ]
INFO: [ view_filter ] --END-- [ RunTime:0.000209s ]
INFO: [ app_end ] --START--
INFO: Run Behavior\ShowPageTraceBehavior [ RunTime:0.000365s ]
INFO: [ app_end ] --END-- [ RunTime:0.000377s ]

[ 2019-07-20T10:13:13+08:00 ] 127.0.0.1 /HouseR/index.php/Admin/add_house
INFO: [ app_init ] --START--
INFO: Run Behavior\BuildLiteBehavior [ RunTime:0.000006s ]
INFO: [ app_init ] --END-- [ RunTime:0.000254s ]
INFO: [ app_begin ] --START--
INFO: Run Behavior\ReadHtmlCacheBehavior [ RunTime:0.000401s ]
INFO: [ app_begin ] --END-- [ RunTime:0.000415s ]
ERR: 无法加载控制器:Add_house

[ 2019-07-20T10:13:21+08:00 ] 127.0.0.1 /HouseR/index.php/Admin/Index/add_houseImpl.html
INFO: [ app_init ] --START--
INFO: Run Behavior\BuildLiteBehavior [ RunTime:0.000005s ]
INFO: [ app_init ] --END-- [ RunTime:0.000223s ]
INFO: [ app_begin ] --START--
INFO: Run Behavior\ReadHtmlCacheBehavior [ RunTime:0.000311s ]
INFO: [ app_begin ] --END-- [ RunTime:0.000326s ]
SQL: SHOW COLUMNS FROM `house` [ RunTime:0.0032s ]
ERR: 1452:Cannot add or update a child row: a foreign key constraint fails (`db_hr`.`house`, CONSTRAINT `city` FOREIGN KEY (`city`) REFERENCES `city` (`id`) ON DELETE NO ACTION ON UPDATE NO ACTION)
 [ SQL语句 ] : INSERT INTO `house` (`add_time`) VALUES ('2019-07-20')
ERR: 1452:Cannot add or update a child row: a foreign key constraint fails (`db_hr`.`house`, CONSTRAINT `city` FOREIGN KEY (`city`) REFERENCES `city` (`id`) ON DELETE NO ACTION ON UPDATE NO ACTION)
 [ SQL语句 ] : INSERT INTO `house` (`add_time`) VALUES ('2019-07-20')

[ 2019-07-20T10:13:41+08:00 ] 127.0.0.1 /HouseR/index.php/Admin/Index/house_add.html
INFO: [ app_init ] --START--
INFO: Run Behavior\BuildLiteBehavior [ RunTime:0.000007s ]
INFO: [ app_init ] --END-- [ RunTime:0.000210s ]
INFO: [ app_begin ] --START--
INFO: Run Behavior\ReadHtmlCacheBehavior [ RunTime:0.000299s ]
INFO: [ app_begin ] --END-- [ RunTime:0.000314s ]
SQL: SHOW COLUMNS FROM `city` [ RunTime:0.0016s ]
SQL: SELECT * FROM `city` WHERE ( type=2 )  [ RunTime:0.0002s ]
SQL: SELECT * FROM `city` WHERE ( type=3 )  [ RunTime:0.0002s ]
INFO: [ view_parse ] --START--
INFO: [ template_filter ] --START--
INFO: Run Behavior\ContentReplaceBehavior [ RunTime:0.000050s ]
INFO: [ template_filter ] --END-- [ RunTime:0.000064s ]
INFO: Run Behavior\ParseTemplateBehavior [ RunTime:0.003942s ]
INFO: [ view_parse ] --END-- [ RunTime:0.003958s ]
INFO: [ view_filter ] --START--
INFO: Run Behavior\WriteHtmlCacheBehavior [ RunTime:0.000295s ]
INFO: [ view_filter ] --END-- [ RunTime:0.000320s ]
INFO: [ app_end ] --START--
INFO: Run Behavior\ShowPageTraceBehavior [ RunTime:0.000880s ]
INFO: [ app_end ] --END-- [ RunTime:0.000954s ]

[ 2019-07-20T10:14:15+08:00 ] 127.0.0.1 /HouseR/index.php/Admin/Index/house_add.html
INFO: [ app_init ] --START--
INFO: Run Behavior\BuildLiteBehavior [ RunTime:0.000007s ]
INFO: [ app_init ] --END-- [ RunTime:0.000304s ]
INFO: [ app_begin ] --START--
INFO: Run Behavior\ReadHtmlCacheBehavior [ RunTime:0.000927s ]
INFO: [ app_begin ] --END-- [ RunTime:0.000960s ]
SQL: SHOW COLUMNS FROM `city` [ RunTime:0.0017s ]
SQL: SELECT * FROM `city` WHERE ( type=2 )  [ RunTime:0.0002s ]
SQL: SELECT * FROM `city` WHERE ( type=3 )  [ RunTime:0.0002s ]
INFO: [ view_parse ] --START--
INFO: [ template_filter ] --START--
INFO: Run Behavior\ContentReplaceBehavior [ RunTime:0.000051s ]
INFO: [ template_filter ] --END-- [ RunTime:0.000066s ]
INFO: Run Behavior\ParseTemplateBehavior [ RunTime:0.003675s ]
INFO: [ view_parse ] --END-- [ RunTime:0.003690s ]
INFO: [ view_filter ] --START--
INFO: Run Behavior\WriteHtmlCacheBehavior [ RunTime:0.000155s ]
INFO: [ view_filter ] --END-- [ RunTime:0.000166s ]
INFO: [ app_end ] --START--
INFO: Run Behavior\ShowPageTraceBehavior [ RunTime:0.000346s ]
INFO: [ app_end ] --END-- [ RunTime:0.000360s ]

[ 2019-07-20T10:14:50+08:00 ] 127.0.0.1 /HouseR/index.php/Admin/Index/house_add.html
INFO: [ app_init ] --START--
INFO: Run Behavior\BuildLiteBehavior [ RunTime:0.000005s ]
INFO: [ app_init ] --END-- [ RunTime:0.000225s ]
INFO: [ app_begin ] --START--
INFO: Run Behavior\ReadHtmlCacheBehavior [ RunTime:0.000326s ]
INFO: [ app_begin ] --END-- [ RunTime:0.000342s ]
SQL: SHOW COLUMNS FROM `city` [ RunTime:0.0071s ]
SQL: SELECT * FROM `city` WHERE ( type=2 )  [ RunTime:0.0003s ]
SQL: SELECT * FROM `city` WHERE ( type=3 )  [ RunTime:0.0003s ]
INFO: [ view_parse ] --START--
INFO: [ template_filter ] --START--
INFO: Run Behavior\ContentReplaceBehavior [ RunTime:0.000053s ]
INFO: [ template_filter ] --END-- [ RunTime:0.000074s ]
INFO: Run Behavior\ParseTemplateBehavior [ RunTime:0.005491s ]
INFO: [ view_parse ] --END-- [ RunTime:0.005508s ]
INFO: [ view_filter ] --START--
INFO: Run Behavior\WriteHtmlCacheBehavior [ RunTime:0.000167s ]
INFO: [ view_filter ] --END-- [ RunTime:0.000178s ]
INFO: [ app_end ] --START--
INFO: Run Behavior\ShowPageTraceBehavior [ RunTime:0.000360s ]
INFO: [ app_end ] --END-- [ RunTime:0.000374s ]

[ 2019-07-20T15:18:11+08:00 ] 127.0.0.1 /HouseR/index.php/Admin/Index/house_add.html
INFO: [ app_init ] --START--
INFO: Run Behavior\BuildLiteBehavior [ RunTime:0.000005s ]
INFO: [ app_init ] --END-- [ RunTime:0.000245s ]
INFO: [ app_begin ] --START--
INFO: Run Behavior\ReadHtmlCacheBehavior [ RunTime:0.000344s ]
INFO: [ app_begin ] --END-- [ RunTime:0.000360s ]
SQL: SHOW COLUMNS FROM `city` [ RunTime:0.0064s ]
SQL: SELECT * FROM `city` WHERE ( type=2 )  [ RunTime:0.0003s ]
SQL: SELECT * FROM `city` WHERE ( type=3 )  [ RunTime:0.0002s ]
INFO: [ view_parse ] --START--
INFO: [ template_filter ] --START--
INFO: Run Behavior\ContentReplaceBehavior [ RunTime:0.000059s ]
INFO: [ template_filter ] --END-- [ RunTime:0.000080s ]
INFO: Run Behavior\ParseTemplateBehavior [ RunTime:0.003682s ]
INFO: [ view_parse ] --END-- [ RunTime:0.003700s ]
INFO: [ view_filter ] --START--
INFO: Run Behavior\WriteHtmlCacheBehavior [ RunTime:0.000182s ]
INFO: [ view_filter ] --END-- [ RunTime:0.000194s ]
INFO: [ app_end ] --START--
INFO: Run Behavior\ShowPageTraceBehavior [ RunTime:0.001232s ]
INFO: [ app_end ] --END-- [ RunTime:0.001262s ]

[ 2019-07-20T15:18:11+08:00 ] 127.0.0.1 /HouseR/index.php/Admin/Index/house_add.html
INFO: [ app_init ] --START--
INFO: Run Behavior\BuildLiteBehavior [ RunTime:0.000004s ]
INFO: [ app_init ] --END-- [ RunTime:0.000275s ]
INFO: [ app_begin ] --START--
INFO: Run Behavior\ReadHtmlCacheBehavior [ RunTime:0.000488s ]
INFO: [ app_begin ] --END-- [ RunTime:0.000507s ]
SQL: SHOW COLUMNS FROM `city` [ RunTime:0.0019s ]
SQL: SELECT * FROM `city` WHERE ( type=2 )  [ RunTime:0.0002s ]
SQL: SELECT * FROM `city` WHERE ( type=3 )  [ RunTime:0.0001s ]
INFO: [ view_parse ] --START--
INFO: [ template_filter ] --START--
INFO: Run Behavior\ContentReplaceBehavior [ RunTime:0.000095s ]
INFO: [ template_filter ] --END-- [ RunTime:0.000118s ]
INFO: Run Behavior\ParseTemplateBehavior [ RunTime:0.006256s ]
INFO: [ view_parse ] --END-- [ RunTime:0.006284s ]
INFO: [ view_filter ] --START--
INFO: Run Behavior\WriteHtmlCacheBehavior [ RunTime:0.000353s ]
INFO: [ view_filter ] --END-- [ RunTime:0.000368s ]
INFO: [ app_end ] --START--
INFO: Run Behavior\ShowPageTraceBehavior [ RunTime:0.000702s ]
INFO: [ app_end ] --END-- [ RunTime:0.000719s ]

[ 2019-07-20T15:18:12+08:00 ] 127.0.0.1 /HouseR/index.php/Admin/Index/house_add.html
INFO: [ app_init ] --START--
INFO: Run Behavior\BuildLiteBehavior [ RunTime:0.000007s ]
INFO: [ app_init ] --END-- [ RunTime:0.000342s ]
INFO: [ app_begin ] --START--
INFO: Run Behavior\ReadHtmlCacheBehavior [ RunTime:0.000423s ]
INFO: [ app_begin ] --END-- [ RunTime:0.000445s ]
SQL: SHOW COLUMNS FROM `city` [ RunTime:0.0019s ]
SQL: SELECT * FROM `city` WHERE ( type=2 )  [ RunTime:0.0002s ]
SQL: SELECT * FROM `city` WHERE ( type=3 )  [ RunTime:0.0002s ]
INFO: [ view_parse ] --START--
INFO: [ template_filter ] --START--
INFO: Run Behavior\ContentReplaceBehavior [ RunTime:0.000050s ]
INFO: [ template_filter ] --END-- [ RunTime:0.000064s ]
INFO: Run Behavior\ParseTemplateBehavior [ RunTime:0.003584s ]
INFO: [ view_parse ] --END-- [ RunTime:0.003598s ]
INFO: [ view_filter ] --START--
INFO: Run Behavior\WriteHtmlCacheBehavior [ RunTime:0.000156s ]
INFO: [ view_filter ] --END-- [ RunTime:0.000167s ]
INFO: [ app_end ] --START--
INFO: Run Behavior\ShowPageTraceBehavior [ RunTime:0.000534s ]
INFO: [ app_end ] --END-- [ RunTime:0.000547s ]

[ 2019-07-20T21:03:38+08:00 ] 127.0.0.1 /HouseR/Admin/index/house_add
INFO: [ app_init ] --START--
INFO: Run Behavior\BuildLiteBehavior [ RunTime:0.000008s ]
INFO: [ app_init ] --END-- [ RunTime:0.000485s ]
INFO: [ app_begin ] --START--
INFO: Run Behavior\ReadHtmlCacheBehavior [ RunTime:0.001553s ]
INFO: [ app_begin ] --END-- [ RunTime:0.001687s ]
SQL: SHOW COLUMNS FROM `city` [ RunTime:0.0397s ]
SQL: SELECT * FROM `city` WHERE ( type=2 )  [ RunTime:0.0004s ]
SQL: SELECT * FROM `city` WHERE ( type=3 )  [ RunTime:0.0003s ]
INFO: [ view_parse ] --START--
INFO: [ template_filter ] --START--
INFO: Run Behavior\ContentReplaceBehavior [ RunTime:0.000106s ]
INFO: [ template_filter ] --END-- [ RunTime:0.000167s ]
INFO: Run Behavior\ParseTemplateBehavior [ RunTime:0.048822s ]
INFO: [ view_parse ] --END-- [ RunTime:0.048870s ]
INFO: [ view_filter ] --START--
INFO: Run Behavior\WriteHtmlCacheBehavior [ RunTime:0.000943s ]
INFO: [ view_filter ] --END-- [ RunTime:0.000979s ]
INFO: [ app_end ] --START--
INFO: Run Behavior\ShowPageTraceBehavior [ RunTime:0.002669s ]
INFO: [ app_end ] --END-- [ RunTime:0.002767s ]

[ 2019-07-20T21:03:57+08:00 ] 127.0.0.1 /HouseR/admin/index/get_city?city_id=3
INFO: [ app_init ] --START--
INFO: Run Behavior\BuildLiteBehavior [ RunTime:0.000024s ]
INFO: [ app_init ] --END-- [ RunTime:0.001343s ]
INFO: [ app_begin ] --START--
INFO: Run Behavior\ReadHtmlCacheBehavior [ RunTime:0.001260s ]
INFO: [ app_begin ] --END-- [ RunTime:0.001294s ]
SQL: SHOW COLUMNS FROM `city` [ RunTime:0.0246s ]
SQL: SELECT * FROM `city` WHERE ( pid=3 )  [ RunTime:0.0003s ]
INFO: [ app_end ] --START--
INFO: Run Behavior\ShowPageTraceBehavior [ RunTime:0.001434s ]
INFO: [ app_end ] --END-- [ RunTime:0.001474s ]

[ 2019-07-20T21:04:11+08:00 ] 127.0.0.1 /HouseR/admin/index/get_city?city_id=3
INFO: [ app_init ] --START--
INFO: Run Behavior\BuildLiteBehavior [ RunTime:0.000012s ]
INFO: [ app_init ] --END-- [ RunTime:0.000563s ]
INFO: [ app_begin ] --START--
INFO: Run Behavior\ReadHtmlCacheBehavior [ RunTime:0.000854s ]
INFO: [ app_begin ] --END-- [ RunTime:0.000880s ]
SQL: SHOW COLUMNS FROM `city` [ RunTime:0.0837s ]
SQL: SELECT * FROM `city` WHERE ( pid=3 )  [ RunTime:0.0003s ]
INFO: [ app_end ] --START--
INFO: Run Behavior\ShowPageTraceBehavior [ RunTime:0.001372s ]
INFO: [ app_end ] --END-- [ RunTime:0.001424s ]

[ 2019-07-20T21:04:55+08:00 ] 127.0.0.1 /HouseR/index.php/Admin/Index/add_houseImpl.html
INFO: [ app_init ] --START--
INFO: Run Behavior\BuildLiteBehavior [ RunTime:0.000007s ]
INFO: [ app_init ] --END-- [ RunTime:0.000403s ]
INFO: [ app_begin ] --START--
INFO: Run Behavior\ReadHtmlCacheBehavior [ RunTime:0.000757s ]
INFO: [ app_begin ] --END-- [ RunTime:0.000782s ]
SQL: SHOW COLUMNS FROM `house` [ RunTime:0.0139s ]
SQL: INSERT INTO `house` (`title`,`host_id`,`city`,`location`,`address`,`decoration`,`rooms`,`livingRooms`,`bathrooms`,`floor`,`area`,`price`,`bed`,`kt`,`kd`,`yg`,`rsq`,`description`,`add_time`) VALUES ('空嘎嘎嘎嘎嘎嘎嘎嘎嘎嘎嘎','1','3','6','电子科技大学中山学院','3','1','1','1','8','120','8000','1','1','1','1','1','略略略略略略略略略略略略略略略略略略略略略略略略略略略略略略略略略略略略略略略略略略略略略略略略略略略略略略略略略略略略略略略略略略略略略略略略略略略略略略略略略略略略略略略略略略略略略略略略略略略略略略略略略略略略略略略略略略略略略略略略略略略略略略略略略略略略略略略略略略略略略略略略略略略略略略略略略略略略略略略略略略略略略略略略略略略略略略略略略略略略略略略略略略略略略略略略略略略略略略略略略略略略略略略略略略略略略略略略略略略略略略略略略略略略略略略略略略略略略略略略略略略略略略略略略略略略略略略略略略略略略略略略略略略略略略略略略略略略略略略略略略略略略略略略略略略略略略略略略略略略略略略略略略略略略略略略略略略略略略略略略略略略略略略略略略略略略略略略略略略略略略略略略略略略略略略略略略略略略略略略略','2019-07-20') [ RunTime:0.0814s ]
NOTIC: [8] Undefined variable: data D:\xampp\htdocs\HouseR\Application\Admin\Controller\IndexController.class.php 第 50 行.
NOTIC: [2] call_user_func() expects parameter 1 to be a valid callback, no array or string given D:\xampp\htdocs\HouseR\ThinkPHP\Library\Think\Upload.class.php 第 182 行.
NOTIC: [2] call_user_func() expects parameter 1 to be a valid callback, no array or string given D:\xampp\htdocs\HouseR\ThinkPHP\Library\Think\Upload.class.php 第 182 行.
NOTIC: [2] call_user_func() expects parameter 1 to be a valid callback, no array or string given D:\xampp\htdocs\HouseR\ThinkPHP\Library\Think\Upload.class.php 第 182 行.
SQL: SHOW COLUMNS FROM `image` [ RunTime:0.0122s ]
SQL: INSERT INTO `image` (`top`,`house_id`,`path`) VALUES ('1','12','/HouseR/images/house/2019-07-20/5d331177727d1.jpg'),('0','12','/HouseR/images/house/2019-07-20/5d33117774130.jpg'),('0','12','/HouseR/images/house/2019-07-20/5d33117774a7c.jpg') [ RunTime:0.0718s ]
INFO: [ app_end ] --START--
INFO: Run Behavior\ShowPageTraceBehavior [ RunTime:0.002244s ]
INFO: [ app_end ] --END-- [ RunTime:0.002276s ]

[ 2019-07-20T21:12:30+08:00 ] 127.0.0.1 //HouseR/Admin/index/house_add
INFO: [ app_init ] --START--
INFO: Run Behavior\BuildLiteBehavior [ RunTime:0.000008s ]
INFO: [ app_init ] --END-- [ RunTime:0.000577s ]
INFO: [ app_begin ] --START--
INFO: Run Behavior\ReadHtmlCacheBehavior [ RunTime:0.004066s ]
INFO: [ app_begin ] --END-- [ RunTime:0.004132s ]
ERR: syntax error, unexpected '}', expecting ',' or ';'

[ 2019-07-20T21:12:41+08:00 ] 127.0.0.1 //HouseR/Admin/index/house_add
INFO: [ app_init ] --START--
INFO: Run Behavior\BuildLiteBehavior [ RunTime:0.000008s ]
INFO: [ app_init ] --END-- [ RunTime:0.000603s ]
INFO: [ app_begin ] --START--
INFO: Run Behavior\ReadHtmlCacheBehavior [ RunTime:0.002096s ]
INFO: [ app_begin ] --END-- [ RunTime:0.002169s ]
SQL: SHOW COLUMNS FROM `city` [ RunTime:0.0339s ]
SQL: SELECT * FROM `city` WHERE ( type=2 )  [ RunTime:0.0003s ]
SQL: SELECT * FROM `city` WHERE ( type=3 )  [ RunTime:0.0002s ]
INFO: [ view_parse ] --START--
INFO: [ template_filter ] --START--
INFO: Run Behavior\ContentReplaceBehavior [ RunTime:0.000095s ]
INFO: [ template_filter ] --END-- [ RunTime:0.000135s ]
INFO: Run Behavior\ParseTemplateBehavior [ RunTime:0.039447s ]
INFO: [ view_parse ] --END-- [ RunTime:0.039487s ]
INFO: [ view_filter ] --START--
INFO: Run Behavior\WriteHtmlCacheBehavior [ RunTime:0.001342s ]
INFO: [ view_filter ] --END-- [ RunTime:0.001371s ]
INFO: [ app_end ] --START--
INFO: Run Behavior\ShowPageTraceBehavior [ RunTime:0.002119s ]
INFO: [ app_end ] --END-- [ RunTime:0.002170s ]

